
***admin 8_______________________________
chown: invalid user: `terminal:terminal'
Error open input file: No such file or directory
execution error

***admin 2_______________________________
chown: invalid user: `terminal:terminal'
Error open input file: No such file or directory
execution error

***admin 2_______________________________
chown: invalid user: `terminal:terminal'
Error open input file: No such file or directory
execution error

***abc 1_______________________________
chown: invalid user: `terminal:terminal'
Error open input file: No such file or directory
execution error

***admin 2_______________________________
chown: invalid user: `terminal:terminal'
Error open input file: No such file or directory
execution error

***admin 2_______________________________
chown: invalid user: `terminal:terminal'
Error open input file: No such file or directory
execution error

***admin 2_______________________________
chown: invalid user: `terminal:terminal'
Error open input file: No such file or directory
execution error

***abc 1_______________________________
chown: invalid user: `terminal:terminal'
Error open input file: No such file or directory
execution error

***abc 1_______________________________
chown: invalid user: `terminal:terminal'
Error open input file: No such file or directory
execution error

***admin 2_______________________________
chown: invalid user: `terminal:terminal'
Error open input file: No such file or directory
execution error

***abc 1_______________________________
chown: invalid user: `terminal:terminal'
Error open input file: No such file or directory
execution error

***abc 2_______________________________

***admin 2_______________________________
chown: invalid user: `terminal:terminal'
Error open input file: No such file or directory
execution error
chown: invalid user: `terminal:terminal'
Error open input file: No such file or directory
execution error

***admin 2_______________________________
chown: invalid user: `terminal:terminal'
Error open input file: No such file or directory
execution error

***admin 2_______________________________
chown: invalid user: `terminal:terminal'
Error open input file: No such file or directory
execution error

***admin 8_______________________________
chown: invalid user: `terminal:terminal'
Error open input file: No such file or directory
execution error

***admin 1_______________________________
chown: invalid user: `terminal:terminal'
run time error
***admin 8_______________________________
chown: invalid user: `terminal:terminal'
time excd

***admin 8_______________________________
chown: invalid user: `terminal:terminal'
Execution Time:2.13285
right
***admin 7_______________________________
chown: invalid user: `terminal:terminal'
Execution Time:3.61399
right
***admin 5_______________________________
chown: invalid user: `terminal:terminal'
run time error
***admin 6_______________________________
chown: invalid user: `terminal:terminal'
time excd

***admin 6_______________________________
chown: invalid user: `terminal:terminal'
Execution Time:1.17978
right
***admin 2_______________________________
chown: invalid user: `terminal:terminal'
Execution Time:0.367539
right
***admin 6_______________________________
chown: invalid user: `terminal:terminal'
Execution Time:1.13676
right
***admin 4_______________________________
chown: invalid user: `terminal:terminal'
time excd

***admin 4_______________________________
chown: invalid user: `terminal:terminal'
time excd

***admin 4_______________________________
chown: invalid user: `terminal:terminal'
Execution Time:1.92436
right
***admin 1_______________________________
chown: invalid user: `terminal:terminal'
run time error
***admin 3_______________________________
chown: invalid user: `terminal:terminal'
run time error
***admin 3_______________________________
chown: invalid user: `terminal:terminal'
Execution Time:0.023846
right
***admin 1_______________________________
chown: invalid user: `terminal:terminal'
Execution Time:0.517418
right

***admin 1_______________________________
chown: invalid user: `terminal:terminal'
time excd

***admin 1_______________________________
chown: invalid user: `terminal:terminal'
Execution Time:0.801818
right
***robotics 1_______________________________
chown: invalid user: `terminal:terminal'
Execution Time:0.067729
Error kill:: No such process

***robotics 1_______________________________
chown: invalid user: `terminal:terminal'
Execution Time:0.139858
Error kill:: No such process

***robotics 1_______________________________
chown: invalid user: `terminal:terminal'
Execution Time:0.066523
Error kill:: No such process

***robotics 1_______________________________
chown: invalid user: `terminal:terminal'
Execution Time:0.120276
Error kill:: No such process

***robotics 1_______________________________
chown: invalid user: `terminal:terminal'
Execution Time:0.109737
Error kill:: No such process

***robotics 1_______________________________
chown: invalid user: `terminal:terminal'
Execution Time:0.121796
Error kill:: No such process

***robotics 1_______________________________
chown: invalid user: `terminal:terminal'
Execution Time:0.057064
Error kill:: No such process

***robotics 3_______________________________
chown: invalid user: `terminal:terminal'
time excd

***robotics 1_______________________________
chown: invalid user: `terminal:terminal'
Execution Time:0.115874
Error kill:: No such process

***robotics 1_______________________________
chown: invalid user: `terminal:terminal'
Execution Time:0.103465
Error kill:: No such process

***HUNTERS 1_______________________________
chown: invalid user: `terminal:terminal'
Execution Time:0.542628
Error kill:: No such process

***HUNTERS 1_______________________________
chown: invalid user: `terminal:terminal'
Execution Time:0.569074
Error kill:: No such process

***HUNTERS 1_______________________________
chown: invalid user: `terminal:terminal'
Execution Time:0.587459
Error kill:: No such process

***haybale 1_______________________________
chown: invalid user: `terminal:terminal'
Execution Time:0.057788
Error kill:: No such process

***HUNTERS 1_______________________________
chown: invalid user: `terminal:terminal'
Execution Time:0.560243
Error kill:: No such process

***haybale 1_______________________________
chown: invalid user: `terminal:terminal'
Execution Time:0.052533
Error kill:: No such process

***HUNTERS 1_______________________________
chown: invalid user: `terminal:terminal'
Execution Time:0.567914
Error kill:: No such process

***code_it 1_______________________________

***ATHARVA 7_______________________________
chown: invalid user: `terminal:terminal'
chown: invalid user: `terminal:terminal'
time excd
Execution Time:0.754279
wrong

***haybale 1_______________________________
chown: invalid user: `terminal:terminal'
Execution Time:0.098659
Error kill:: No such process

***winners 3_______________________________
code/winners/3/3.cpp: In function 'int main()':
code/winners/3/3.cpp:21:23: warning: format '%d' expects argument of type 'int', but argument 2 has type 'long long int' [-Wformat]
chown: invalid user: `terminal:terminal'
Execution Time:0.014162
right
***HUNTERS 1_______________________________
chown: invalid user: `terminal:terminal'
time excd

***Lilliputs 1_______________________________
chown: invalid user: `terminal:terminal'
Execution Time:0.102355
Error kill:: No such process

***Lilliputs 1_______________________________
chown: invalid user: `terminal:terminal'
Execution Time:0.116424
Error kill:: No such process

***Lilliputs 1_______________________________
chown: invalid user: `terminal:terminal'
Execution Time:0.111165
Error kill:: No such process

***Lilliputs 2_______________________________
chown: invalid user: `terminal:terminal'
time excd

***robotics 1_______________________________
chown: invalid user: `terminal:terminal'
Execution Time:0.079891
Error kill:: No such process

***haybale 1_______________________________
chown: invalid user: `terminal:terminal'
Execution Time:0.079254
Error kill:: No such process

***haybale 1_______________________________
chown: invalid user: `terminal:terminal'
Execution Time:0.053161
Error kill:: No such process

***haybale 1_______________________________
chown: invalid user: `terminal:terminal'
Execution Time:0.054835
Error kill:: No such process

***haybale 2_______________________________
chown: invalid user: `terminal:terminal'
time excd

***haybale 1_______________________________
chown: invalid user: `terminal:terminal'
Execution Time:0.092501
Error kill:: No such process

***ATHARVA 7_______________________________
chown: invalid user: `terminal:terminal'
Execution Time:0.567699
wrong

***BPTroll 1_______________________________
chown: invalid user: `terminal:terminal'
Execution Time:0.026141
Error kill:: No such process

***Electrodes 1_______________________________
chown: invalid user: `terminal:terminal'
Execution Time:0.065579
Error kill:: No such process

***BPTroll 1_______________________________
chown: invalid user: `terminal:terminal'
Execution Time:0.059073
Error kill:: No such process

***d3ViLHuN8r 1_______________________________
chown: invalid user: `terminal:terminal'
Execution Time:0.111345
Error kill:: No such process

***admin 1_______________________________
chown: invalid user: `terminal:terminal'

***Electrodes 1_______________________________
Execution Time:0.840566
rightchown: invalid user: `terminal:terminal'
Execution Time:0.110154
Error kill:: No such process

***Adhokshaja 8_______________________________
chown: invalid user: `terminal:terminal'
Execution Time:0.405145
wrong

***haybale 1_______________________________
chown: invalid user: `terminal:terminal'
Execution Time:0.056068
Error kill:: No such process

***fleur 2_______________________________
chown: invalid user: `terminal:terminal'
run time error
***d3ViLHuN8r 1_______________________________
chown: invalid user: `terminal:terminal'
Execution Time:0.061581
Error kill:: No such process

***d3ViLHuN8r 1_______________________________
chown: invalid user: `terminal:terminal'
Execution Time:0.056485
Error kill:: No such process

***BPTroll 1_______________________________
chown: invalid user: `terminal:terminal'
Execution Time:0.025562
Error kill:: No such process

***Electrodes 1_______________________________
chown: invalid user: `terminal:terminal'
Execution Time:0.060702
Error kill:: No such process

***watson 7_______________________________
chown: invalid user: `terminal:terminal'
time excd

***HUNTERS 2_______________________________
chown: invalid user: `terminal:terminal'
time excd

***fleur 2_______________________________
chown: invalid user: `terminal:terminal'
run time error
***Newbies 2_______________________________
chown: invalid user: `terminal:terminal'
Execution Time:0.413695
wrong

***tech_monster 1_______________________________
chown: invalid user: `terminal:terminal'
Execution Time:0.050973
Error kill:: No such process

***admin 1_______________________________
chown: invalid user: `terminal:terminal'
Execution Time:0.066117
Error kill:: No such process

***tech_monster 1_______________________________
chown: invalid user: `terminal:terminal'
Execution Time:0.111871
Error kill:: No such process

***tech_monster 1_______________________________
chown: invalid user: `terminal:terminal'
Execution Time:0.054301
Error kill:: No such process

***admin 1_______________________________
chown: invalid user: `terminal:terminal'
Execution Time:0.086884
Error kill:: No such process

***Lilliputs 1_______________________________
chown: invalid user: `terminal:terminal'
Execution Time:0.055287
Error kill:: No such process

***admin 1_______________________________
chown: invalid user: `terminal:terminal'
Execution Time:0.063827
Error kill:: No such process

***HUNTERS 2_______________________________
chown: invalid user: `terminal:terminal'
time excd

***HUNTERS 2_______________________________
chown: invalid user: `terminal:terminal'
time excd

***haybale 1_______________________________
chown: invalid user: `terminal:terminal'
Execution Time:0.05216
Error kill:: No such process

***tech_monster 1_______________________________
chown: invalid user: `terminal:terminal'
Execution Time:0.058181
Error kill:: No such process

***UNKNOWN 1_______________________________
chown: invalid user: `terminal:terminal'
Execution Time:0.136587
Error kill:: No such process

***ATHARVA 7_______________________________
chown: invalid user: `terminal:terminal'
Execution Time:0.023793
wrong

***ATHARVA 7_______________________________
chown: invalid user: `terminal:terminal'
Execution Time:0.007255
wrong

***HUNTERS 1_______________________________
chown: invalid user: `terminal:terminal'
Execution Time:0.052257
Error kill:: No such process

***robotics 1_______________________________
chown: invalid user: `terminal:terminal'
Execution Time:0.052324
Error kill:: No such process

***admin 9_______________________________
chown: invalid user: `terminal:terminal'
Execution Time:0.070445
Error kill:: No such process

***Reincarnation 2_______________________________
chown: invalid user: `terminal:terminal'
time excd

***assassins 1_______________________________
chown: invalid user: `terminal:terminal'

***admin 9_______________________________
time excd
chown: invalid user: `terminal:terminal'
Execution Time:0.52236
right
***d3ViLHuN8r 2_______________________________
chown: invalid user: `terminal:terminal'
Execution Time:0.005366
wrong

***mcadoers 6_______________________________
chown: invalid user: `terminal:terminal'
run time error
***UNKNOWN 1_______________________________
chown: invalid user: `terminal:terminal'
Execution Time:0.071802
Error kill:: No such process

***Lilliputs 1_______________________________
chown: invalid user: `terminal:terminal'
Execution Time:0.058466
Error kill:: No such process

***fleur 2_______________________________
chown: invalid user: `terminal:terminal'
run time error
***imcp 1_______________________________
code/imcp/1/imcp.c:2:18: fatal error: conio.h: No such file or directory
compilation terminated.
compile err
***blink 6_______________________________
chown: invalid user: `terminal:terminal'
time excd

***blink 6_______________________________
chown: invalid user: `terminal:terminal'
time excd

***mcadoers 6_______________________________
chown: invalid user: `terminal:terminal'
run time error
***BPTroll 6_______________________________
chown: invalid user: `terminal:terminal'
run time error
***BPTroll 6_______________________________
chown: invalid user: `terminal:terminal'
run time error
***haybale 1_______________________________
chown: invalid user: `terminal:terminal'
Execution Time:0.051488
Error kill:: No such process

***ATHARVA 7_______________________________
chown: invalid user: `terminal:terminal'
Execution Time:0.007247
wrong

***fleur 2_______________________________
chown: invalid user: `terminal:terminal'
time excd

***fleur 2_______________________________
chown: invalid user: `terminal:terminal'
run time error
***Blue_Devils 1_______________________________

***fleur 2_______________________________
chown: invalid user: `terminal:terminal'
/usr/bin/ld: reopening ./jail/exe: Text file busy

/usr/bin/ld: final link failed: Text file busy
collect2: ld returned 1 exit status
compile errtime excd

***horizon 1_______________________________
chown: invalid user: `terminal:terminal'
Execution Time:0.975812
right
***assassins 1_______________________________
chown: invalid user: `terminal:terminal'
time excd

***d3ViLHuN8r 1_______________________________
chown: invalid user: `terminal:terminal'
Execution Time:0.056464
Error kill:: No such process

***ATHARVA 7_______________________________
chown: invalid user: `terminal:terminal'
Execution Time:0.415771
wrong

***code_it 1_______________________________
chown: invalid user: `terminal:terminal'
time excd

***robotics 1_______________________________
chown: invalid user: `terminal:terminal'
Execution Time:0.054997

***goblins 6_______________________________
Error kill:: No such process
chown: invalid user: `terminal:terminal'

***BPTroll 1_______________________________
chown: invalid user: `terminal:terminal'
Execution Time:0.074452
Error kill:: No such process
time excd

***tech_monster 1_______________________________
chown: invalid user: `terminal:terminal'
Execution Time:0.052546
Error kill:: No such process

***HUNTERS 1_______________________________
chown: invalid user: `terminal:terminal'
Execution Time:0.054244
Error kill:: No such process

***Lilliputs 1_______________________________
chown: invalid user: `terminal:terminal'
Execution Time:0.058501
Error kill:: No such process

***Electrodes 1_______________________________
chown: invalid user: `terminal:terminal'
Execution Time:0.064908
Error kill:: No such process

***inception 2_______________________________
chown: invalid user: `terminal:terminal'
Execution Time:0.258568
wrong

***blink 6_______________________________
chown: invalid user: `terminal:terminal'
time excd

***blink 6_______________________________
chown: invalid user: `terminal:terminal'
time excd

***winners 4_______________________________
chown: invalid user: `terminal:terminal'
Execution Time:1.1953
wrong

***KanpurKcoders 1_______________________________
chown: invalid user: `terminal:terminal'
Execution Time:0.052584
Error kill:: No such process

***imcp 2_______________________________
code/imcp/2/imcp2.c:2:11: error: '::main' must return 'int'
code/imcp/2/imcp2.c: In function 'int main()':
code/imcp/2/imcp2.c:6:21: warning: format '%d' expects argument of type 'int*', but argument 2 has type 'int' [-Wformat]
code/imcp/2/imcp2.c:6:21: warning: format '%d' expects argument of type 'int*', but argument 3 has type 'int' [-Wformat]
code/imcp/2/imcp2.c:6:21: warning: format '%d' expects argument of type 'int*', but argument 4 has type 'int' [-Wformat]
code/imcp/2/imcp2.c:6:22: error: expected '}' at end of input
compile err
***imcp 3_______________________________
code/imcp/3/imcp.c:2:18: fatal error: conio.h: No such file or directory
compilation terminated.
compile err
***inception 2_______________________________
chown: invalid user: `terminal:terminal'
Execution Time:0.247415
wrong

***robotics 1_______________________________
chown: invalid user: `terminal:terminal'
Execution Time:0.053459
Error kill:: No such process

***imcp 4_______________________________
code/imcp/4/imcp2.c:2:11: error: '::main' must return 'int'
code/imcp/4/imcp2.c: In function 'int main()':
code/imcp/4/imcp2.c:6:21: warning: format '%d' expects argument of type 'int*', but argument 2 has type 'int' [-Wformat]
code/imcp/4/imcp2.c:6:21: warning: format '%d' expects argument of type 'int*', but argument 3 has type 'int' [-Wformat]
code/imcp/4/imcp2.c:6:21: warning: format '%d' expects argument of type 'int*', but argument 4 has type 'int' [-Wformat]
code/imcp/4/imcp2.c:6:22: error: expected '}' at end of input
compile err
***Blue_Devils 1_______________________________
chown: invalid user: `terminal:terminal'
time excd

***winners 1_______________________________
chown: invalid user: `terminal:terminal'
Execution Time:0.058502
Error kill:: No such process

***imcp 5_______________________________
code/imcp/5/imcp2.c:2:11: error: '::main' must return 'int'
code/imcp/5/imcp2.c: In function 'int main()':
code/imcp/5/imcp2.c:6:21: warning: format '%d' expects argument of type 'int*', but argument 2 has type 'int' [-Wformat]
code/imcp/5/imcp2.c:6:21: warning: format '%d' expects argument of type 'int*', but argument 3 has type 'int' [-Wformat]
code/imcp/5/imcp2.c:6:21: warning: format '%d' expects argument of type 'int*', but argument 4 has type 'int' [-Wformat]
code/imcp/5/imcp2.c:6:22: error: expected '}' at end of input
compile err
***imcp 6_______________________________
code/imcp/6/imcp2.c:2:11: error: '::main' must return 'int'
code/imcp/6/imcp2.c: In function 'int main()':
code/imcp/6/imcp2.c:6:21: warning: format '%d' expects argument of type 'int*', but argument 2 has type 'int' [-Wformat]
code/imcp/6/imcp2.c:6:21: warning: format '%d' expects argument of type 'int*', but argument 3 has type 'int' [-Wformat]
code/imcp/6/imcp2.c:6:21: warning: format '%d' expects argument of type 'int*', but argument 4 has type 'int' [-Wformat]
code/imcp/6/imcp2.c:6:22: error: expected '}' at end of input
compile err
***imcp 8_______________________________
code/imcp/8/imcp2.c:2:11: error: '::main' must return 'int'
code/imcp/8/imcp2.c: In function 'int main()':
code/imcp/8/imcp2.c:6:21: warning: format '%d' expects argument of type 'int*', but argument 2 has type 'int' [-Wformat]
code/imcp/8/imcp2.c:6:21: warning: format '%d' expects argument of type 'int*', but argument 3 has type 'int' [-Wformat]
code/imcp/8/imcp2.c:6:21: warning: format '%d' expects argument of type 'int*', but argument 4 has type 'int' [-Wformat]
code/imcp/8/imcp2.c:6:22: error: expected '}' at end of input
compile err
***imcp 9_______________________________
code/imcp/9/imcp2.c:2:11: error: '::main' must return 'int'
code/imcp/9/imcp2.c: In function 'int main()':
code/imcp/9/imcp2.c:6:21: warning: format '%d' expects argument of type 'int*', but argument 2 has type 'int' [-Wformat]
code/imcp/9/imcp2.c:6:21: warning: format '%d' expects argument of type 'int*', but argument 3 has type 'int' [-Wformat]
code/imcp/9/imcp2.c:6:21: warning: format '%d' expects argument of type 'int*', but argument 4 has type 'int' [-Wformat]
code/imcp/9/imcp2.c:6:22: error: expected '}' at end of input
compile err
***d3ViLHuN8r 1_______________________________
chown: invalid user: `terminal:terminal'
Execution Time:0.116064
Error kill:: No such process

***Newbies 2_______________________________
chown: invalid user: `terminal:terminal'
Execution Time:0.370421
wrong

***d3ViLHuN8r 9_______________________________
chown: invalid user: `terminal:terminal'
Execution Time:0.149095
Error kill:: No such process

***Np_Complete 2_______________________________
chown: invalid user: `terminal:terminal'
Execution Time:0.731253
wrong

***inception 2_______________________________
chown: invalid user: `terminal:terminal'
Execution Time:0.259452
wrong

***admin 9_______________________________
chown: invalid user: `terminal:terminal'
Execution Time:0.061944
Error kill:: No such process

***inception 2_______________________________
chown: invalid user: `terminal:terminal'
Execution Time:0.222931
wrong

***admin 3_______________________________
chown: invalid user: `terminal:terminal'
time excd

***robotics 1_______________________________
chown: invalid user: `terminal:terminal'
Execution Time:0.061834
Error kill:: No such process

***Dicatators 1_______________________________
chown: invalid user: `terminal:terminal'
Execution Time:0.07496
Error kill:: No such process

***UNKNOWN 1_______________________________
chown: invalid user: `terminal:terminal'
Execution Time:0.06722
Error kill:: No such process

***OYES 6_______________________________
chown: invalid user: `terminal:terminal'
run time error
***mcadoers 6_______________________________
chown: invalid user: `terminal:terminal'
run time error
***spd 6_______________________________
chown: invalid user: `terminal:terminal'
run time error
***inception 2_______________________________
chown: invalid user: `terminal:terminal'
Execution Time:0.27145
wrong

***KanpurKcoders 2_______________________________
chown: invalid user: `terminal:terminal'
Execution Time:0.810595
right
***tech_monster 6_______________________________
chown: invalid user: `terminal:terminal'
run time error
***No_Match_Found 6_______________________________
code/No_Match_Found/6/6.cpp: In function 'int main()':
code/No_Match_Found/6/6.cpp:29:4: warning: format '%d' expects argument of type 'int*', but argument 2 has type 'LL* {aka long long int*}' [-Wformat]
chown: invalid user: `terminal:terminal'
time excd

***d3ViLHuN8r 1_______________________________
chown: invalid user: `terminal:terminal'
Execution Time:0.059365
Error kill:: No such process

***OYES 6_______________________________
chown: invalid user: `terminal:terminal'
run time error
***mcadoers 6_______________________________
chown: invalid user: `terminal:terminal'
run time error
***spd 6_______________________________
code/spd/6/i6.c: In function 'int main()':
code/spd/6/i6.c:11:22: warning: format '%d' expects argument of type 'int*', but argument 2 has type 'long long int*' [-Wformat]
chown: invalid user: `terminal:terminal'
run time error
***spd 6_______________________________
code/spd/6/i6.c: In function 'int main()':
code/spd/6/i6.c:11:22: warning: format '%d' expects argument of type 'int*', but argument 2 has type 'long long int*' [-Wformat]
chown: invalid user: `terminal:terminal'
run time error
***watson 6_______________________________
chown: invalid user: `terminal:terminal'
run time error
***code_it 1_______________________________
chown: invalid user: `terminal:terminal'
time excd

***spd 6_______________________________
chown: invalid user: `terminal:terminal'
run time error
***spd 6_______________________________
chown: invalid user: `terminal:terminal'
run time error
***OYES 6_______________________________
chown: invalid user: `terminal:terminal'
run time error
***OYES 6_______________________________
chown: invalid user: `terminal:terminal'
run time error
***assassins 2_______________________________
chown: invalid user: `terminal:terminal'

***admin 9_______________________________
Execution Time:0.741264
wrong
chown: invalid user: `terminal:terminal'
Execution Time:0.065462
Error kill:: No such process

***tech_monster 6_______________________________
chown: invalid user: `terminal:terminal'
run time error
***blink 7_______________________________
chown: invalid user: `terminal:terminal'
run time error
***tech_monster 1_______________________________
chown: invalid user: `terminal:terminal'
Execution Time:0.053078
Error kill:: No such process

***admin 9_______________________________
chown: invalid user: `terminal:terminal'
Execution Time:0.094116
Error kill:: No such process

***SteadyPlayers 7_______________________________
chown: invalid user: `terminal:terminal'
time excd

***OYES 6_______________________________
chown: invalid user: `terminal:terminal'
run time error
***spd 6_______________________________
chown: invalid user: `terminal:terminal'
run time error
***OYES 6_______________________________
chown: invalid user: `terminal:terminal'
run time error
***OYES 6_______________________________
chown: invalid user: `terminal:terminal'
run time error
***blink 7_______________________________
chown: invalid user: `terminal:terminal'
run time error
***admin 9_______________________________
chown: invalid user: `terminal:terminal'
Execution Time:0.070425
Error kill:: No such process

***goblins 2_______________________________
chown: invalid user: `terminal:terminal'
Execution Time:0.689899
wrong

***admin 9_______________________________
chown: invalid user: `terminal:terminal'
Execution Time:0.522997
right
***Napster 1_______________________________
code/Napster/1/pairing.c: In function 'int main()':
code/Napster/1/pairing.c:49:1: error: return-statement with no value, in function returning 'int' [-fpermissive]
compile err
***hazard 1_______________________________
chown: invalid user: `terminal:terminal'
Execution Time:0.069212
Error kill:: No such process

***hazard 1_______________________________
chown: invalid user: `terminal:terminal'
Execution Time:0.054844
Error kill:: No such process

***hazard 1_______________________________
chown: invalid user: `terminal:terminal'
Execution Time:0.063964
Error kill:: No such process

***Napster 1_______________________________
chown: invalid user: `terminal:terminal'
time excd

***assassins 2_______________________________
illegal file

***assassins 2_______________________________
chown: invalid user: `terminal:terminal'
time excd

***SteadyPlayers 7_______________________________
chown: invalid user: `terminal:terminal'
time excd

***Adhokshaja 8_______________________________
chown: invalid user: `terminal:terminal'
Execution Time:0.385982
wrong

***haybale 2_______________________________
chown: invalid user: `terminal:terminal'
Execution Time:0.739065
wrong

***spd 7_______________________________
chown: invalid user: `terminal:terminal'
Illegal system call

***spd 6_______________________________
chown: invalid user: `terminal:terminal'
run time error
***spd 6_______________________________
chown: invalid user: `terminal:terminal'
run time error
***spd 6_______________________________
chown: invalid user: `terminal:terminal'
run time error
***spd 6_______________________________
chown: invalid user: `terminal:terminal'
run time error
***Adhokshaja 8_______________________________
chown: invalid user: `terminal:terminal'
Execution Time:0.405774
wrong

***Np_Complete 3_______________________________
code/Np_Complete/3/3.c: In function 'int main()':
code/Np_Complete/3/3.c:30:15: warning: format '%d' expects argument of type 'int*', but argument 2 has type 'long long int*' [-Wformat]
code/Np_Complete/3/3.c:33:20: warning: format '%d' expects argument of type 'int', but argument 2 has type 'long long int' [-Wformat]
chown: invalid user: `terminal:terminal'
Execution Time:0.021278
right
***tech_monster 6_______________________________
chown: invalid user: `terminal:terminal'
run time error
***Chainz 1_______________________________
chown: invalid user: `terminal:terminal'
time excd

***winners 4_______________________________
chown: invalid user: `terminal:terminal'
Execution Time:1.84953
wrong

***winners 1_______________________________
chown: invalid user: `terminal:terminal'
Execution Time:0.067127
Error kill:: No such process

***sasas 9_______________________________
chown: invalid user: `terminal:terminal'
Execution Time:0.064831
Error kill:: No such process

***robotics 1_______________________________
chown: invalid user: `terminal:terminal'
Execution Time:0.095494
Error kill:: No such process

***hazard 1_______________________________
chown: invalid user: `terminal:terminal'
Execution Time:0.054542
Error kill:: No such process

***hazard 1_______________________________
chown: invalid user: `terminal:terminal'
Execution Time:0.061701
Error kill:: No such process

***hazard 1_______________________________
chown: invalid user: `terminal:terminal'
Execution Time:0.055205
Error kill:: No such process

***hazard 1_______________________________
chown: invalid user: `terminal:terminal'
Execution Time:0.073243
Error kill:: No such process

***hazard 1_______________________________
chown: invalid user: `terminal:terminal'
Execution Time:0.055298
Error kill:: No such process

***hazard 1_______________________________
chown: invalid user: `terminal:terminal'
Execution Time:0.054098
Error kill:: No such process

***hazard 1_______________________________
chown: invalid user: `terminal:terminal'
Execution Time:0.054729
Error kill:: No such process

***hazard 1_______________________________
chown: invalid user: `terminal:terminal'
Execution Time:0.068177
Error kill:: No such process

***hazard 1_______________________________
chown: invalid user: `terminal:terminal'
Execution Time:0.116825
Error kill:: No such process

***hazard 1_______________________________
chown: invalid user: `terminal:terminal'
Execution Time:0.052324
Error kill:: No such process

***hazard 1_______________________________
chown: invalid user: `terminal:terminal'
Execution Time:0.056004
Error kill:: No such process

***hazard 1_______________________________
chown: invalid user: `terminal:terminal'
Execution Time:0.091004
Error kill:: No such process

***hazard 1_______________________________
chown: invalid user: `terminal:terminal'
Execution Time:0.055497
Error kill:: No such process

***hazard 1_______________________________
chown: invalid user: `terminal:terminal'
Execution Time:0.078999
Error kill:: No such process

***assassins 2_______________________________

***hazard 1_______________________________
chown: invalid user: `terminal:terminal'
Error exec: Permission denied
execution error

***hazard 1_______________________________
chown: invalid user: `terminal:terminal'
Error exec: Text file busy
execution error

***hazard 1_______________________________
chown: invalid user: `terminal:terminal'
chown: invalid user: `terminal:terminal'
Execution Time:0.119834
time excd
Error kill:: No such process

***hazard 1_______________________________
chown: invalid user: `terminal:terminal'
Execution Time:0.078656
Error kill:: No such process

***hazard 1_______________________________
chown: invalid user: `terminal:terminal'
Execution Time:0.074187
Error kill:: No such process

***hazard 1_______________________________
chown: invalid user: `terminal:terminal'
Execution Time:0.058977
Error kill:: No such process

***hazard 1_______________________________
chown: invalid user: `terminal:terminal'
Execution Time:0.054802
Error kill:: No such process

***hazard 1_______________________________
chown: invalid user: `terminal:terminal'
Execution Time:0.055357
Error kill:: No such process

***hazard 1_______________________________
chown: invalid user: `terminal:terminal'
Execution Time:0.053121
Error kill:: No such process

***hazard 1_______________________________
chown: invalid user: `terminal:terminal'
Execution Time:0.053432
Error kill:: No such process

***hazard 1_______________________________
chown: invalid user: `terminal:terminal'
Execution Time:0.056603
Error kill:: No such process

***hazard 1_______________________________
chown: invalid user: `terminal:terminal'
Execution Time:0.065286
Error kill:: No such process

***hazard 1_______________________________
chown: invalid user: `terminal:terminal'
Execution Time:0.056252
Error kill:: No such process

***hazard 1_______________________________
chown: invalid user: `terminal:terminal'
Execution Time:0.059869
Error kill:: No such process

***hazard 1_______________________________
chown: invalid user: `terminal:terminal'
Execution Time:0.111527
Error kill:: No such process

***hazard 1_______________________________
chown: invalid user: `terminal:terminal'
Execution Time:0.077204

***HUNTERS 1_______________________________
Error kill:: No such process
chown: invalid user: `terminal:terminal'
Execution Time:0.111744
Error kill:: No such process

***hazard 1_______________________________
chown: invalid user: `terminal:terminal'
Execution Time:0.093278
Error kill:: No such process

***hazard 1_______________________________
chown: invalid user: `terminal:terminal'
Execution Time:0.054398
Error kill:: No such process

***hazard 1_______________________________
chown: invalid user: `terminal:terminal'
Execution Time:0.054385
Error kill:: No such process

***hazard 1_______________________________
chown: invalid user: `terminal:terminal'
Execution Time:0.055543
Error kill:: No such process

***hazard 1_______________________________
chown: invalid user: `terminal:terminal'
Execution Time:0.054301
Error kill:: No such process

***hazard 1_______________________________
chown: invalid user: `terminal:terminal'
Execution Time:0.052983
Error kill:: No such process

***hazard 1_______________________________
chown: invalid user: `terminal:terminal'
Execution Time:0.057564
Error kill:: No such process

***hazard 1_______________________________
chown: invalid user: `terminal:terminal'
Execution Time:0.052159
Error kill:: No such process

***HUNTERS 2_______________________________
chown: invalid user: `terminal:terminal'
time excd

***hazard 1_______________________________
chown: invalid user: `terminal:terminal'
Execution Time:0.053564
Error kill:: No such process

***hazard 1_______________________________
chown: invalid user: `terminal:terminal'
Execution Time:0.05245
Error kill:: No such process

***hazard 1_______________________________
chown: invalid user: `terminal:terminal'
Execution Time:0.062752
Error kill:: No such process

***hazard 1_______________________________
chown: invalid user: `terminal:terminal'
Execution Time:0.05239
Error kill:: No such process

***hazard 1_______________________________
chown: invalid user: `terminal:terminal'
Execution Time:0.055541
Error kill:: No such process

***hazard 1_______________________________
chown: invalid user: `terminal:terminal'
Execution Time:0.056938
Error kill:: No such process

***hazard 1_______________________________
chown: invalid user: `terminal:terminal'
Execution Time:0.052585
Error kill:: No such process

***blink 7_______________________________
chown: invalid user: `terminal:terminal'
run time error
***hazard 1_______________________________
chown: invalid user: `terminal:terminal'
Execution Time:0.056749
Error kill:: No such process

***hazard 1_______________________________
chown: invalid user: `terminal:terminal'
Execution Time:0.053662
Error kill:: No such process

***hazard 1_______________________________
chown: invalid user: `terminal:terminal'
Execution Time:0.052633
Error kill:: No such process

***hazard 1_______________________________
chown: invalid user: `terminal:terminal'
Execution Time:0.053212
Error kill:: No such process

***hazard 1_______________________________
chown: invalid user: `terminal:terminal'
Execution Time:0.058644

***blink 7_______________________________
chown: invalid user: `terminal:terminal'
run time errorError kill:: No such process

***hazard 1_______________________________
chown: invalid user: `terminal:terminal'
Execution Time:0.058346
Error kill:: No such process

***hazard 1_______________________________
chown: invalid user: `terminal:terminal'
Execution Time:0.055291
Error kill:: No such process

***hazard 1_______________________________
chown: invalid user: `terminal:terminal'
Execution Time:0.055479
Error kill:: No such process

***hazard 1_______________________________
chown: invalid user: `terminal:terminal'
Execution Time:0.056507
Error kill:: No such process

***hazard 1_______________________________
chown: invalid user: `terminal:terminal'
Execution Time:0.052564
Error kill:: No such process

***hazard 1_______________________________
chown: invalid user: `terminal:terminal'
Execution Time:0.052849
Error kill:: No such process

***hazard 1_______________________________
chown: invalid user: `terminal:terminal'
Execution Time:0.056182
Error kill:: No such process

***hazard 1_______________________________
chown: invalid user: `terminal:terminal'
Execution Time:0.052229
Error kill:: No such process

***hazard 1_______________________________
chown: invalid user: `terminal:terminal'
Execution Time:0.056102
Error kill:: No such process

***hazard 1_______________________________
chown: invalid user: `terminal:terminal'
Execution Time:0.052636
Error kill:: No such process

***hazard 1_______________________________
chown: invalid user: `terminal:terminal'
Execution Time:0.058332
Error kill:: No such process

***hazard 1_______________________________
chown: invalid user: `terminal:terminal'
Execution Time:0.074142
Error kill:: No such process

***hazard 1_______________________________
chown: invalid user: `terminal:terminal'
Execution Time:0.062739
Error kill:: No such process

***hazard 1_______________________________
chown: invalid user: `terminal:terminal'
Execution Time:0.076825
Error kill:: No such process

***hazard 1_______________________________
chown: invalid user: `terminal:terminal'
Execution Time:0.052756
Error kill:: No such process

***hazard 1_______________________________
chown: invalid user: `terminal:terminal'
Execution Time:0.054024
Error kill:: No such process

***hazard 1_______________________________
chown: invalid user: `terminal:terminal'
Execution Time:0.052519
Error kill:: No such process

***hazard 1_______________________________
chown: invalid user: `terminal:terminal'
Execution Time:0.052439
Error kill:: No such process

***hazard 1_______________________________
chown: invalid user: `terminal:terminal'
Execution Time:0.056333
Error kill:: No such process

***hazard 1_______________________________
chown: invalid user: `terminal:terminal'
Execution Time:0.056514
Error kill:: No such process

***hazard 1_______________________________
chown: invalid user: `terminal:terminal'
Execution Time:0.053075
Error kill:: No such process

***hazard 1_______________________________
chown: invalid user: `terminal:terminal'
Execution Time:0.057444
Error kill:: No such process

***hazard 1_______________________________
chown: invalid user: `terminal:terminal'
Execution Time:0.061995
Error kill:: No such process

***hazard 1_______________________________
chown: invalid user: `terminal:terminal'
Execution Time:0.127035
Error kill:: No such process

***hazard 1_______________________________
chown: invalid user: `terminal:terminal'
Execution Time:0.05804
Error kill:: No such process

***hazard 1_______________________________
chown: invalid user: `terminal:terminal'
Execution Time:0.054755
Error kill:: No such process

***hazard 1_______________________________
chown: invalid user: `terminal:terminal'
Execution Time:0.05331
Error kill:: No such process

***hazard 1_______________________________
chown: invalid user: `terminal:terminal'
Execution Time:0.066045
Error kill:: No such process

***hazard 1_______________________________
chown: invalid user: `terminal:terminal'
Execution Time:0.059417
Error kill:: No such process

***hazard 1_______________________________

***sasas 1_______________________________
chown: invalid user: `terminal:terminal'
Execution Time:0.113475
Error kill:: No such process
chown: invalid user: `terminal:terminal'
Execution Time:0.128749

***hazard 1_______________________________
Error kill:: No such process
chown: invalid user: `terminal:terminal'
Execution Time:0.116273
Error kill:: No such process

***hazard 1_______________________________
chown: invalid user: `terminal:terminal'
Execution Time:0.061866
Error kill:: No such process

***hazard 1_______________________________
chown: invalid user: `terminal:terminal'
Execution Time:0.053214
Error kill:: No such process

***hazard 1_______________________________
chown: invalid user: `terminal:terminal'
Execution Time:0.071233
Error kill:: No such process

***hazard 1_______________________________
chown: invalid user: `terminal:terminal'
Execution Time:0.053518
Error kill:: No such process

***hazard 1_______________________________
chown: invalid user: `terminal:terminal'
Execution Time:0.060034
Error kill:: No such process

***hazard 1_______________________________
chown: invalid user: `terminal:terminal'
Execution Time:0.052809
Error kill:: No such process

***hazard 1_______________________________
chown: invalid user: `terminal:terminal'
Execution Time:0.101684
Error kill:: No such process

***hazard 1_______________________________
chown: invalid user: `terminal:terminal'
Execution Time:0.057129
Error kill:: No such process

***sasas 1_______________________________

***hazard 1_______________________________
chown: invalid user: `terminal:terminal'
chown: invalid user: `terminal:terminal'
Execution Time:0.123892
Execution Time:0.945941
rightError kill:: No such process

***hazard 1_______________________________
chown: invalid user: `terminal:terminal'
Execution Time:0.05395
Error kill:: No such process

***hazard 1_______________________________
chown: invalid user: `terminal:terminal'
Execution Time:0.052557
Error kill:: No such process

***hazard 1_______________________________
chown: invalid user: `terminal:terminal'
Execution Time:0.065425
Error kill:: No such process

***hazard 1_______________________________
chown: invalid user: `terminal:terminal'
Execution Time:0.056037
Error kill:: No such process

***hazard 1_______________________________
chown: invalid user: `terminal:terminal'
Execution Time:0.061927
Error kill:: No such process

***hazard 1_______________________________
chown: invalid user: `terminal:terminal'
Execution Time:0.079385
Error kill:: No such process

***hazard 1_______________________________
chown: invalid user: `terminal:terminal'
Execution Time:0.054767
Error kill:: No such process

***hazard 1_______________________________
chown: invalid user: `terminal:terminal'
Execution Time:0.083215
Error kill:: No such process

***hazard 1_______________________________
chown: invalid user: `terminal:terminal'
Execution Time:0.089107
Error kill:: No such process

***hazard 1_______________________________
chown: invalid user: `terminal:terminal'
Execution Time:0.207098
Error kill:: No such process

***hazard 1_______________________________
chown: invalid user: `terminal:terminal'
Execution Time:0.053811
Error kill:: No such process

***hazard 1_______________________________
chown: invalid user: `terminal:terminal'
Execution Time:0.053454
Error kill:: No such process

***hazard 1_______________________________
chown: invalid user: `terminal:terminal'
Execution Time:0.052535

***haybale 2_______________________________
chown: invalid user: `terminal:terminal'
Error kill:: No such process

***hazard 1_______________________________
time excd
chown: invalid user: `terminal:terminal'
Execution Time:0.102842
Error kill:: No such process

***hazard 1_______________________________
chown: invalid user: `terminal:terminal'
Execution Time:0.05343
Error kill:: No such process

***hazard 1_______________________________
chown: invalid user: `terminal:terminal'
Execution Time:0.053434
Error kill:: No such process

***hazard 1_______________________________
chown: invalid user: `terminal:terminal'
Execution Time:0.059993
Error kill:: No such process

***hazard 1_______________________________
chown: invalid user: `terminal:terminal'
Execution Time:0.05606
Error kill:: No such process

***hazard 1_______________________________
chown: invalid user: `terminal:terminal'
Execution Time:0.052392
Error kill:: No such process

***hazard 1_______________________________
chown: invalid user: `terminal:terminal'
Execution Time:0.054523
Error kill:: No such process

***hazard 1_______________________________
chown: invalid user: `terminal:terminal'
Execution Time:0.054497
Error kill:: No such process

***hazard 1_______________________________
chown: invalid user: `terminal:terminal'
Execution Time:0.052807
Error kill:: No such process

***hazard 1_______________________________
chown: invalid user: `terminal:terminal'
Execution Time:0.058005
Error kill:: No such process

***hazard 1_______________________________
chown: invalid user: `terminal:terminal'
Execution Time:0.057287
Error kill:: No such process

***hazard 1_______________________________
chown: invalid user: `terminal:terminal'
Execution Time:0.055181

***haybale 1_______________________________
Error kill:: No such process
chown: invalid user: `terminal:terminal'
Execution Time:0.111313
Error kill:: No such process

***hazard 1_______________________________
chown: invalid user: `terminal:terminal'
Execution Time:0.146933
Error kill:: No such process

***hazard 1_______________________________
chown: invalid user: `terminal:terminal'
Execution Time:0.055446
Error kill:: No such process

***hazard 1_______________________________
chown: invalid user: `terminal:terminal'
Execution Time:0.056359
Error kill:: No such process

***hazard 1_______________________________
chown: invalid user: `terminal:terminal'
Execution Time:0.072427
Error kill:: No such process

***hazard 1_______________________________
chown: invalid user: `terminal:terminal'
Execution Time:0.070186

***blink 7_______________________________
chown: invalid user: `terminal:terminal'
run time errorError kill:: No such process

***hazard 1_______________________________
chown: invalid user: `terminal:terminal'
Execution Time:0.056686
Error kill:: No such process

***hazard 1_______________________________
chown: invalid user: `terminal:terminal'
Execution Time:0.071293
Error kill:: No such process

***hazard 1_______________________________
chown: invalid user: `terminal:terminal'
Execution Time:0.05255
Error kill:: No such process

***hazard 1_______________________________
chown: invalid user: `terminal:terminal'
Execution Time:0.078624
Error kill:: No such process

***hazard 1_______________________________
chown: invalid user: `terminal:terminal'
Execution Time:0.052413
Error kill:: No such process

***hazard 1_______________________________
chown: invalid user: `terminal:terminal'
Execution Time:0.056099
Error kill:: No such process

***system 7_______________________________
chown: invalid user: `terminal:terminal'
Execution Time:0.002788
wrong

***Syntax_Error 2_______________________________
code/Syntax_Error/2/q2.c: In function 'int main()':
code/Syntax_Error/2/q2.c:28:20: error: 'alice' was not declared in this scope
code/Syntax_Error/2/q2.c: In function 'int alice(int, int, int, int)':
code/Syntax_Error/2/q2.c:42:27: error: 'bob' was not declared in this scope
code/Syntax_Error/2/q2.c:44:27: error: 'bob' was not declared in this scope
code/Syntax_Error/2/q2.c:46:27: error: 'bob' was not declared in this scope
compile err
***Syntax_Error 2_______________________________
code/Syntax_Error/2/q2.c: In function 'int main()':
code/Syntax_Error/2/q2.c:28:20: error: 'alice' was not declared in this scope
code/Syntax_Error/2/q2.c: In function 'int alice(int, int, int, int)':
code/Syntax_Error/2/q2.c:42:27: error: 'bob' was not declared in this scope
code/Syntax_Error/2/q2.c:44:27: error: 'bob' was not declared in this scope
code/Syntax_Error/2/q2.c:46:27: error: 'bob' was not declared in this scope
compile err
***Lilliputs 1_______________________________
chown: invalid user: `terminal:terminal'
Execution Time:0.0526
Error kill:: No such process

***tech_monster 6_______________________________
chown: invalid user: `terminal:terminal'
Illegal system call

***ATHARVA 1_______________________________
chown: invalid user: `terminal:terminal'
Execution Time:0.115351
Error kill:: No such process

***ATHARVA 1_______________________________
chown: invalid user: `terminal:terminal'
Execution Time:0.059017
Error kill:: No such process

***ATHARVA 1_______________________________
chown: invalid user: `terminal:terminal'
Execution Time:0.051337
diff: ./problems/1/out: No such file or directory
wrong

***ATHARVA 1_______________________________
chown: invalid user: `terminal:terminal'
Error open input file: No such file or directory
execution error

***ATHARVA 1_______________________________
chown: invalid user: `terminal:terminal'
Error open input file: No such file or directory
execution error

***ATHARVA 1_______________________________
chown: invalid user: `terminal:terminal'
Error open input file: No such file or directory
execution error

***ATHARVA 1_______________________________
chown: invalid user: `terminal:terminal'
Error open input file: No such file or directory
execution error

***ATHARVA 1_______________________________
chown: invalid user: `terminal:terminal'
Error open input file: No such file or directory
execution error

***ATHARVA 1_______________________________
chown: invalid user: `terminal:terminal'
Error open input file: No such file or directory
execution error

***ATHARVA 1_______________________________
chown: invalid user: `terminal:terminal'
Error open input file: No such file or directory
execution error

***ATHARVA 1_______________________________
chown: invalid user: `terminal:terminal'
Error open input file: No such file or directory
execution error

***ATHARVA 1_______________________________
chown: invalid user: `terminal:terminal'
Error open input file: No such file or directory
execution error

***ATHARVA 1_______________________________
chown: invalid user: `terminal:terminal'
Error open input file: No such file or directory
execution error

***ATHARVA 1_______________________________
chown: invalid user: `terminal:terminal'
Error open input file: No such file or directory
execution error

***ATHARVA 1_______________________________
chown: invalid user: `terminal:terminal'
Error open input file: No such file or directory
execution error

***ATHARVA 1_______________________________
chown: invalid user: `terminal:terminal'
Error open input file: No such file or directory
execution error

***ATHARVA 1_______________________________

***tech_monster 1_______________________________
chown: invalid user: `terminal:terminal'
Error open input file: No such file or directory
execution error
chown: invalid user: `terminal:terminal'
Error open input file: No such file or directory
execution error

***ATHARVA 1_______________________________
chown: invalid user: `terminal:terminal'
Error open input file: No such file or directory
execution error

***ATHARVA 1_______________________________
chown: invalid user: `terminal:terminal'
Error open input file: No such file or directory
execution error

***ATHARVA 1_______________________________
chown: invalid user: `terminal:terminal'
Error open input file: No such file or directory
execution error

***ATHARVA 1_______________________________
chown: invalid user: `terminal:terminal'
Error open input file: No such file or directory
execution error

***ATHARVA 1_______________________________
chown: invalid user: `terminal:terminal'
Error open input file: No such file or directory
execution error

***ATHARVA 1_______________________________
chown: invalid user: `terminal:terminal'
Error open input file: No such file or directory
execution error

***ATHARVA 1_______________________________
chown: invalid user: `terminal:terminal'
Error open input file: No such file or directory
execution error

***ATHARVA 1_______________________________
chown: invalid user: `terminal:terminal'
Error open input file: No such file or directory
execution error

***ATHARVA 1_______________________________
chown: invalid user: `terminal:terminal'
Error open input file: No such file or directory
execution error

***ATHARVA 1_______________________________
chown: invalid user: `terminal:terminal'
Error open input file: No such file or directory
execution error

***ATHARVA 1_______________________________
chown: invalid user: `terminal:terminal'
Error open input file: No such file or directory
execution error

***ATHARVA 1_______________________________
chown: invalid user: `terminal:terminal'
Error open input file: No such file or directory
execution error

***system 7_______________________________
chown: invalid user: `terminal:terminal'
Execution Time:0.015881
wrong

***ATHARVA 1_______________________________
chown: invalid user: `terminal:terminal'
Error open input file: No such file or directory
execution error

***ATHARVA 1_______________________________
chown: invalid user: `terminal:terminal'
Error open input file: No such file or directory
execution error

***ATHARVA 1_______________________________
chown: invalid user: `terminal:terminal'
Error open input file: No such file or directory
execution error

***blink 7_______________________________
chown: invalid user: `terminal:terminal'
run time error
***dead_coders 4_______________________________
chown: invalid user: `terminal:terminal'
Execution Time:1.41985
wrong

***highway 2_______________________________
chown: invalid user: `terminal:terminal'
Execution Time:0.755964
wrong

***hazard 1_______________________________
chown: invalid user: `terminal:terminal'
Error open input file: No such file or directory
execution error

***hazard 1_______________________________
chown: invalid user: `terminal:terminal'
Error open input file: No such file or directory
execution error

***hazard 1_______________________________
chown: invalid user: `terminal:terminal'
Error open input file: No such file or directory
execution error

***hazard 1_______________________________
chown: invalid user: `terminal:terminal'
Error open input file: No such file or directory
execution error

***hazard 1_______________________________
chown: invalid user: `terminal:terminal'
Error open input file: No such file or directory
execution error

***hazard 1_______________________________
chown: invalid user: `terminal:terminal'
Error open input file: No such file or directory
execution error

***hazard 1_______________________________
chown: invalid user: `terminal:terminal'
Error open input file: No such file or directory
execution error

***KanpurKcoders 6_______________________________
chown: invalid user: `terminal:terminal'
run time error
***admin 2_______________________________
code/admin/2/q2.c: In function 'int main()':
code/admin/2/q2.c:28:20: error: 'alice' was not declared in this scope
code/admin/2/q2.c: In function 'int alice(int, int, int, int)':
code/admin/2/q2.c:42:27: error: 'bob' was not declared in this scope
code/admin/2/q2.c:44:27: error: 'bob' was not declared in this scope
code/admin/2/q2.c:46:27: error: 'bob' was not declared in this scope
compile err
***highway 2_______________________________
chown: invalid user: `terminal:terminal'
Execution Time:0.884717
wrong

***watson 7_______________________________
chown: invalid user: `terminal:terminal'
run time error
***spd 6_______________________________
chown: invalid user: `terminal:terminal'
run time error
***HUNTERS 2_______________________________
chown: invalid user: `terminal:terminal'
Execution Time:0.961944
wrong

***robotics 2_______________________________
chown: invalid user: `terminal:terminal'
Execution Time:0.741734
wrong

***spd 6_______________________________
chown: invalid user: `terminal:terminal'
run time error
***spd 6_______________________________
chown: invalid user: `terminal:terminal'
run time error
***tech_monster 6_______________________________
chown: invalid user: `terminal:terminal'
Illegal system call

***watson 7_______________________________
chown: invalid user: `terminal:terminal'
run time error
***watson 7_______________________________
chown: invalid user: `terminal:terminal'
run time error
***spd 6_______________________________
chown: invalid user: `terminal:terminal'
run time error
***spd 6_______________________________
chown: invalid user: `terminal:terminal'
run time error
***Dynamic_Coders 8_______________________________
chown: invalid user: `terminal:terminal'
Execution Time:0.385701
wrong

***OYES 6_______________________________
chown: invalid user: `terminal:terminal'
run time error
***spd 6_______________________________
chown: invalid user: `terminal:terminal'
run time error
***BPTroll 2_______________________________
chown: invalid user: `terminal:terminal'
Execution Time:0.728306
wrong

***BPTroll 2_______________________________
chown: invalid user: `terminal:terminal'
Execution Time:0.825765
wrong

***Syntax_Error 2_______________________________
chown: invalid user: `terminal:terminal'
run time error
***KanpurKcoders 5_______________________________
chown: invalid user: `terminal:terminal'
time excd

***admin 1_______________________________
chown: invalid user: `terminal:terminal'
Execution Time:0.093606
Error kill:: No such process

***dmr 3_______________________________
chown: invalid user: `terminal:terminal'
Execution Time:0.03623
wrong

***KanpurKcoders 5_______________________________
chown: invalid user: `terminal:terminal'
time excd

***wingies 6_______________________________
chown: invalid user: `terminal:terminal'
run time error
***dmr 3_______________________________
chown: invalid user: `terminal:terminal'
Execution Time:0.057459
right
***haybale 1_______________________________
chown: invalid user: `terminal:terminal'
Execution Time:0.136625
Error kill:: No such process

***No_Match_Found 6_______________________________

***code_it 2_______________________________
chown: invalid user: `terminal:terminal'
Error exec: Text file busy
execution error
chown: invalid user: `terminal:terminal'
time excd

***No_Match_Found 6_______________________________
chown: invalid user: `terminal:terminal'
time excd

***system 7_______________________________
chown: invalid user: `terminal:terminal'
Execution Time:0.002727
wrong

***tech_monster 6_______________________________
chown: invalid user: `terminal:terminal'
time excd

***Adhokshaja 2_______________________________
chown: invalid user: `terminal:terminal'
Execution Time:0.059397
wrong

***spd 6_______________________________
code/spd/6/i6.c: In function 'int main()':
code/spd/6/i6.c:12:63: error: cannot convert 'long int*' to 'long long int*' in initialization
code/spd/6/i6.c:13:64: error: cannot convert 'long int*' to 'long long int*' in initialization
code/spd/6/i6.c:20:22: warning: format '%d' expects argument of type 'int*', but argument 2 has type 'long long int*' [-Wformat]
code/spd/6/i6.c:30:29: warning: format '%d' expects argument of type 'int', but argument 2 has type 'long long int' [-Wformat]
compile err
***assassins 1_______________________________

***plethora 1_______________________________
chown: invalid user: `terminal:terminal'
chown: invalid user: `terminal:terminal'
run time errorrun time error
***wingies 6_______________________________
chown: invalid user: `terminal:terminal'
run time error
***Dicatators 1_______________________________
chown: invalid user: `terminal:terminal'
Execution Time:0.074682
Error kill:: No such process

***wingies 6_______________________________
chown: invalid user: `terminal:terminal'
run time error
***Dicatators 1_______________________________
chown: invalid user: `terminal:terminal'
Execution Time:0.069629
Error kill:: No such process

***assassins 1_______________________________
chown: invalid user: `terminal:terminal'
time excd

***wingies 6_______________________________
chown: invalid user: `terminal:terminal'
run time error
***inception 7_______________________________
chown: invalid user: `terminal:terminal'
run time error
***haybale 2_______________________________
chown: invalid user: `terminal:terminal'
time excd

***goblins 2_______________________________
chown: invalid user: `terminal:terminal'
time excd

***admin 1_______________________________
chown: invalid user: `terminal:terminal'
Execution Time:0.568015
right
***plethora 1_______________________________
chown: invalid user: `terminal:terminal'
Execution Time:0.154268
Error kill:: No such process

***blink 7_______________________________
chown: invalid user: `terminal:terminal'
run time error
***tech_monster 6_______________________________

***blink 7_______________________________
chown: invalid user: `terminal:terminal'
/usr/bin/ld: reopening ./jail/exe: Text file busy

/usr/bin/ld: final link failed: Text file busy
collect2: ld returned 1 exit status
compile errIllegal system call

***tech_monster 1_______________________________
chown: invalid user: `terminal:terminal'
Execution Time:0.131222
Error kill:: No such process

***Chainz 1_______________________________
chown: invalid user: `terminal:terminal'
Illegal system call

***plethora 1_______________________________
chown: invalid user: `terminal:terminal'
Execution Time:0.21075
Error kill:: No such process

***assassins 1_______________________________
chown: invalid user: `terminal:terminal'

***inception 7_______________________________
Execution Time:0.084579
chown: invalid user: `terminal:terminal'
run time errorError kill:: No such process

***assassins 1_______________________________
chown: invalid user: `terminal:terminal'
Execution Time:0.068815
Error kill:: No such process

***code_it 2_______________________________
chown: invalid user: `terminal:terminal'
time excd

***KanpurKcoders 6_______________________________
chown: invalid user: `terminal:terminal'

***blink 7_______________________________
chown: invalid user: `terminal:terminal'
run time errortime excd

***HUNTERS 1_______________________________
chown: invalid user: `terminal:terminal'
Execution Time:0.144215
Error kill:: No such process

***blink 7_______________________________
chown: invalid user: `terminal:terminal'
run time error
***blink 7_______________________________
chown: invalid user: `terminal:terminal'
run time error
***blink 7_______________________________
chown: invalid user: `terminal:terminal'
run time error
***admin 1_______________________________
chown: invalid user: `terminal:terminal'
Execution Time:0.068716
Error kill:: No such process

***Lilliputs 1_______________________________
chown: invalid user: `terminal:terminal'
Execution Time:0.069355
Error kill:: No such process

***inception 7_______________________________
chown: invalid user: `terminal:terminal'
run time error
***wingies 6_______________________________
chown: invalid user: `terminal:terminal'
run time error
***inception 7_______________________________
illegal file

***blink 7_______________________________
chown: invalid user: `terminal:terminal'
run time error
***tech_monster 1_______________________________
chown: invalid user: `terminal:terminal'
Execution Time:0.05711
Error kill:: No such process

***Blue_Devils 6_______________________________
chown: invalid user: `terminal:terminal'
time excd

***tech_monster 6_______________________________
chown: invalid user: `terminal:terminal'
Illegal system call

***raw_input 2_______________________________
chown: invalid user: `terminal:terminal'
Execution Time:0.635366
wrong

***fleur 4_______________________________
chown: invalid user: `terminal:terminal'
Execution Time:0.038549
wrong

***admin 1_______________________________
chown: invalid user: `terminal:terminal'
Execution Time:0.005686
wrong

***admin 1_______________________________
chown: invalid user: `terminal:terminal'
Execution Time:0.002891
right
***2_year 1_______________________________
chown: invalid user: `terminal:terminal'
Execution Time:0.002725
wrong

***2_year 1_______________________________
chown: invalid user: `terminal:terminal'
Execution Time:0.00616
wrong

***raw_input 2_______________________________
chown: invalid user: `terminal:terminal'
Execution Time:0.767068
right
***assassins 1_______________________________
chown: invalid user: `terminal:terminal'
Execution Time:0.005437
wrong

***Lilliputs 1_______________________________
chown: invalid user: `terminal:terminal'
Execution Time:0.002999
wrong

***HUNTERS 1_______________________________
chown: invalid user: `terminal:terminal'
Execution Time:0.010749
wrong

***blink 7_______________________________
chown: invalid user: `terminal:terminal'
run time error
***naughtyCoders 6_______________________________

***HUNTERS 1_______________________________
chown: invalid user: `terminal:terminal'
Execution Time:0.023876
wrong
chown: invalid user: `terminal:terminal'
time excd

***assassins 1_______________________________
chown: invalid user: `terminal:terminal'
Execution Time:0.002973
wrong

***winners 4_______________________________
chown: invalid user: `terminal:terminal'
Execution Time:1.28098
wrong

***inception 7_______________________________
code/inception/7/7.c: In function 'int main()':
code/inception/7/7.c:14:1: error: 'c' was not declared in this scope
compile err
***admin 1_______________________________
chown: invalid user: `terminal:terminal'
Execution Time:0.007641
right
***goblins 2_______________________________
chown: invalid user: `terminal:terminal'
Execution Time:0.815269
wrong

***plethora 2_______________________________
chown: invalid user: `terminal:terminal'
Execution Time:0.002842
wrong

***inception 7_______________________________
chown: invalid user: `terminal:terminal'
run time error
***hazard 1_______________________________
chown: invalid user: `terminal:terminal'
Execution Time:0.056797
wrong

***hazard 1_______________________________
chown: invalid user: `terminal:terminal'
Execution Time:0.002895
wrong

***SteadyPlayers 2_______________________________
chown: invalid user: `terminal:terminal'
Execution Time:0.002741
wrong

***admin 1_______________________________
chown: invalid user: `terminal:terminal'
Execution Time:0.002969
wrong

***Np_Complete 4_______________________________
chown: invalid user: `terminal:terminal'
Execution Time:1.32749
wrong

***winners 1_______________________________
chown: invalid user: `terminal:terminal'
Execution Time:0.020765
wrong

***d3ViLHuN8r 1_______________________________
chown: invalid user: `terminal:terminal'
Execution Time:0.002948
wrong

***spd 1_______________________________

***haybale 9_______________________________
chown: invalid user: `terminal:terminal'
Error exec: Text file busy
execution error
chown: invalid user: `terminal:terminal'
Error open input file: No such file or directory
execution error

***code_it 1_______________________________
code/code_it/1/ins1.cpp: In function 'int main()':
code/code_it/1/ins1.cpp:25:10: error: 'inp' was not declared in this scope
code/code_it/1/ins1.cpp:29:21: error: invalid conversion from 'int*' to 'size_t {aka unsigned int}' [-fpermissive]
code/code_it/1/ins1.cpp:29:21: error: too few arguments to function 'void qsort(void*, size_t, size_t, __compar_fn_t)'
/usr/include/stdlib.h:761:13: note: declared here
code/code_it/1/ins1.cpp:30:19: error: invalid conversion from 'int*' to 'size_t {aka unsigned int}' [-fpermissive]
code/code_it/1/ins1.cpp:30:19: error: too few arguments to function 'void qsort(void*, size_t, size_t, __compar_fn_t)'
/usr/include/stdlib.h:761:13: note: declared here
compile err
***assassins 1_______________________________
chown: invalid user: `terminal:terminal'
Execution Time:0.002941
wrong

***spd 1_______________________________
chown: invalid user: `terminal:terminal'
Execution Time:0.00279
wrong

***spd 1_______________________________
chown: invalid user: `terminal:terminal'
Execution Time:0.002839
wrong

***spd 1_______________________________

***tech_monster 1_______________________________
chown: invalid user: `terminal:terminal'
Execution Time:0.022358
wrong
chown: invalid user: `terminal:terminal'
Execution Time:0.003649
wrong

***dead_coders 1_______________________________

***KanpurKcoders 1_______________________________
chown: invalid user: `terminal:terminal'
Execution Time:0.01155
wrong

***haybale 1_______________________________
chown: invalid user: `terminal:terminal'
Error exec: Permission denied
execution error
chown: invalid user: `terminal:terminal'
Execution Time:0.002859
wrong

***plethora 1_______________________________

***BPTroll 1_______________________________
chown: invalid user: `terminal:terminal'
Execution Time:0.028277
wrong
chown: invalid user: `terminal:terminal'
Execution Time:0.011575
wrong

***UNKNOWN 1_______________________________
chown: invalid user: `terminal:terminal'
Execution Time:0.003049
wrong

***Dicatators 1_______________________________
chown: invalid user: `terminal:terminal'
Execution Time:0.00309
wrong

***ATHARVA 1_______________________________
chown: invalid user: `terminal:terminal'
Execution Time:0.003026
wrong

***Chainz 1_______________________________
chown: invalid user: `terminal:terminal'
Execution Time:0.005134
wrong

***KanpurKcoders 1_______________________________
chown: invalid user: `terminal:terminal'
Execution Time:0.003028
wrong

***Napster 1_______________________________
chown: invalid user: `terminal:terminal'
Execution Time:0.002882
wrong

***robotics 1_______________________________
chown: invalid user: `terminal:terminal'
Execution Time:0.020507
wrong

***2_year 1_______________________________
chown: invalid user: `terminal:terminal'
Execution Time:0.006012
wrong

***ATHARVA 1_______________________________
chown: invalid user: `terminal:terminal'
Execution Time:0.002735
wrong

***wingies 6_______________________________
chown: invalid user: `terminal:terminal'
run time error
***inception 7_______________________________
chown: invalid user: `terminal:terminal'
run time error
***naughtyCoders 6_______________________________
chown: invalid user: `terminal:terminal'

***Np_Complete 4_______________________________
chown: invalid user: `terminal:terminal'
time excd
Execution Time:1.8854
wrong

***Electrodes 1_______________________________
chown: invalid user: `terminal:terminal'
Execution Time:0.003703
wrong

***No_Match_Found 4_______________________________
chown: invalid user: `terminal:terminal'
Execution Time:1.54974
wrong

***No_Match_Found 4_______________________________
chown: invalid user: `terminal:terminal'

***d3ViLHuN8r 6_______________________________
time excd
chown: invalid user: `terminal:terminal'
run time error
***code_it 1_______________________________
chown: invalid user: `terminal:terminal'
Execution Time:0.004053
wrong

***inception 7_______________________________
chown: invalid user: `terminal:terminal'
run time error
***code_it 1_______________________________
chown: invalid user: `terminal:terminal'
Execution Time:0.003544
wrong

***HUNTERS 1_______________________________
chown: invalid user: `terminal:terminal'
Execution Time:0.002861
wrong

***dead_coders 1_______________________________
chown: invalid user: `terminal:terminal'
Execution Time:0.002916
wrong

***Np_Complete 4_______________________________
chown: invalid user: `terminal:terminal'
Execution Time:1.37422
wrong

***plethora 2_______________________________
chown: invalid user: `terminal:terminal'
Execution Time:0.00258
wrong

***KanpurKcoders 1_______________________________
chown: invalid user: `terminal:terminal'
Execution Time:0.28398
wrong

***code_it 1_______________________________
chown: invalid user: `terminal:terminal'
Execution Time:0.003736
wrong

***KanpurKcoders 1_______________________________

***HUNTERS 1_______________________________
chown: invalid user: `terminal:terminal'
Error exec: Text file busy
execution error
chown: invalid user: `terminal:terminal'
Execution Time:0.002799
wrong

***BPTroll 2_______________________________
chown: invalid user: `terminal:terminal'
Execution Time:0.850825
wrong

***genetic 3_______________________________
chown: invalid user: `terminal:terminal'
Execution Time:0.02284
wrong

***haybale 1_______________________________
chown: invalid user: `terminal:terminal'
Execution Time:0.004704
wrong

***HUNTERS 1_______________________________
chown: invalid user: `terminal:terminal'
Execution Time:0.002477
wrong

***HUNTERS 1_______________________________
chown: invalid user: `terminal:terminal'
Execution Time:0.002606
wrong

***ATHARVA 1_______________________________
chown: invalid user: `terminal:terminal'
Execution Time:0.002486
wrong

***HUNTERS 1_______________________________
chown: invalid user: `terminal:terminal'
Execution Time:0.003253
wrong

***KanpurKcoders 1_______________________________

***ATHARVA 1_______________________________
chown: invalid user: `terminal:terminal'
Error exec: Text file busy
execution error
chown: invalid user: `terminal:terminal'
Execution Time:0.002862
wrong

***KanpurKcoders 1_______________________________
chown: invalid user: `terminal:terminal'
Execution Time:0.004902
wrong

***tech_monster 1_______________________________
chown: invalid user: `terminal:terminal'
Execution Time:0.012477
wrong

***Dynamic_Coders 8_______________________________
chown: invalid user: `terminal:terminal'
run time error
***Chainz 2_______________________________
chown: invalid user: `terminal:terminal'
Illegal system call

***d3ViLHuN8r 1_______________________________
chown: invalid user: `terminal:terminal'
Execution Time:0.002622
wrong

***plethora 1_______________________________
chown: invalid user: `terminal:terminal'
Execution Time:0.002603
wrong

***HUNTERS 1_______________________________
chown: invalid user: `terminal:terminal'
Execution Time:0.002551
wrong

***HUNTERS 1_______________________________
chown: invalid user: `terminal:terminal'
Execution Time:0.00471
wrong

***SteadyPlayers 1_______________________________
chown: invalid user: `terminal:terminal'
Execution Time:0.002462
wrong

***dead_coders 1_______________________________
chown: invalid user: `terminal:terminal'
Execution Time:0.002667
wrong

***ATHARVA 1_______________________________
chown: invalid user: `terminal:terminal'
Execution Time:0.002515
wrong

***Dicatators 1_______________________________
chown: invalid user: `terminal:terminal'
Execution Time:0.002807
wrong

***naughtyCoders 6_______________________________
code/naughtyCoders/6/6.cpp: In function 'int main()':
code/naughtyCoders/6/6.cpp:22:26: warning: format '%lld' expects argument of type 'long long int*', but argument 2 has type 'int*' [-Wformat]
code/naughtyCoders/6/6.cpp:22:26: warning: format '%lld' expects argument of type 'long long int*', but argument 3 has type 'int*' [-Wformat]
chown: invalid user: `terminal:terminal'
time excd

***spd 1_______________________________
chown: invalid user: `terminal:terminal'
Execution Time:0.002906
wrong

***code_it 1_______________________________
chown: invalid user: `terminal:terminal'
Execution Time:0.003465
wrong

***code_it 1_______________________________
chown: invalid user: `terminal:terminal'
Execution Time:0.003372
wrong

***hazard 1_______________________________
chown: invalid user: `terminal:terminal'
Execution Time:0.002864
wrong

***hazard 1_______________________________
chown: invalid user: `terminal:terminal'
Execution Time:0.002832
wrong

***KanpurKcoders 1_______________________________
chown: invalid user: `terminal:terminal'
Execution Time:0.002936
wrong

***Chainz 1_______________________________
chown: invalid user: `terminal:terminal'
Execution Time:0.002665
wrong

***wingies 6_______________________________
chown: invalid user: `terminal:terminal'
run time error
***ATHARVA 1_______________________________
chown: invalid user: `terminal:terminal'
Execution Time:0.005175
wrong

***ATHARVA 1_______________________________
chown: invalid user: `terminal:terminal'
Execution Time:0.00254
wrong

***ATHARVA 1_______________________________
chown: invalid user: `terminal:terminal'
Execution Time:0.002536
wrong

***wingies 6_______________________________
chown: invalid user: `terminal:terminal'
run time error
***ATHARVA 1_______________________________
chown: invalid user: `terminal:terminal'
Execution Time:0.002832
wrong

***naughtyCoders 6_______________________________
code/naughtyCoders/6/6.cpp: In function 'int main()':
code/naughtyCoders/6/6.cpp:20:26: warning: format '%lld' expects argument of type 'long long int*', but argument 2 has type 'int*' [-Wformat]
code/naughtyCoders/6/6.cpp:20:26: warning: format '%lld' expects argument of type 'long long int*', but argument 3 has type 'int*' [-Wformat]
chown: invalid user: `terminal:terminal'
time excd

***d3ViLHuN8r 6_______________________________
chown: invalid user: `terminal:terminal'
run time error
***2_year 1_______________________________
chown: invalid user: `terminal:terminal'
Execution Time:0.002554
wrong

***winners 1_______________________________
chown: invalid user: `terminal:terminal'
Execution Time:0.002539
wrong

***Adhokshaja 6_______________________________
code/Adhokshaja/6/6.c: In function 'int main()':
code/Adhokshaja/6/6.c:19:18: warning: format '%d' expects argument of type 'int*', but argument 2 has type 'long long int*' [-Wformat]
code/Adhokshaja/6/6.c:30:26: warning: format '%d' expects argument of type 'int', but argument 2 has type 'long long int' [-Wformat]
code/Adhokshaja/6/6.c:35:24: warning: format '%d' expects argument of type 'int', but argument 2 has type 'long long int' [-Wformat]
chown: invalid user: `terminal:terminal'
Illegal system call

***manchester 4_______________________________
chown: invalid user: `terminal:terminal'
time excd

***BPTroll 1_______________________________
chown: invalid user: `terminal:terminal'
Execution Time:0.004716
wrong

***wingies 6_______________________________
chown: invalid user: `terminal:terminal'
run time error
***manchester 4_______________________________
chown: invalid user: `terminal:terminal'
time excd

***manchester 4_______________________________
chown: invalid user: `terminal:terminal'
time excd

***manchester 4_______________________________
chown: invalid user: `terminal:terminal'
time excd

***manchester 4_______________________________
chown: invalid user: `terminal:terminal'
time excd

***manchester 4_______________________________
chown: invalid user: `terminal:terminal'
Execution Time:1.79331
wrong

***manchester 4_______________________________
chown: invalid user: `terminal:terminal'
time excd

***manchester 4_______________________________
chown: invalid user: `terminal:terminal'
time excd

***manchester 4_______________________________
chown: invalid user: `terminal:terminal'
Execution Time:1.91891
wrong

***manchester 4_______________________________
chown: invalid user: `terminal:terminal'
Execution Time:1.80761
wrong

***manchester 4_______________________________
chown: invalid user: `terminal:terminal'
time excd

***manchester 4_______________________________
chown: invalid user: `terminal:terminal'
time excd

***manchester 4_______________________________
chown: invalid user: `terminal:terminal'
time excd

***manchester 4_______________________________
chown: invalid user: `terminal:terminal'
Execution Time:1.91225
wrong

***manchester 4_______________________________
chown: invalid user: `terminal:terminal'
Execution Time:1.78741
wrong

***manchester 4_______________________________
chown: invalid user: `terminal:terminal'
time excd

***manchester 4_______________________________
chown: invalid user: `terminal:terminal'
Execution Time:1.75022
wrong

***manchester 4_______________________________
chown: invalid user: `terminal:terminal'
Execution Time:1.90137
wrong

***manchester 4_______________________________
chown: invalid user: `terminal:terminal'
Execution Time:1.9159
wrong

***manchester 4_______________________________
chown: invalid user: `terminal:terminal'
Execution Time:1.86914
wrong

***manchester 4_______________________________
chown: invalid user: `terminal:terminal'
Execution Time:1.87578
wrong

***manchester 4_______________________________
chown: invalid user: `terminal:terminal'
Execution Time:1.76348
wrong

***manchester 4_______________________________
chown: invalid user: `terminal:terminal'
time excd

***manchester 4_______________________________
chown: invalid user: `terminal:terminal'
Execution Time:1.88644
wrong

***manchester 4_______________________________
chown: invalid user: `terminal:terminal'
Execution Time:1.88331
wrong

***manchester 4_______________________________
chown: invalid user: `terminal:terminal'

***CodeMasters 7_______________________________
time excd
chown: invalid user: `terminal:terminal'
run time error
***manchester 4_______________________________
chown: invalid user: `terminal:terminal'
Execution Time:1.98266
wrong

***manchester 4_______________________________
chown: invalid user: `terminal:terminal'
Execution Time:1.23721
wrong

***manchester 4_______________________________
chown: invalid user: `terminal:terminal'

***HUNTERS 1_______________________________
chown: invalid user: `terminal:terminal'
Execution Time:0.167078
wrong
time excd

***manchester 4_______________________________
chown: invalid user: `terminal:terminal'
Execution Time:1.22021
wrong

***manchester 4_______________________________
chown: invalid user: `terminal:terminal'

***No_Match_Found 4_______________________________
chown: invalid user: `terminal:terminal'
time excd

***manchester 4_______________________________
chown: invalid user: `terminal:terminal'
time excd
time excd

***manchester 4_______________________________
chown: invalid user: `terminal:terminal'

***inception 7_______________________________
chown: invalid user: `terminal:terminal'
run time errortime excd

***manchester 4_______________________________
chown: invalid user: `terminal:terminal'
Execution Time:1.79254
wrong

***manchester 4_______________________________
chown: invalid user: `terminal:terminal'
Execution Time:1.81076
wrong

***manchester 4_______________________________
chown: invalid user: `terminal:terminal'
Execution Time:1.64164
wrong

***manchester 4_______________________________
chown: invalid user: `terminal:terminal'
time excd

***manchester 4_______________________________
chown: invalid user: `terminal:terminal'
time excd

***manchester 4_______________________________
chown: invalid user: `terminal:terminal'
time excd

***manchester 4_______________________________
chown: invalid user: `terminal:terminal'
time excd

***CYCLADES 8_______________________________
chown: invalid user: `terminal:terminal'
time excd

***assassins 1_______________________________
chown: invalid user: `terminal:terminal'
Execution Time:0.004482
wrong

***spd 4_______________________________
code/spd/4/i4.c: In function 'int main()':
code/spd/4/i4.c:15:21: warning: format '%d' expects argument of type 'int*', but argument 2 has type 'long int*' [-Wformat]
code/spd/4/i4.c:34:29: warning: format '%ld' expects argument of type 'long int', but argument 2 has type 'long long int' [-Wformat]
chown: invalid user: `terminal:terminal'
Execution Time:1.21794
wrong

***spd 1_______________________________
chown: invalid user: `terminal:terminal'
Execution Time:0.002613
wrong

***dead_coders 4_______________________________
chown: invalid user: `terminal:terminal'
Execution Time:0.111122
wrong

***goblins 2_______________________________
chown: invalid user: `terminal:terminal'
Execution Time:0.913142
wrong

***No_Match_Found 4_______________________________
chown: invalid user: `terminal:terminal'
Execution Time:0.575426
wrong

***d3ViLHuN8r 4_______________________________
code/d3ViLHuN8r/4/q4.cpp: In function 'int main()':
code/d3ViLHuN8r/4/q4.cpp:14:22: warning: format '%d' expects argument of type 'int*', but argument 2 has type 'long int*' [-Wformat]
chown: invalid user: `terminal:terminal'
Execution Time:1.37095
wrong

***CYCLADES 8_______________________________
code/CYCLADES/8/temp.cpp: In function 'int main()':
code/CYCLADES/8/temp.cpp:18:19: warning: format '%s' expects argument of type 'char*', but argument 2 has type 'char (*)[(((unsigned int)((int)n)) + 1)]' [-Wformat]
code/CYCLADES/8/temp.cpp:19:19: warning: format '%s' expects argument of type 'char*', but argument 2 has type 'char (*)[(((unsigned int)((int)n)) + 1)]' [-Wformat]
chown: invalid user: `terminal:terminal'
time excd

***No_Match_Found 4_______________________________
chown: invalid user: `terminal:terminal'
Execution Time:0.537673
wrong

***spd 4_______________________________
code/spd/4/i4.c: In function 'int main()':
code/spd/4/i4.c:15:21: warning: format '%d' expects argument of type 'int*', but argument 2 has type 'long int*' [-Wformat]
code/spd/4/i4.c:34:29: warning: format '%ld' expects argument of type 'long int', but argument 2 has type 'long long int' [-Wformat]
chown: invalid user: `terminal:terminal'
Execution Time:1.41614
wrong

***blink 1_______________________________
chown: invalid user: `terminal:terminal'
run time error
***ATHARVA 6_______________________________
chown: invalid user: `terminal:terminal'
run time error
***blink 7_______________________________
chown: invalid user: `terminal:terminal'
run time error
***CodeMasters 7_______________________________
chown: invalid user: `terminal:terminal'
run time error
***ATHARVA 6_______________________________
/usr/lib/gcc/i686-linux-gnu/4.6/../../../i386-linux-gnu/crt1.o: In function `_start':
(.text+0x18): undefined reference to `main'
collect2: ld returned 1 exit status
compile err
***ATHARVA 6_______________________________
chown: invalid user: `terminal:terminal'
run time error
***ATHARVA 6_______________________________
chown: invalid user: `terminal:terminal'
run time error
***dead_coders 4_______________________________

***ATHARVA 6_______________________________
chown: invalid user: `terminal:terminal'
Execution Time:0.391643
wrong
chown: invalid user: `terminal:terminal'
run time error
***ATHARVA 6_______________________________
chown: invalid user: `terminal:terminal'
run time error
***ATHARVA 6_______________________________
chown: invalid user: `terminal:terminal'
run time error
***ATHARVA 6_______________________________
chown: invalid user: `terminal:terminal'
run time error
***ATHARVA 6_______________________________
chown: invalid user: `terminal:terminal'
run time error
***ATHARVA 6_______________________________
illegal file

***ATHARVA 6_______________________________
chown: invalid user: `terminal:terminal'
run time error
***admin 1_______________________________
chown: invalid user: `terminal:terminal'
Execution Time:0.002798
wrong

***system 2_______________________________
chown: invalid user: `terminal:terminal'
Execution Time:0.039423
wrong

***KanpurKcoders 6_______________________________
chown: invalid user: `terminal:terminal'

***system 2_______________________________
chown: invalid user: `terminal:terminal'
Execution Time:0.019241
wrong

***system 2_______________________________
chown: invalid user: `terminal:terminal'
Execution Time:0.018536
wrong
time excd

***Reincarnation 6_______________________________
chown: invalid user: `terminal:terminal'
run time error
***CYCLADES 8_______________________________
code/CYCLADES/8/temp.cpp: In function 'int main()':
code/CYCLADES/8/temp.cpp:18:19: warning: format '%s' expects argument of type 'char*', but argument 2 has type 'char (*)[(((unsigned int)((int)n)) + 1)]' [-Wformat]
code/CYCLADES/8/temp.cpp:19:19: warning: format '%s' expects argument of type 'char*', but argument 2 has type 'char (*)[(((unsigned int)((int)n)) + 1)]' [-Wformat]
chown: invalid user: `terminal:terminal'
time excd

***d3ViLHuN8r 4_______________________________
code/d3ViLHuN8r/4/q4.cpp: In function 'int main()':
code/d3ViLHuN8r/4/q4.cpp:14:22: warning: format '%d' expects argument of type 'int*', but argument 2 has type 'long int*' [-Wformat]
chown: invalid user: `terminal:terminal'
Execution Time:1.52915
wrong

***Dynamic_Coders 2_______________________________
chown: invalid user: `terminal:terminal'
time excd

***Adhokshaja 1_______________________________
chown: invalid user: `terminal:terminal'
Execution Time:0.002522
wrong

***Reincarnation 6_______________________________
chown: invalid user: `terminal:terminal'
run time error
***dead_coders 1_______________________________
chown: invalid user: `terminal:terminal'
Execution Time:0.00301
wrong

***Dicatators 6_______________________________
chown: invalid user: `terminal:terminal'
run time error
***admin 1_______________________________
chown: invalid user: `terminal:terminal'
Execution Time:0.005912
wrong

***Blue_Devils 2_______________________________
chown: invalid user: `terminal:terminal'
Execution Time:0.406374
wrong

***inception 7_______________________________
chown: invalid user: `terminal:terminal'
run time error
***Adhokshaja 1_______________________________
chown: invalid user: `terminal:terminal'
Execution Time:0.002831
wrong

***genetic 3_______________________________
chown: invalid user: `terminal:terminal'
Execution Time:0.021288
wrong

***admin 1_______________________________
chown: invalid user: `terminal:terminal'
Execution Time:0.003863
wrong

***plethora 1_______________________________
chown: invalid user: `terminal:terminal'
Execution Time:0.002523
wrong

***Blue_Devils 1_______________________________
chown: invalid user: `terminal:terminal'
Execution Time:0.01793
wrong

***code_it 2_______________________________
chown: invalid user: `terminal:terminal'
time excd

***genetic 3_______________________________
chown: invalid user: `terminal:terminal'
Execution Time:0.023711
right
***plethora 1_______________________________
chown: invalid user: `terminal:terminal'
Execution Time:0.002905
wrong

***inception 7_______________________________
chown: invalid user: `terminal:terminal'
run time error
***inception 7_______________________________
chown: invalid user: `terminal:terminal'
run time error
***silent_assassins 2_______________________________
chown: invalid user: `terminal:terminal'
Execution Time:0.03284
wrong

***silent_assassins 2_______________________________
illegal file

***naughtyCoders 6_______________________________
code/naughtyCoders/6/6.cpp: In function 'int main()':
code/naughtyCoders/6/6.cpp:43:47: error: no matching function for call to 'find(std::vector<int>::iterator, std::vector<int>::iterator, long long int&)'
code/naughtyCoders/6/6.cpp:43:47: note: candidate is:
/usr/include/c++/4.6/bits/streambuf_iterator.h:359:5: note: template<class _CharT2> typename __gnu_cxx::__enable_if<std::__is_char<_CharT2>::__value, std::istreambuf_iterator<_CharT2, std::char_traits<_CharT> > >::__type std::find(std::istreambuf_iterator<_CharT2, std::char_traits<_CharT> >, std::istreambuf_iterator<_CharT2, std::char_traits<_CharT> >, const _CharT2&)
code/naughtyCoders/6/6.cpp:56:44: error: no matching function for call to 'find(std::vector<int>::iterator, std::vector<int>::iterator, long long int&)'
code/naughtyCoders/6/6.cpp:56:44: note: candidate is:
/usr/include/c++/4.6/bits/streambuf_iterator.h:359:5: note: template<class _CharT2> typename __gnu_cxx::__enable_if<std::__is_char<_CharT2>::__value, std::istreambuf_iterator<_CharT2, std::char_traits<_CharT> > >::__type std::find(std::istreambuf_iterator<_CharT2, std::char_traits<_CharT> >, std::istreambuf_iterator<_CharT2, std::char_traits<_CharT> >, const _CharT2&)
compile err
***system 8_______________________________
code/system/8/fn.c: In function 'int main()':
code/system/8/fn.c:29:27: warning: format '%d' expects argument of type 'int*', but argument 2 has type 'long int*' [-Wformat]
code/system/8/fn.c:29:27: warning: format '%d' expects argument of type 'int*', but argument 3 has type 'long int*' [-Wformat]
code/system/8/fn.c:42:32: error: 'fn2' was not declared in this scope
code/system/8/fn.c: At global scope:
code/system/8/fn.c:51:21: error: use of parameter 'i' outside function body
code/system/8/fn.c:51:23: error: expected ')' before ',' token
code/system/8/fn.c:51:24: error: expected unqualified-id before 'int'
code/system/8/fn.c:57:21: error: use of parameter 'i' outside function body
code/system/8/fn.c:57:23: error: expected ')' before ',' token
code/system/8/fn.c:57:24: error: expected unqualified-id before 'int'
compile err
***watson 2_______________________________
chown: invalid user: `terminal:terminal'
Execution Time:0.101268
wrong

***naughtyCoders 6_______________________________
code/naughtyCoders/6/6.cpp: In function 'int main()':
code/naughtyCoders/6/6.cpp:43:47: error: no matching function for call to 'find(std::vector<int>::iterator, std::vector<int>::iterator, long long int&)'
code/naughtyCoders/6/6.cpp:43:47: note: candidate is:
/usr/include/c++/4.6/bits/streambuf_iterator.h:359:5: note: template<class _CharT2> typename __gnu_cxx::__enable_if<std::__is_char<_CharT2>::__value, std::istreambuf_iterator<_CharT2, std::char_traits<_CharT> > >::__type std::find(std::istreambuf_iterator<_CharT2, std::char_traits<_CharT> >, std::istreambuf_iterator<_CharT2, std::char_traits<_CharT> >, const _CharT2&)
code/naughtyCoders/6/6.cpp:56:44: error: no matching function for call to 'find(std::vector<int>::iterator, std::vector<int>::iterator, long long int&)'
code/naughtyCoders/6/6.cpp:56:44: note: candidate is:
/usr/include/c++/4.6/bits/streambuf_iterator.h:359:5: note: template<class _CharT2> typename __gnu_cxx::__enable_if<std::__is_char<_CharT2>::__value, std::istreambuf_iterator<_CharT2, std::char_traits<_CharT> > >::__type std::find(std::istreambuf_iterator<_CharT2, std::char_traits<_CharT> >, std::istreambuf_iterator<_CharT2, std::char_traits<_CharT> >, const _CharT2&)
compile err
***worst_coder 2_______________________________
chown: invalid user: `terminal:terminal'
Execution Time:0.42852
wrong

***naughtyCoders 6_______________________________
chown: invalid user: `terminal:terminal'
time excd

***admin 2_______________________________
chown: invalid user: `terminal:terminal'
Execution Time:0.566512
wrong

***Np_Complete 1_______________________________
chown: invalid user: `terminal:terminal'
Execution Time:0.002924
wrong

***naughtyCoders 6_______________________________
chown: invalid user: `terminal:terminal'

***d3ViLHuN8r 6_______________________________
code/d3ViLHuN8r/6/q6.cpp: In function 'int main()':
code/d3ViLHuN8r/6/q6.cpp:20:22: warning: format '%d' expects argument of type 'int*', but argument 2 has type 'long long int*' [-Wformat]
code/d3ViLHuN8r/6/q6.cpp:27:25: warning: format '%d' expects argument of type 'int', but argument 2 has type 'long long int' [-Wformat]
time excd
chown: invalid user: `terminal:terminal'
time excd

***OYES 7_______________________________
chown: invalid user: `terminal:terminal'
run time error
***OYES 7_______________________________
chown: invalid user: `terminal:terminal'
run time error
***CodeMasters 7_______________________________
code/CodeMasters/7/dc3.c: In function 'int main()':
code/CodeMasters/7/dc3.c:5:1: error: 'cin' was not declared in this scope
code/CodeMasters/7/dc3.c:5:1: note: suggested alternative:
/usr/include/c++/4.6/iostream:61:18: note:   'std::cin'
code/CodeMasters/7/dc3.c:44:1: error: 'cout' was not declared in this scope
code/CodeMasters/7/dc3.c:44:1: note: suggested alternative:
/usr/include/c++/4.6/iostream:62:18: note:   'std::cout'
code/CodeMasters/7/dc3.c:44:23: error: 'endl' was not declared in this scope
code/CodeMasters/7/dc3.c:44:23: note: suggested alternative:
/usr/include/c++/4.6/ostream:543:5: note:   'std::endl'
compile err
***silent_assassins 2_______________________________
chown: invalid user: `terminal:terminal'
Execution Time:0.04873
wrong

***hazard 1_______________________________
chown: invalid user: `terminal:terminal'
Execution Time:0.002754
wrong

***hazard 1_______________________________
chown: invalid user: `terminal:terminal'
Execution Time:0.002796
wrong

***hazard 1_______________________________
chown: invalid user: `terminal:terminal'
Execution Time:0.003
wrong

***hazard 1_______________________________
chown: invalid user: `terminal:terminal'
Execution Time:0.002873
wrong

***hazard 1_______________________________
chown: invalid user: `terminal:terminal'
Execution Time:0.013469
wrong

***hazard 1_______________________________
chown: invalid user: `terminal:terminal'
Execution Time:0.002856
wrong

***hazard 1_______________________________
chown: invalid user: `terminal:terminal'
Execution Time:0.00288
wrong

***naughtyCoders 6_______________________________

***hazard 1_______________________________
chown: invalid user: `terminal:terminal'
Execution Time:0.002599
wrong

***hazard 1_______________________________
chown: invalid user: `terminal:terminal'
Error exec: Text file busy
execution error
chown: invalid user: `terminal:terminal'
run time error
***2_year 4_______________________________
chown: invalid user: `terminal:terminal'
Execution Time:1.5226
wrong

***2_year 4_______________________________
chown: invalid user: `terminal:terminal'
Execution Time:1.78968
wrong

***naughtyCoders 6_______________________________
chown: invalid user: `terminal:terminal'
time excd

***admin 1_______________________________
chown: invalid user: `terminal:terminal'
Execution Time:0.003663
wrong

***naughtyCoders 6_______________________________
chown: invalid user: `terminal:terminal'
time excd

***d3ViLHuN8r 4_______________________________
code/d3ViLHuN8r/4/q4.cpp: In function 'int main()':
code/d3ViLHuN8r/4/q4.cpp:14:22: warning: format '%d' expects argument of type 'int*', but argument 2 has type 'long int*' [-Wformat]
chown: invalid user: `terminal:terminal'
Execution Time:1.30092
wrong

***spd 2_______________________________
chown: invalid user: `terminal:terminal'
Execution Time:0.698279
wrong

***silent_assassins 2_______________________________
chown: invalid user: `terminal:terminal'
Execution Time:0.002922
wrong

***2_year 4_______________________________
chown: invalid user: `terminal:terminal'

***CodeMasters 7_______________________________
illegal file
Execution Time:1.98905
wrong

***2_year 4_______________________________
chown: invalid user: `terminal:terminal'
Execution Time:1.38251
wrong

***2_year 4_______________________________
chown: invalid user: `terminal:terminal'
Execution Time:1.59946
wrong

***2_year 4_______________________________
chown: invalid user: `terminal:terminal'
Execution Time:1.28781
wrong

***CodeMasters 7_______________________________
chown: invalid user: `terminal:terminal'
run time error
***naughtyCoders 6_______________________________
chown: invalid user: `terminal:terminal'
time excd

***naughtyCoders 6_______________________________
chown: invalid user: `terminal:terminal'
time excd

***naughtyCoders 6_______________________________
chown: invalid user: `terminal:terminal'
time excd

***naughtyCoders 6_______________________________
chown: invalid user: `terminal:terminal'
time excd

***Reincarnation 6_______________________________
code/Reincarnation/6/6.cpp: In function 'int main()':
code/Reincarnation/6/6.cpp:13:16: error: expected statement at end of input
code/Reincarnation/6/6.cpp:13:16: error: expected '}' at end of input
code/Reincarnation/6/6.cpp:13:16: error: expected '}' at end of input
compile err
***dumbo 7_______________________________
chown: invalid user: `terminal:terminal'
run time error
***goblins 2_______________________________
chown: invalid user: `terminal:terminal'
Execution Time:0.908054
wrong

***Reincarnation 6_______________________________
code/Reincarnation/6/6.cpp: In function 'int main()':
code/Reincarnation/6/6.cpp:13:16: error: expected statement at end of input
code/Reincarnation/6/6.cpp:13:16: error: expected '}' at end of input
code/Reincarnation/6/6.cpp:13:16: error: expected '}' at end of input
compile err
***Reincarnation 6_______________________________
code/Reincarnation/6/map.cpp: In function 'int main()':
code/Reincarnation/6/map.cpp:36:23: warning: format '%d' expects argument of type 'int', but argument 2 has type 'long long int' [-Wformat]
chown: invalid user: `terminal:terminal'
time excd

***OYES 7_______________________________
code/OYES/7/b_num.c: In function 'int main()':
code/OYES/7/b_num.c:34:21: warning: format '%lld' expects argument of type 'long long int*', but argument 2 has type 'int*' [-Wformat]
chown: invalid user: `terminal:terminal'
Execution Time:0.062936
wrong

***spd 4_______________________________
code/spd/4/i4.c: In function 'int main()':
code/spd/4/i4.c:15:21: warning: format '%d' expects argument of type 'int*', but argument 2 has type 'long int*' [-Wformat]
code/spd/4/i4.c:34:29: warning: format '%ld' expects argument of type 'long int', but argument 2 has type 'long long int' [-Wformat]
chown: invalid user: `terminal:terminal'
Execution Time:1.7444
wrong

***hazard 1_______________________________
chown: invalid user: `terminal:terminal'
Execution Time:0.002573
wrong

***hazard 1_______________________________
chown: invalid user: `terminal:terminal'
Execution Time:0.002566
wrong

***naughtyCoders 1_______________________________
chown: invalid user: `terminal:terminal'
Execution Time:0.045106
wrong

***dumbo 7_______________________________
code/dumbo/7/prime.c: In function 'int main()':
code/dumbo/7/prime.c:5:16: warning: format '%d' expects argument of type 'int*', but argument 2 has type 'long int*' [-Wformat]
code/dumbo/7/prime.c:8:18: warning: format '%d' expects argument of type 'int*', but argument 2 has type 'long int*' [-Wformat]
code/dumbo/7/prime.c:14:18: warning: format '%d' expects argument of type 'int*', but argument 2 has type 'long int*' [-Wformat]
code/dumbo/7/prime.c:28:28: warning: format '%d' expects argument of type 'int', but argument 2 has type 'long int' [-Wformat]
chown: invalid user: `terminal:terminal'
run time error
***dumbo 7_______________________________
code/dumbo/7/prime.c: In function 'int main()':
code/dumbo/7/prime.c:5:16: warning: format '%d' expects argument of type 'int*', but argument 2 has type 'long int*' [-Wformat]
code/dumbo/7/prime.c:8:18: warning: format '%d' expects argument of type 'int*', but argument 2 has type 'long int*' [-Wformat]
code/dumbo/7/prime.c:14:18: warning: format '%d' expects argument of type 'int*', but argument 2 has type 'long int*' [-Wformat]
code/dumbo/7/prime.c:28:28: warning: format '%d' expects argument of type 'int', but argument 2 has type 'long int' [-Wformat]
chown: invalid user: `terminal:terminal'
run time error
***2_year 4_______________________________
chown: invalid user: `terminal:terminal'
time excd

***2_year 4_______________________________
code/2_year/4/2_year_4.c: In function 'int main()':
code/2_year/4/2_year_4.c:25:22: warning: format '%lld' expects argument of type 'long long int', but argument 2 has type 'int' [-Wformat]
chown: invalid user: `terminal:terminal'
Execution Time:1.39299
wrong

***2_year 4_______________________________
code/2_year/4/2_year_4.c: In function 'int main()':
code/2_year/4/2_year_4.c:25:22: warning: format '%lld' expects argument of type 'long long int', but argument 2 has type 'int' [-Wformat]
chown: invalid user: `terminal:terminal'
Execution Time:1.28754
wrong

***fleur 7_______________________________
chown: invalid user: `terminal:terminal'
run time error
***2_year 4_______________________________
chown: invalid user: `terminal:terminal'
time excd

***WhysoSerious 2_______________________________
chown: invalid user: `terminal:terminal'
Execution Time:0.114738
wrong

***2_year 4_______________________________
chown: invalid user: `terminal:terminal'
Execution Time:1.39193
wrong

***watson 6_______________________________
code/watson/6/6.c: In function 'int main()':
code/watson/6/6.c:16:20: warning: format '%d' expects argument of type 'int*', but argument 2 has type 'long long int*' [-Wformat]
code/watson/6/6.c:34:23: warning: format '%d' expects argument of type 'int', but argument 2 has type 'long long int' [-Wformat]
code/watson/6/6.c:41:23: warning: format '%d' expects argument of type 'int', but argument 2 has type 'long long int' [-Wformat]
chown: invalid user: `terminal:terminal'
time excd

***naughtyCoders 6_______________________________
chown: invalid user: `terminal:terminal'
time excd

***naughtyCoders 6_______________________________
chown: invalid user: `terminal:terminal'
time excd

***naughtyCoders 6_______________________________
chown: invalid user: `terminal:terminal'
time excd

***watson 7_______________________________
code/watson/7/7.c: In function 'int main()':
code/watson/7/7.c:5:15: warning: format '%d' expects argument of type 'int*', but argument 2 has type 'long long int*' [-Wformat]
chown: invalid user: `terminal:terminal'
run time error
***Electrodes 3_______________________________
chown: invalid user: `terminal:terminal'
Execution Time:0.013983
right
***naughtyCoders 6_______________________________
chown: invalid user: `terminal:terminal'
time excd

***naughtyCoders 6_______________________________
chown: invalid user: `terminal:terminal'
time excd

***naughtyCoders 6_______________________________
chown: invalid user: `terminal:terminal'
time excd

***system 8_______________________________
code/system/8/fn.c: In function 'int main()':
code/system/8/fn.c:30:26: warning: format '%d' expects argument of type 'int*', but argument 2 has type 'long int*' [-Wformat]
code/system/8/fn.c:31:19: warning: format '%d' expects argument of type 'int*', but argument 2 has type 'long int*' [-Wformat]
code/system/8/fn.c:51:32: error: 'fn2' was not declared in this scope
code/system/8/fn.c: At global scope:
code/system/8/fn.c:60:21: error: use of parameter 'i' outside function body
code/system/8/fn.c:60:23: error: expected ')' before ',' token
code/system/8/fn.c:60:24: error: expected unqualified-id before 'int'
code/system/8/fn.c:66:21: error: use of parameter 'i' outside function body
code/system/8/fn.c:66:23: error: expected ')' before ',' token
code/system/8/fn.c:66:24: error: expected unqualified-id before 'int'
compile err
***worst_coder 3_______________________________
chown: invalid user: `terminal:terminal'
Execution Time:0.016501
wrong

***naughtyCoders 6_______________________________
chown: invalid user: `terminal:terminal'
time excd

***No_Match_Found 2_______________________________
chown: invalid user: `terminal:terminal'
Execution Time:0.004937
wrong

***fleur 7_______________________________
chown: invalid user: `terminal:terminal'
run time error
***naughtyCoders 6_______________________________
chown: invalid user: `terminal:terminal'
time excd

***worst_coder 3_______________________________
chown: invalid user: `terminal:terminal'
Execution Time:0.016414
wrong

***BPTroll 2_______________________________
chown: invalid user: `terminal:terminal'
time excd

***worst_coder 3_______________________________
illegal file

***inception 7_______________________________
chown: invalid user: `terminal:terminal'
run time error
***system 8_______________________________
code/system/8/fn.c: In function 'int main()':
code/system/8/fn.c:30:26: warning: format '%d' expects argument of type 'int*', but argument 2 has type 'long int*' [-Wformat]
code/system/8/fn.c:31:19: warning: format '%d' expects argument of type 'int*', but argument 2 has type 'long int*' [-Wformat]
code/system/8/fn.c:51:32: error: 'fn2' was not declared in this scope
compile err
***worst_coder 3_______________________________
chown: invalid user: `terminal:terminal'
Execution Time:0.058838
wrong

***Chainz 7_______________________________
chown: invalid user: `terminal:terminal'
run time error
***d3ViLHuN8r 1_______________________________
chown: invalid user: `terminal:terminal'
Execution Time:0.038471
wrong

***BPTroll 2_______________________________
chown: invalid user: `terminal:terminal'
time excd

***OYES 3_______________________________
chown: invalid user: `terminal:terminal'
Execution Time:0.029874
wrong

***worst_coder 3_______________________________
chown: invalid user: `terminal:terminal'
Execution Time:0.053828
right
***naughtyCoders 6_______________________________
chown: invalid user: `terminal:terminal'
time excd

***Adhokshaja 8_______________________________
chown: invalid user: `terminal:terminal'
Execution Time:1.44223
wrong

***plethora 1_______________________________
chown: invalid user: `terminal:terminal'
Execution Time:0.004798
wrong

***plethora 1_______________________________
chown: invalid user: `terminal:terminal'
Execution Time:0.004372
wrong

***Adhokshaja 8_______________________________
chown: invalid user: `terminal:terminal'
Execution Time:0.358515
wrong

***Adhokshaja 8_______________________________
chown: invalid user: `terminal:terminal'
Execution Time:0.491188
wrong

***assassins 2_______________________________
chown: invalid user: `terminal:terminal'
Execution Time:0.532369
wrong

***OYES 3_______________________________
chown: invalid user: `terminal:terminal'
time excd

***Sodium 8_______________________________

***OYES 3_______________________________
chown: invalid user: `terminal:terminal'
chown: invalid user: `terminal:terminal'
time excd
time excd

***OYES 3_______________________________
chown: invalid user: `terminal:terminal'
Execution Time:0.21651
wrong

***OYES 3_______________________________
chown: invalid user: `terminal:terminal'
Execution Time:0.257414
wrong

***OYES 3_______________________________
chown: invalid user: `terminal:terminal'
Execution Time:0.321334
wrong

***d3ViLHuN8r 1_______________________________
chown: invalid user: `terminal:terminal'
Execution Time:0.010923
wrong

***Sodium 8_______________________________
chown: invalid user: `terminal:terminal'
Execution Time:0.770749
wrong

***system 7_______________________________
chown: invalid user: `terminal:terminal'
Execution Time:0.003048
wrong

***Sodium 8_______________________________
chown: invalid user: `terminal:terminal'
Execution Time:0.441476
wrong

***Sodium 8_______________________________
chown: invalid user: `terminal:terminal'
Execution Time:0.381128
wrong

***OYES 3_______________________________
code/OYES/3/catalan.c: In function 'int main()':
code/OYES/3/catalan.c:23:19: warning: format '%u' expects argument of type 'unsigned int*', but argument 2 has type 'long long unsigned int*' [-Wformat]
code/OYES/3/catalan.c:24:26: warning: format '%u' expects argument of type 'unsigned int', but argument 2 has type 'long long unsigned int' [-Wformat]
chown: invalid user: `terminal:terminal'
Execution Time:0.738488
wrong

***system 8_______________________________
code/system/8/fn.c: In function 'int main()':
code/system/8/fn.c:30:26: warning: format '%d' expects argument of type 'int*', but argument 2 has type 'long int*' [-Wformat]
code/system/8/fn.c:31:19: warning: format '%d' expects argument of type 'int*', but argument 2 has type 'long int*' [-Wformat]
code/system/8/fn.c:56:32: error: 'fn2' was not declared in this scope
compile err
***goblins 2_______________________________
chown: invalid user: `terminal:terminal'
Execution Time:0.969037
wrong

***2_year 4_______________________________
chown: invalid user: `terminal:terminal'
time excd

***system 8_______________________________
code/system/8/fn.c: In function 'int main()':
code/system/8/fn.c:30:26: warning: format '%d' expects argument of type 'int*', but argument 2 has type 'long int*' [-Wformat]
code/system/8/fn.c:31:19: warning: format '%d' expects argument of type 'int*', but argument 2 has type 'long int*' [-Wformat]
code/system/8/fn.c:56:32: error: 'fn2' was not declared in this scope
compile err
***worst_coder 2_______________________________
chown: invalid user: `terminal:terminal'
time excd

***Electrodes 6_______________________________
chown: invalid user: `terminal:terminal'
run time error
***Electrodes 6_______________________________
chown: invalid user: `terminal:terminal'
run time error
***Electrodes 6_______________________________
chown: invalid user: `terminal:terminal'
run time error
***code_riders 4_______________________________
chown: invalid user: `terminal:terminal'
time excd

***system 7_______________________________
chown: invalid user: `terminal:terminal'
Execution Time:0.003878
wrong

***system 7_______________________________
chown: invalid user: `terminal:terminal'
Execution Time:0.002877
wrong

***system 7_______________________________
chown: invalid user: `terminal:terminal'
Execution Time:0.002835
wrong

***system 7_______________________________
chown: invalid user: `terminal:terminal'
Execution Time:0.006719
wrong

***system 7_______________________________
chown: invalid user: `terminal:terminal'
Execution Time:0.002885
wrong

***system 7_______________________________
chown: invalid user: `terminal:terminal'
Execution Time:0.00287
wrong

***d3ViLHuN8r 4_______________________________
code/d3ViLHuN8r/4/q4.cpp: In function 'int main()':
code/d3ViLHuN8r/4/q4.cpp:14:22: warning: format '%d' expects argument of type 'int*', but argument 2 has type 'long int*' [-Wformat]
chown: invalid user: `terminal:terminal'
Execution Time:1.6089
wrong

***inception 7_______________________________
chown: invalid user: `terminal:terminal'
run time error
***Electrodes 6_______________________________
chown: invalid user: `terminal:terminal'
run time error
***system 8_______________________________
code/system/8/fn.c: In function 'int main()':
code/system/8/fn.c:30:26: warning: format '%d' expects argument of type 'int*', but argument 2 has type 'long int*' [-Wformat]
code/system/8/fn.c:31:19: warning: format '%d' expects argument of type 'int*', but argument 2 has type 'long int*' [-Wformat]
code/system/8/fn.c:56:32: error: 'fn2' was not declared in this scope
compile err
***blink 7_______________________________
chown: invalid user: `terminal:terminal'
run time error
***Adhokshaja 8_______________________________
chown: invalid user: `terminal:terminal'
Execution Time:0.513177
wrong

***silent_assassins 1_______________________________
chown: invalid user: `terminal:terminal'
Execution Time:0.005958
wrong

***Np_Complete 4_______________________________
code/Np_Complete/4/4.c: In function 'int main()':
code/Np_Complete/4/4.c:31:34: warning: format '%lld' expects argument of type 'long long int*', but argument 2 has type 'int*' [-Wformat]
chown: invalid user: `terminal:terminal'
time excd

***Napster 8_______________________________
code/Napster/8/8.c: In function 'int main()':
code/Napster/8/8.c:14:29: error: invalid conversion from 'void*' to 'char*' [-fpermissive]
code/Napster/8/8.c:15:29: error: invalid conversion from 'void*' to 'char*' [-fpermissive]
code/Napster/8/8.c:16:27: error: invalid conversion from 'void*' to 'int*' [-fpermissive]
code/Napster/8/8.c:17:27: error: invalid conversion from 'void*' to 'int*' [-fpermissive]
code/Napster/8/8.c:25:27: error: invalid conversion from 'void*' to 'int*' [-fpermissive]
code/Napster/8/8.c:26:27: error: invalid conversion from 'void*' to 'int*' [-fpermissive]
code/Napster/8/8.c:50:27: error: invalid conversion from 'void*' to 'int*' [-fpermissive]
compile err
***Lilliputs 3_______________________________
chown: invalid user: `terminal:terminal'
time excd

***raw_input 6_______________________________
code/raw_input/6/3.cpp: In function 'int main()':
code/raw_input/6/3.cpp:25:11: error: 'sort' was not declared in this scope
compile err
***raw_input 6_______________________________
code/raw_input/6/3.cpp: In function 'int main()':
code/raw_input/6/3.cpp:26:11: error: 'sort' was not declared in this scope
compile err
***admin 1_______________________________
chown: invalid user: `terminal:terminal'
Execution Time:0.111645
wrong

***UNKNOWN 7_______________________________
illegal file

***admin 1_______________________________
chown: invalid user: `terminal:terminal'
Execution Time:0.004347
wrong

***UNKNOWN 7_______________________________
chown: invalid user: `terminal:terminal'
Illegal system call

***UNKNOWN 7_______________________________
chown: invalid user: `terminal:terminal'
Illegal system call

***Napster 8_______________________________
chown: invalid user: `terminal:terminal'
time excd

***raw_input 6_______________________________
chown: invalid user: `terminal:terminal'
time excd

***assassins 1_______________________________
chown: invalid user: `terminal:terminal'
Execution Time:0.003021
wrong

***OYES 3_______________________________
code/OYES/3/catalan.c: In function 'int main()':
code/OYES/3/catalan.c:23:19: warning: format '%u' expects argument of type 'unsigned int*', but argument 2 has type 'long long unsigned int*' [-Wformat]
chown: invalid user: `terminal:terminal'
Execution Time:0.656557
right
***CYCLADES 7_______________________________
code/CYCLADES/7/temp.cpp: In function 'int main()':
code/CYCLADES/7/temp.cpp:18:19: warning: format '%s' expects argument of type 'char*', but argument 2 has type 'char (*)[(((unsigned int)((int)n)) + 1)]' [-Wformat]
code/CYCLADES/7/temp.cpp:19:19: warning: format '%s' expects argument of type 'char*', but argument 2 has type 'char (*)[(((unsigned int)((int)n)) + 1)]' [-Wformat]
chown: invalid user: `terminal:terminal'
time excd

***admin 1_______________________________
chown: invalid user: `terminal:terminal'
Execution Time:0.003319
wrong

***silent_assassins 1_______________________________
chown: invalid user: `terminal:terminal'
Execution Time:0.003661
wrong

***admin 1_______________________________
chown: invalid user: `terminal:terminal'
Execution Time:0.002824
wrong

***Np_Complete 4_______________________________
code/Np_Complete/4/4.c: In function 'int main()':
code/Np_Complete/4/4.c:31:34: warning: format '%lld' expects argument of type 'long long int*', but argument 2 has type 'int*' [-Wformat]
chown: invalid user: `terminal:terminal'
time excd

***worst_coder 2_______________________________
chown: invalid user: `terminal:terminal'
Execution Time:0.396241
wrong

***admin 1_______________________________
chown: invalid user: `terminal:terminal'
Execution Time:0.004145
right
***Np_Complete 4_______________________________
code/Np_Complete/4/4.c: In function 'int main()':
code/Np_Complete/4/4.c:31:34: warning: format '%lld' expects argument of type 'long long int*', but argument 2 has type 'int*' [-Wformat]
chown: invalid user: `terminal:terminal'
time excd

***Np_Complete 4_______________________________
code/Np_Complete/4/4.c: In function 'int main()':
code/Np_Complete/4/4.c:31:34: warning: format '%lld' expects argument of type 'long long int*', but argument 2 has type 'int*' [-Wformat]
chown: invalid user: `terminal:terminal'
time excd

***Napster 8_______________________________
chown: invalid user: `terminal:terminal'
time excd

***admin 1_______________________________
chown: invalid user: `terminal:terminal'
Execution Time:0.003136
wrong

***BPTroll 1_______________________________
chown: invalid user: `terminal:terminal'
Execution Time:0.005249
wrong

***Newbies 6_______________________________
chown: invalid user: `terminal:terminal'
Execution Time:1.95718
wrong

***admin 1_______________________________
chown: invalid user: `terminal:terminal'
Execution Time:0.015257
right
***thethunder 4_______________________________
chown: invalid user: `terminal:terminal'
time excd

***thethunder 4_______________________________
chown: invalid user: `terminal:terminal'
time excd

***thethunder 4_______________________________
chown: invalid user: `terminal:terminal'
time excd

***Blue_Devils 1_______________________________
chown: invalid user: `terminal:terminal'
Execution Time:0.004722
wrong

***d3ViLHuN8r 1_______________________________
chown: invalid user: `terminal:terminal'
Execution Time:0.002805
right
***assassins 1_______________________________
chown: invalid user: `terminal:terminal'
Execution Time:0.003001
wrong

***Np_Complete 4_______________________________
code/Np_Complete/4/4.c: In function 'int main()':
code/Np_Complete/4/4.c:31:34: warning: format '%lld' expects argument of type 'long long int*', but argument 2 has type 'int*' [-Wformat]
chown: invalid user: `terminal:terminal'
time excd

***code_it 1_______________________________
chown: invalid user: `terminal:terminal'
Execution Time:0.004649
right
***2_year 4_______________________________
chown: invalid user: `terminal:terminal'
Execution Time:1.44579
right
***UNKNOWN 1_______________________________
chown: invalid user: `terminal:terminal'
Illegal system call

***system 8_______________________________
code/system/8/fn.c: In function 'int main()':
code/system/8/fn.c:44:26: warning: format '%d' expects argument of type 'int*', but argument 2 has type 'long int*' [-Wformat]
code/system/8/fn.c:45:19: warning: format '%d' expects argument of type 'int*', but argument 2 has type 'long int*' [-Wformat]
chown: invalid user: `terminal:terminal'
run time error
***BPTroll 1_______________________________
chown: invalid user: `terminal:terminal'
Execution Time:0.002893
wrong

***ATHARVA 1_______________________________
chown: invalid user: `terminal:terminal'
Execution Time:0.008315
wrong

***KanpurKcoders 1_______________________________
chown: invalid user: `terminal:terminal'
Execution Time:0.053186
wrong

***robotics 1_______________________________
chown: invalid user: `terminal:terminal'
Execution Time:0.002883
wrong

***Np_Complete 4_______________________________
code/Np_Complete/4/4.c: In function 'int main()':
code/Np_Complete/4/4.c:31:34: warning: format '%lld' expects argument of type 'long long int*', but argument 2 has type 'int*' [-Wformat]
chown: invalid user: `terminal:terminal'
time excd

***silent_assassins 1_______________________________
chown: invalid user: `terminal:terminal'
Execution Time:0.009915
wrong

***UNKNOWN 7_______________________________
chown: invalid user: `terminal:terminal'
Illegal system call

***Blue_Devils 1_______________________________
chown: invalid user: `terminal:terminal'
Execution Time:0.005055
right
***dead_coders 1_______________________________

***2_year 1_______________________________
chown: invalid user: `terminal:terminal'
Error exec: Text file busy
execution error
chown: invalid user: `terminal:terminal'
Execution Time:0.004239
wrong

***plethora 1_______________________________
chown: invalid user: `terminal:terminal'
Execution Time:0.003137
right
***Adhokshaja 1_______________________________

***Ethan 2_______________________________
chown: invalid user: `terminal:terminal'
Execution Time:0.126149
wrong
chown: invalid user: `terminal:terminal'
time excd

***Ethan 2_______________________________
chown: invalid user: `terminal:terminal'
time excd

***Np_Complete 4_______________________________
code/Np_Complete/4/4.c: In function 'int main()':
code/Np_Complete/4/4.c:31:34: warning: format '%lld' expects argument of type 'long long int*', but argument 2 has type 'int*' [-Wformat]
chown: invalid user: `terminal:terminal'
time excd

***dead_coders 1_______________________________
chown: invalid user: `terminal:terminal'
Execution Time:0.004502
wrong

***dead_coders 1_______________________________
chown: invalid user: `terminal:terminal'
Execution Time:0.002993
wrong

***code_it 2_______________________________
chown: invalid user: `terminal:terminal'
time excd

***SIGSEGV 3_______________________________
chown: invalid user: `terminal:terminal'
Execution Time:0.150796
right
***Np_Complete 4_______________________________
code/Np_Complete/4/4.c: In function 'int main()':
code/Np_Complete/4/4.c:31:34: warning: format '%lld' expects argument of type 'long long int*', but argument 2 has type 'int*' [-Wformat]
chown: invalid user: `terminal:terminal'
time excd

***thethunder 4_______________________________
chown: invalid user: `terminal:terminal'
time excd

***Chainz 1_______________________________
chown: invalid user: `terminal:terminal'
Execution Time:0.003178
right
***Np_Complete 4_______________________________
code/Np_Complete/4/4.c: In function 'int main()':
code/Np_Complete/4/4.c:31:34: warning: format '%lld' expects argument of type 'long long int*', but argument 2 has type 'int*' [-Wformat]
chown: invalid user: `terminal:terminal'
Execution Time:1.42397
wrong

***Np_Complete 4_______________________________
code/Np_Complete/4/4.c: In function 'int main()':
code/Np_Complete/4/4.c:31:34: warning: format '%lld' expects argument of type 'long long int*', but argument 2 has type 'int*' [-Wformat]
chown: invalid user: `terminal:terminal'
time excd

***UNKNOWN 7_______________________________
chown: invalid user: `terminal:terminal'
run time error
***naughtyCoders 6_______________________________
code/naughtyCoders/6/beautiful6.cpp:8:17: error: two or more data types in declaration of 'type name'
code/naughtyCoders/6/beautiful6.cpp:8:20: error: template argument 1 is invalid
code/naughtyCoders/6/beautiful6.cpp:8:20: error: template argument 2 is invalid
code/naughtyCoders/6/beautiful6.cpp:8:25: error: invalid type in declaration before ';' token
code/naughtyCoders/6/beautiful6.cpp: In function 'int main()':
code/naughtyCoders/6/beautiful6.cpp:40:22: error: request for member 'begin' in 'list', which is of non-class type 'int'
code/naughtyCoders/6/beautiful6.cpp:40:35: error: request for member 'end' in 'list', which is of non-class type 'int'
code/naughtyCoders/6/beautiful6.cpp:40:62: error: request for member 'end' in 'list', which is of non-class type 'int'
code/naughtyCoders/6/beautiful6.cpp:43:12: error: request for member 'push_back' in 'list', which is of non-class type 'int'
code/naughtyCoders/6/beautiful6.cpp:49:29: error: request for member 'empty' in 'list', which is of non-class type 'int'
code/naughtyCoders/6/beautiful6.cpp:51:19: error: request for member 'begin' in 'list', which is of non-class type 'int'
code/naughtyCoders/6/beautiful6.cpp:51:32: error: request for member 'end' in 'list', which is of non-class type 'int'
code/naughtyCoders/6/beautiful6.cpp:52:16: error: request for member 'end' in 'list', which is of non-class type 'int'
code/naughtyCoders/6/beautiful6.cpp:53:21: warning: format '%d' expects argument of type 'int', but argument 2 has type 'long long int' [-Wformat]
code/naughtyCoders/6/beautiful6.cpp:63:8: error: request for member 'clear' in 'list', which is of non-class type 'int'
compile err
***silent_assassins 1_______________________________
chown: invalid user: `terminal:terminal'
Execution Time:0.014267
wrong

***system 8_______________________________
code/system/8/fn.c: In function 'int main()':
code/system/8/fn.c:44:26: warning: format '%d' expects argument of type 'int*', but argument 2 has type 'long int*' [-Wformat]
code/system/8/fn.c:45:19: warning: format '%d' expects argument of type 'int*', but argument 2 has type 'long int*' [-Wformat]
chown: invalid user: `terminal:terminal'
run time error
***Dynamic_Coders 7_______________________________
chown: invalid user: `terminal:terminal'

***musholm 6_______________________________
time excd
chown: invalid user: `terminal:terminal'
run time error
***system 7_______________________________
chown: invalid user: `terminal:terminal'
Execution Time:0.002817
wrong

***naughtyCoders 6_______________________________
chown: invalid user: `terminal:terminal'
time excd

***silent_assassins 4_______________________________
code/silent_assassins/4/p3.c: In function 'int main()':
code/silent_assassins/4/p3.c:51:6: error: 'flag' was not declared in this scope
code/silent_assassins/4/p3.c:52:17: error: 'N1' was not declared in this scope
code/silent_assassins/4/p3.c: At global scope:
code/silent_assassins/4/p3.c:54:3: error: expected unqualified-id before 'return'
code/silent_assassins/4/p3.c:55:3: error: expected declaration before '}' token
compile err
***Np_Complete 4_______________________________
code/Np_Complete/4/4.c: In function 'int main()':
code/Np_Complete/4/4.c:31:34: warning: format '%lld' expects argument of type 'long long int*', but argument 2 has type 'int*' [-Wformat]
chown: invalid user: `terminal:terminal'
time excd

***Dicatators 3_______________________________
chown: invalid user: `terminal:terminal'
time excd

***Ethan 2_______________________________

***system 8_______________________________
code/system/8/fn.c: In function 'int main()':
code/system/8/fn.c:44:26: warning: format '%d' expects argument of type 'int*', but argument 2 has type 'long int*' [-Wformat]
code/system/8/fn.c:45:19: warning: format '%d' expects argument of type 'int*', but argument 2 has type 'long int*' [-Wformat]
chown: invalid user: `terminal:terminal'
Error exec: Permission denied
execution error
chown: invalid user: `terminal:terminal'
run time error
***Ethan 2_______________________________
chown: invalid user: `terminal:terminal'
time excd

***fleur 2_______________________________
chown: invalid user: `terminal:terminal'
Execution Time:0.507935
wrong

***chasers 7_______________________________
chown: invalid user: `terminal:terminal'
run time error
***musholm 6_______________________________
code/musholm/6/bdemands.c: In function 'int main()':
code/musholm/6/bdemands.c:20:27: warning: format '%d' expects argument of type 'int', but argument 2 has type 'long int' [-Wformat]
chown: invalid user: `terminal:terminal'
run time error
***naughtyCoders 6_______________________________
chown: invalid user: `terminal:terminal'
time excd

***blink 7_______________________________
code/blink/7/in.c: In function 'int main()':
code/blink/7/in.c:8:15: warning: format '%d' expects argument of type 'int*', but argument 2 has type 'short int*' [-Wformat]
code/blink/7/in.c:12:16: warning: format '%d' expects argument of type 'int*', but argument 2 has type 'short int*' [-Wformat]
code/blink/7/in.c:15:20: warning: format '%d' expects argument of type 'int*', but argument 2 has type 'short int*' [-Wformat]
code/blink/7/in.c:17:16: warning: format '%d' expects argument of type 'int*', but argument 2 has type 'short int*' [-Wformat]
code/blink/7/in.c:20:20: warning: format '%d' expects argument of type 'int*', but argument 2 has type 'short int*' [-Wformat]
chown: invalid user: `terminal:terminal'
Execution Time:0.020432
wrong

***Lilliputs 1_______________________________
chown: invalid user: `terminal:terminal'
Execution Time:0.003219
right
***CodeMasters 2_______________________________
illegal file

***CodeMasters 2_______________________________
chown: invalid user: `terminal:terminal'
time excd

***CodeMasters 7_______________________________
chown: invalid user: `terminal:terminal'
time excd

***CodeMasters 7_______________________________
chown: invalid user: `terminal:terminal'
time excd

***naughtyCoders 6_______________________________
chown: invalid user: `terminal:terminal'
time excd

***fleur 2_______________________________
chown: invalid user: `terminal:terminal'
Execution Time:0.58848
wrong

***Adhokshaja 8_______________________________
chown: invalid user: `terminal:terminal'
Execution Time:0.372861
wrong

***CodeMasters 7_______________________________
chown: invalid user: `terminal:terminal'
run time error
***musholm 6_______________________________
code/musholm/6/bdemands.c: In function 'int main()':
code/musholm/6/bdemands.c:13:35: warning: format '%d' expects argument of type 'int*', but argument 2 has type 'long int*' [-Wformat]
code/musholm/6/bdemands.c:20:27: warning: format '%d' expects argument of type 'int', but argument 2 has type 'long int' [-Wformat]
chown: invalid user: `terminal:terminal'
run time error
***No_Match_Found 4_______________________________
chown: invalid user: `terminal:terminal'
Execution Time:1.44413
wrong

***blink 7_______________________________
chown: invalid user: `terminal:terminal'
run time error
***fleur 2_______________________________
chown: invalid user: `terminal:terminal'
time excd

***fleur 2_______________________________
chown: invalid user: `terminal:terminal'
Execution Time:0.708117
wrong

***musholm 6_______________________________
code/musholm/6/bdemands.c: In function 'int main()':
code/musholm/6/bdemands.c:13:35: warning: format '%d' expects argument of type 'int*', but argument 2 has type 'long int*' [-Wformat]
code/musholm/6/bdemands.c:20:27: warning: format '%d' expects argument of type 'int', but argument 2 has type 'long int' [-Wformat]
chown: invalid user: `terminal:terminal'
run time error
***Newbies 6_______________________________
chown: invalid user: `terminal:terminal'
Execution Time:1.62312
wrong

***Newbies 6_______________________________
chown: invalid user: `terminal:terminal'
time excd

***musholm 6_______________________________
code/musholm/6/bdemands.c: In function 'int main()':
code/musholm/6/bdemands.c:13:35: warning: format '%d' expects argument of type 'int*', but argument 2 has type 'long long int*' [-Wformat]
code/musholm/6/bdemands.c:20:27: warning: format '%d' expects argument of type 'int', but argument 2 has type 'long long int' [-Wformat]
chown: invalid user: `terminal:terminal'
run time error
***blink 7_______________________________
chown: invalid user: `terminal:terminal'
run time error
***blink 7_______________________________
chown: invalid user: `terminal:terminal'
run time error
***robotics 8_______________________________
chown: invalid user: `terminal:terminal'
Execution Time:0.060955
wrong

***musholm 6_______________________________
code/musholm/6/bdemands.c: In function 'int main()':
code/musholm/6/bdemands.c:13:35: warning: format '%d' expects argument of type 'int*', but argument 2 has type 'long long int*' [-Wformat]
code/musholm/6/bdemands.c:20:27: warning: format '%d' expects argument of type 'int', but argument 2 has type 'long long int' [-Wformat]
chown: invalid user: `terminal:terminal'
run time error
***blink 7_______________________________
chown: invalid user: `terminal:terminal'
run time error
***2_year 7_______________________________
chown: invalid user: `terminal:terminal'
run time error
***2_year 7_______________________________
chown: invalid user: `terminal:terminal'
run time error
***CodeMasters 7_______________________________
illegal file

***CodeMasters 7_______________________________
illegal file

***2_year 7_______________________________
chown: invalid user: `terminal:terminal'
run time error
***CodeMasters 7_______________________________
chown: invalid user: `terminal:terminal'

***2_year 7_______________________________
chown: invalid user: `terminal:terminal'
run time error
***2_year 7_______________________________
chown: invalid user: `terminal:terminal'
run time errortime excd

***Np_Complete 1_______________________________
code/Np_Complete/1/1.cpp: In function 'int main()':
code/Np_Complete/1/1.cpp:7:15: error: 'scanf' was not declared in this scope
code/Np_Complete/1/1.cpp:21:39: error: 'printf' was not declared in this scope
compile err
***Dicatators 6_______________________________
chown: invalid user: `terminal:terminal'
time excd

***Np_Complete 1_______________________________
chown: invalid user: `terminal:terminal'
Execution Time:0.004546
right
***UNKNOWN 7_______________________________
chown: invalid user: `terminal:terminal'
Illegal system call

***genetic 2_______________________________
chown: invalid user: `terminal:terminal'
Execution Time:0.681883
wrong

***Adhokshaja 8_______________________________
chown: invalid user: `terminal:terminal'
time excd

***Dicatators 6_______________________________
chown: invalid user: `terminal:terminal'
time excd

***fleur 7_______________________________
chown: invalid user: `terminal:terminal'
run time error
***d3ViLHuN8r 4_______________________________
code/d3ViLHuN8r/4/q4.cpp: In function 'int main()':
code/d3ViLHuN8r/4/q4.cpp:14:22: warning: format '%d' expects argument of type 'int*', but argument 2 has type 'long int*' [-Wformat]
chown: invalid user: `terminal:terminal'
Execution Time:1.43659
wrong

***Adhokshaja 8_______________________________
chown: invalid user: `terminal:terminal'
Execution Time:0.398615
wrong

***chasers 7_______________________________
chown: invalid user: `terminal:terminal'

***Newbies 6_______________________________
code/Newbies/6/demands.c: In function 'void print_major(node*)':
code/Newbies/6/demands.c:106:13: error: request for member 'value' in 'add[pos]', which is of non-class type 'node*'
compile errtime excd

***2_year 7_______________________________
chown: invalid user: `terminal:terminal'
run time error
***musholm 6_______________________________
code/musholm/6/bdemands.c: In function 'int main()':
code/musholm/6/bdemands.c:13:35: warning: format '%d' expects argument of type 'int*', but argument 2 has type 'long long int*' [-Wformat]
code/musholm/6/bdemands.c:20:27: warning: format '%d' expects argument of type 'int', but argument 2 has type 'long long int' [-Wformat]
chown: invalid user: `terminal:terminal'
run time error
***2_year 7_______________________________
chown: invalid user: `terminal:terminal'
run time error
***2_year 7_______________________________
chown: invalid user: `terminal:terminal'
run time error
***No_Match_Found 3_______________________________
chown: invalid user: `terminal:terminal'
Execution Time:0.305586
right
***blink 5_______________________________
chown: invalid user: `terminal:terminal'
run time error
***UNKNOWN 7_______________________________
chown: invalid user: `terminal:terminal'
Illegal system call

***assassins 1_______________________________
chown: invalid user: `terminal:terminal'
Execution Time:0.022042
right
***2_year 7_______________________________
chown: invalid user: `terminal:terminal'
run time error
***2_year 7_______________________________
chown: invalid user: `terminal:terminal'
run time error
***d3ViLHuN8r 4_______________________________
code/d3ViLHuN8r/4/q4.cpp: In function 'int main()':
code/d3ViLHuN8r/4/q4.cpp:14:22: warning: format '%d' expects argument of type 'int*', but argument 2 has type 'long int*' [-Wformat]
chown: invalid user: `terminal:terminal'
Execution Time:1.62641
right
***dead_coders 4_______________________________
chown: invalid user: `terminal:terminal'
Execution Time:0.181667
wrong

***blink 7_______________________________
chown: invalid user: `terminal:terminal'
run time error
***Dicatators 6_______________________________
chown: invalid user: `terminal:terminal'

***2_year 7_______________________________
chown: invalid user: `terminal:terminal'
run time errortime excd

***2_year 7_______________________________
chown: invalid user: `terminal:terminal'
run time error
***2_year 7_______________________________
chown: invalid user: `terminal:terminal'
run time error
***2_year 7_______________________________
chown: invalid user: `terminal:terminal'
run time error
***2_year 7_______________________________
chown: invalid user: `terminal:terminal'
run time error
***fleur 7_______________________________
chown: invalid user: `terminal:terminal'
run time error
***musholm 6_______________________________
code/musholm/6/bdemands.c: In function 'int main()':
code/musholm/6/bdemands.c:20:27: warning: format '%d' expects argument of type 'int', but argument 2 has type 'long long int' [-Wformat]
chown: invalid user: `terminal:terminal'
run time error
***musholm 6_______________________________
code/musholm/6/bdemands.c: In function 'int main()':
code/musholm/6/bdemands.c:20:27: warning: format '%d' expects argument of type 'int', but argument 2 has type 'long long int' [-Wformat]
chown: invalid user: `terminal:terminal'
run time error
***fleur 7_______________________________
code/fleur/7/7.c: In function 'int main()':
code/fleur/7/7.c:11:1: error: expected ';' before 'for'
code/fleur/7/7.c:11:16: error: expected ';' before ')' token
compile err
***genetic 2_______________________________
chown: invalid user: `terminal:terminal'
Execution Time:0.578948
right
***fleur 7_______________________________
chown: invalid user: `terminal:terminal'
run time error
***manchester 4_______________________________
chown: invalid user: `terminal:terminal'
time excd

***OYES 7_______________________________
chown: invalid user: `terminal:terminal'
time excd

***BPTroll 6_______________________________
chown: invalid user: `terminal:terminal'
run time error
***admin 2_______________________________
chown: invalid user: `terminal:terminal'
Execution Time:0.017395
wrong

***admin 2_______________________________
chown: invalid user: `terminal:terminal'
Execution Time:0.00287
wrong

***haybale 3_______________________________
chown: invalid user: `terminal:terminal'
Execution Time:0.033098
wrong

***winners 1_______________________________
chown: invalid user: `terminal:terminal'
Execution Time:0.003037
right
***Napster 1_______________________________
chown: invalid user: `terminal:terminal'
Execution Time:0.004261
right
***musholm 6_______________________________
code/musholm/6/bdemands.c: In function 'int main()':
code/musholm/6/bdemands.c:20:27: warning: format '%d' expects argument of type 'int', but argument 2 has type 'long long int' [-Wformat]
chown: invalid user: `terminal:terminal'
run time error
***OYES 7_______________________________
chown: invalid user: `terminal:terminal'
time excd

***assassins 2_______________________________
chown: invalid user: `terminal:terminal'
time excd

***No_Match_Found 1_______________________________
chown: invalid user: `terminal:terminal'
Execution Time:0.003099
wrong

***BPTroll 6_______________________________
chown: invalid user: `terminal:terminal'
time excd

***BPTroll 6_______________________________
code/BPTroll/6/demands.c: In function 'int main()':
code/BPTroll/6/demands.c:39:23: warning: format '%lld' expects argument of type 'long long int', but argument 2 has type 'int' [-Wformat]
chown: invalid user: `terminal:terminal'
run time error
***haybale 3_______________________________
chown: invalid user: `terminal:terminal'
Execution Time:0.024012
wrong

***blink 7_______________________________
chown: invalid user: `terminal:terminal'
run time error
***dmr 1_______________________________
chown: invalid user: `terminal:terminal'
Execution Time:0.005219
wrong

***Napster 8_______________________________
chown: invalid user: `terminal:terminal'
time excd

***No_Match_Found 4_______________________________
chown: invalid user: `terminal:terminal'
time excd

***coderzz 6_______________________________
chown: invalid user: `terminal:terminal'
run time error
***2_year 7_______________________________
chown: invalid user: `terminal:terminal'
run time error
***blink 7_______________________________
chown: invalid user: `terminal:terminal'
run time error
***No_Match_Found 4_______________________________

***CYCLADES 3_______________________________
chown: invalid user: `terminal:terminal'
Execution Time:0.147369
wrong
chown: invalid user: `terminal:terminal'
Execution Time:1.06066
wrong

***Lilliputs 3_______________________________
chown: invalid user: `terminal:terminal'
Execution Time:0.003467
wrong

***Newbies 6_______________________________
chown: invalid user: `terminal:terminal'

***2_year 7_______________________________
chown: invalid user: `terminal:terminal'
time excd

***naughtyCoders 3_______________________________

***Sodium 8_______________________________
chown: invalid user: `terminal:terminal'
/usr/bin/ld: reopening ./jail/exe: Text file busy

/usr/bin/ld: final link failed: Text file busy
collect2: ld returned 1 exit status
compile errExecution Time:1.22478
wrong
run time error
***2_year 7_______________________________
chown: invalid user: `terminal:terminal'
run time error
***2_year 7_______________________________
chown: invalid user: `terminal:terminal'
time excd

***naughtyCoders 3_______________________________
chown: invalid user: `terminal:terminal'
time excd

***naughtyCoders 3_______________________________
chown: invalid user: `terminal:terminal'
time excd

***naughtyCoders 3_______________________________
chown: invalid user: `terminal:terminal'
time excd

***coderzz 6_______________________________
chown: invalid user: `terminal:terminal'
run time error
***fleur 7_______________________________
chown: invalid user: `terminal:terminal'
run time error
***Electrodes 1_______________________________
code/Electrodes/1/code2.cpp: In function 'int main()':
code/Electrodes/1/code2.cpp:55:29: error: 'qsort' was not declared in this scope
compile err
***Lilliputs 3_______________________________
chown: invalid user: `terminal:terminal'
Execution Time:0.007558
wrong

***Electrodes 1_______________________________
code/Electrodes/1/code2.cpp: In function 'int main()':
code/Electrodes/1/code2.cpp:55:29: error: 'qsort' was not declared in this scope
compile err
***naughtyCoders 6_______________________________
chown: invalid user: `terminal:terminal'
time excd

***blink 7_______________________________
chown: invalid user: `terminal:terminal'
Execution Time:0.003181
wrong

***hazard 7_______________________________
chown: invalid user: `terminal:terminal'
run time error
***coderzz 6_______________________________
chown: invalid user: `terminal:terminal'
run time error
***Electrodes 1_______________________________
chown: invalid user: `terminal:terminal'
Execution Time:0.432422
right
***blink 7_______________________________
chown: invalid user: `terminal:terminal'
Execution Time:0.003229
wrong

***dmr 1_______________________________
chown: invalid user: `terminal:terminal'
Execution Time:0.003153
right
***dead_coders 4_______________________________
chown: invalid user: `terminal:terminal'
Execution Time:0.093071
wrong

***IN_TIME 1_______________________________
code/IN_TIME/1/demand.c: In function 'int main()':
code/IN_TIME/1/demand.c:10:20: warning: format '%d' expects argument of type 'int*', but argument 2 has type 'long long int*' [-Wformat]
code/IN_TIME/1/demand.c:10:20: warning: format '%d' expects argument of type 'int*', but argument 3 has type 'long long int*' [-Wformat]
code/IN_TIME/1/demand.c:13:18: warning: format '%d' expects argument of type 'int*', but argument 2 has type 'long long int*' [-Wformat]
code/IN_TIME/1/demand.c:23:24: warning: format '%d' expects argument of type 'int', but argument 2 has type 'long long int' [-Wformat]
code/IN_TIME/1/demand.c:29:16: warning: format '%d' expects argument of type 'int', but argument 2 has type 'long long int' [-Wformat]
chown: invalid user: `terminal:terminal'
run time error
***Newbies 6_______________________________
chown: invalid user: `terminal:terminal'
time excd

***hazard 7_______________________________
chown: invalid user: `terminal:terminal'
run time error
***hazard 7_______________________________
chown: invalid user: `terminal:terminal'
run time error
***hazard 7_______________________________
chown: invalid user: `terminal:terminal'
run time error
***hazard 7_______________________________
chown: invalid user: `terminal:terminal'
run time error
***hazard 7_______________________________
chown: invalid user: `terminal:terminal'
run time error
***hazard 7_______________________________
chown: invalid user: `terminal:terminal'
run time error
***hazard 7_______________________________
chown: invalid user: `terminal:terminal'
run time error
***hazard 7_______________________________
chown: invalid user: `terminal:terminal'
run time error
***hazard 7_______________________________
chown: invalid user: `terminal:terminal'
run time error
***hazard 7_______________________________
chown: invalid user: `terminal:terminal'
run time error
***hazard 7_______________________________
chown: invalid user: `terminal:terminal'
run time error
***hazard 7_______________________________
chown: invalid user: `terminal:terminal'
run time error
***hazard 7_______________________________
chown: invalid user: `terminal:terminal'
run time error
***hazard 7_______________________________
chown: invalid user: `terminal:terminal'
run time error
***hazard 7_______________________________
chown: invalid user: `terminal:terminal'
run time error
***hazard 7_______________________________
chown: invalid user: `terminal:terminal'
run time error
***hazard 7_______________________________
chown: invalid user: `terminal:terminal'
run time error
***hazard 7_______________________________
chown: invalid user: `terminal:terminal'
run time error
***CYCLADES 3_______________________________
code/CYCLADES/3/in3.cpp: In function 'int main()':
code/CYCLADES/3/in3.cpp:29:27: warning: format '%d' expects argument of type 'int', but argument 2 has type 'long long int' [-Wformat]
chown: invalid user: `terminal:terminal'
Execution Time:0.11972
right
***hazard 7_______________________________
chown: invalid user: `terminal:terminal'
run time error
***fleur 7_______________________________
chown: invalid user: `terminal:terminal'
run time error
***fleur 7_______________________________
chown: invalid user: `terminal:terminal'
run time error
***goblins 1_______________________________
chown: invalid user: `terminal:terminal'
Execution Time:0.002966
right
***fleur 7_______________________________
chown: invalid user: `terminal:terminal'
run time error
***IN_TIME 1_______________________________
chown: invalid user: `terminal:terminal'
run time error
***code_it 7_______________________________
chown: invalid user: `terminal:terminal'
run time error
***fleur 7_______________________________
code/fleur/7/7.c: In function 'int main()':
code/fleur/7/7.c:54:7: error: 'exit' was not declared in this scope
compile err
***fleur 7_______________________________
chown: invalid user: `terminal:terminal'
run time error
***code_it 7_______________________________

***haybale 3_______________________________
chown: invalid user: `terminal:terminal'
/usr/bin/ld: reopening ./jail/exe: Text file busy

/usr/bin/ld: final link failed: Text file busy
collect2: ld returned 1 exit status
compile errExecution Time:0.057531
wrong

***dumbo 5_______________________________

***coderzz 2_______________________________
chown: invalid user: `terminal:terminal'
Error exec: Text file busy
execution error
chown: invalid user: `terminal:terminal'

***haybale 3_______________________________
chown: invalid user: `terminal:terminal'
Execution Time:0.06629
time excd
wrong

***haybale 3_______________________________
chown: invalid user: `terminal:terminal'
Execution Time:0.023376
wrong

***Lilliputs 3_______________________________
chown: invalid user: `terminal:terminal'
Execution Time:0.003306
wrong

***haybale 3_______________________________
chown: invalid user: `terminal:terminal'
Execution Time:0.065777
wrong

***coderzz 2_______________________________
chown: invalid user: `terminal:terminal'
run time error
***BPTroll 6_______________________________
chown: invalid user: `terminal:terminal'
run time error
***code_it 7_______________________________
chown: invalid user: `terminal:terminal'
run time error
***IN_TIME 1_______________________________
chown: invalid user: `terminal:terminal'
run time error
***Electrodes 2_______________________________
chown: invalid user: `terminal:terminal'
run time error
***code_it 7_______________________________
chown: invalid user: `terminal:terminal'
run time error
***IN_TIME 1_______________________________
chown: invalid user: `terminal:terminal'
run time error
***No_Match_Found 4_______________________________
chown: invalid user: `terminal:terminal'
Execution Time:1.26828
wrong

***system 2_______________________________
chown: invalid user: `terminal:terminal'
Execution Time:0.002641
wrong

***IN_TIME 6_______________________________
chown: invalid user: `terminal:terminal'
run time error
***blink 7_______________________________
chown: invalid user: `terminal:terminal'
Execution Time:0.012419
wrong

***code_it 7_______________________________
chown: invalid user: `terminal:terminal'
run time error
***Electrodes 2_______________________________
chown: invalid user: `terminal:terminal'
run time error
***winners 2_______________________________
chown: invalid user: `terminal:terminal'
time excd

***IN_TIME 6_______________________________
chown: invalid user: `terminal:terminal'
run time error
***dumbo 5_______________________________
chown: invalid user: `terminal:terminal'
time excd

***Lilliputs 3_______________________________
chown: invalid user: `terminal:terminal'
Execution Time:0.00363
wrong

***KanpurKcoders 4_______________________________
code/KanpurKcoders/4/4.c: In function 'int main()':
code/KanpurKcoders/4/4.c:51:16: warning: format '%d' expects argument of type 'int', but argument 2 has type 'long long int' [-Wformat]
chown: invalid user: `terminal:terminal'
Execution Time:1.62233
wrong

***naughtyCoders 6_______________________________
code/naughtyCoders/6/beautiful6.cpp:8:17: error: two or more data types in declaration of 'type name'
code/naughtyCoders/6/beautiful6.cpp:8:20: error: template argument 1 is invalid
code/naughtyCoders/6/beautiful6.cpp:8:20: error: template argument 2 is invalid
code/naughtyCoders/6/beautiful6.cpp:8:25: error: invalid type in declaration before ';' token
code/naughtyCoders/6/beautiful6.cpp: In function 'int main()':
code/naughtyCoders/6/beautiful6.cpp:41:22: error: request for member 'begin' in 'list', which is of non-class type 'int'
code/naughtyCoders/6/beautiful6.cpp:41:35: error: request for member 'end' in 'list', which is of non-class type 'int'
code/naughtyCoders/6/beautiful6.cpp:41:62: error: request for member 'end' in 'list', which is of non-class type 'int'
code/naughtyCoders/6/beautiful6.cpp:44:12: error: request for member 'push_back' in 'list', which is of non-class type 'int'
code/naughtyCoders/6/beautiful6.cpp:50:29: error: request for member 'empty' in 'list', which is of non-class type 'int'
code/naughtyCoders/6/beautiful6.cpp:52:19: error: request for member 'begin' in 'list', which is of non-class type 'int'
code/naughtyCoders/6/beautiful6.cpp:52:32: error: request for member 'end' in 'list', which is of non-class type 'int'
code/naughtyCoders/6/beautiful6.cpp:53:16: error: request for member 'end' in 'list', which is of non-class type 'int'
code/naughtyCoders/6/beautiful6.cpp:64:8: error: request for member 'clear' in 'list', which is of non-class type 'int'
compile err
***SteadyPlayers 1_______________________________
chown: invalid user: `terminal:terminal'
Execution Time:0.003087
wrong

***naughtyCoders 6_______________________________
code/naughtyCoders/6/beautiful6.cpp: In function 'int main()':
code/naughtyCoders/6/beautiful6.cpp:56:23: warning: format '%lld' expects argument of type 'long long int', but argument 2 has type 'int' [-Wformat]
chown: invalid user: `terminal:terminal'
time excd

***kitne_aadmi_the 3_______________________________
chown: invalid user: `terminal:terminal'
Execution Time:0.032458
wrong

***kitne_aadmi_the 3_______________________________
chown: invalid user: `terminal:terminal'
Execution Time:0.025346
wrong

***OYES 7_______________________________
chown: invalid user: `terminal:terminal'
time excd

***code_it 7_______________________________
chown: invalid user: `terminal:terminal'
Execution Time:0.050575
wrong

***silent_assassins 4_______________________________
chown: invalid user: `terminal:terminal'
Execution Time:1.58994
wrong

***inception 6_______________________________
chown: invalid user: `terminal:terminal'
time excd

***Np_Complete 4_______________________________
code/Np_Complete/4/4.c: In function 'int main()':
code/Np_Complete/4/4.c:31:34: warning: format '%lld' expects argument of type 'long long int*', but argument 2 has type 'int*' [-Wformat]
chown: invalid user: `terminal:terminal'
time excd

***Np_Complete 4_______________________________
chown: invalid user: `terminal:terminal'

***highway 7_______________________________
chown: invalid user: `terminal:terminal'
run time error
***code_it 7_______________________________
time excd
chown: invalid user: `terminal:terminal'
run time error
***dead_coders 4_______________________________
chown: invalid user: `terminal:terminal'
Execution Time:0.202924
wrong

***Sodium 8_______________________________
chown: invalid user: `terminal:terminal'
Execution Time:0.447569
wrong

***code_it 7_______________________________
chown: invalid user: `terminal:terminal'
run time error
***highway 7_______________________________
chown: invalid user: `terminal:terminal'
run time error
***thethunder 7_______________________________
chown: invalid user: `terminal:terminal'
time excd

***Blue_Devils 2_______________________________

***goblins 2_______________________________
chown: invalid user: `terminal:terminal'
chown: invalid user: `terminal:terminal'
Execution Time:0.815165
right
***assassins 2_______________________________
time excd
chown: invalid user: `terminal:terminal'
time excd

***spd 2_______________________________
chown: invalid user: `terminal:terminal'
Execution Time:0.729067
presentation error

***code_it 2_______________________________
chown: invalid user: `terminal:terminal'

***worst_coder 2_______________________________
chown: invalid user: `terminal:terminal'
time excd
Execution Time:0.936676
right
***Electrodes 2_______________________________
chown: invalid user: `terminal:terminal'
run time error
***goblins 2_______________________________
chown: invalid user: `terminal:terminal'
time excd

***SIGSEGV 2_______________________________

***spd 2_______________________________
chown: invalid user: `terminal:terminal'
/usr/bin/ld: reopening ./jail/exe: Text file busy

/usr/bin/ld: final link failed: Text file busy
collect2: ld returned 1 exit status
compile errtime excd

***haybale 2_______________________________
chown: invalid user: `terminal:terminal'

***spd 2_______________________________
time excd
chown: invalid user: `terminal:terminal'
Execution Time:0.804546
right
***No_Match_Found 2_______________________________
chown: invalid user: `terminal:terminal'
Execution Time:0.005216
wrong

***goblins 2_______________________________
chown: invalid user: `terminal:terminal'

***Np_Complete 2_______________________________
chown: invalid user: `terminal:terminal'
time excd
time excd

***fleur 2_______________________________
chown: invalid user: `terminal:terminal'
time excd

***Adhokshaja 2_______________________________
chown: invalid user: `terminal:terminal'
Execution Time:0.004433
wrong

***fleur 2_______________________________

***Dynamic_Coders 2_______________________________
chown: invalid user: `terminal:terminal'
Error exec: Text file busy
execution error
chown: invalid user: `terminal:terminal'
time excd

***Electrodes 2_______________________________
chown: invalid user: `terminal:terminal'
run time error
***Newbies 2_______________________________

***silent_assassins 2_______________________________
chown: invalid user: `terminal:terminal'
/usr/bin/ld: reopening ./jail/exe: Text file busy

/usr/bin/ld: final link failed: Text file busy
collect2: ld returned 1 exit status
compile errExecution Time:0.684644
right
***inception 2_______________________________
chown: invalid user: `terminal:terminal'
Execution Time:0.004356
wrong

***WhysoSerious 1_______________________________
chown: invalid user: `terminal:terminal'
Execution Time:0.00329
wrong

***SIGSEGV 2_______________________________
chown: invalid user: `terminal:terminal'
time excd

***d3ViLHuN8r 3_______________________________
chown: invalid user: `terminal:terminal'
Execution Time:0.006254
wrong

***Dynamic_Coders 2_______________________________
chown: invalid user: `terminal:terminal'

***dead_coders 2_______________________________
time excd
chown: invalid user: `terminal:terminal'
Execution Time:0.744759
right
***inception 2_______________________________
chown: invalid user: `terminal:terminal'
Execution Time:0.218519
wrong

***WhysoSerious 2_______________________________
chown: invalid user: `terminal:terminal'
Execution Time:0.077578
wrong

***SteadyPlayers 2_______________________________
chown: invalid user: `terminal:terminal'
Execution Time:0.685662
wrong

***plethora 2_______________________________
chown: invalid user: `terminal:terminal'
Execution Time:0.002758
wrong

***d3ViLHuN8r 3_______________________________
chown: invalid user: `terminal:terminal'
Execution Time:0.006362
wrong

***code_riders 4_______________________________
code/code_riders/4/4.c: In function 'int main()':
code/code_riders/4/4.c:52:23: error: 'abs' was not declared in this scope
compile err
***plethora 4_______________________________
code/plethora/4/41.c: In function 'int main()':
code/plethora/4/41.c:37:15: error: 'abs' was not declared in this scope
code/plethora/4/41.c:51:15: error: 'abs' was not declared in this scope
compile err
***highway 7_______________________________
chown: invalid user: `terminal:terminal'
run time error
***goblins 2_______________________________
chown: invalid user: `terminal:terminal'
Execution Time:0.802299
right
***code_riders 4_______________________________
code/code_riders/4/4.c: In function 'int main()':
code/code_riders/4/4.c:51:23: error: 'abs' was not declared in this scope
compile err
***robotics 2_______________________________
chown: invalid user: `terminal:terminal'
time excd

***plethora 4_______________________________
chown: invalid user: `terminal:terminal'
Execution Time:1.57067
wrong

***silent_assassins 2_______________________________
chown: invalid user: `terminal:terminal'
Execution Time:0.023269
wrong

***Ethan 2_______________________________
chown: invalid user: `terminal:terminal'
Execution Time:0.895299
right
***silent_assassins 1_______________________________
chown: invalid user: `terminal:terminal'
Execution Time:0.002862
wrong

***code_riders 4_______________________________
code/code_riders/4/4.cpp: In function 'int main()':
code/code_riders/4/4.cpp:53:23: error: 'abs' was not declared in this scope
code/code_riders/4/4.cpp:53:23: note: suggested alternative:
/usr/include/c++/4.6/cmath:96:5: note:   'std::abs'
compile err
***system 2_______________________________
chown: invalid user: `terminal:terminal'
Execution Time:0.002678
wrong

***system 2_______________________________
chown: invalid user: `terminal:terminal'
Execution Time:0.002613
wrong

***Np_Complete 4_______________________________
chown: invalid user: `terminal:terminal'
Execution Time:1.54179
wrong

***Np_Complete 2_______________________________
chown: invalid user: `terminal:terminal'
Execution Time:0.786104
right
***code_riders 4_______________________________
code/code_riders/4/4.cpp: In function 'int main()':
code/code_riders/4/4.cpp:54:26: warning: format '%d' expects argument of type 'int', but argument 2 has type '__gnu_cxx::__enable_if<true, double>::__type {aka double}' [-Wformat]
chown: invalid user: `terminal:terminal'
Execution Time:1.38346
wrong

***Sodium 8_______________________________
chown: invalid user: `terminal:terminal'
Execution Time:0.400319
wrong

***assassins 2_______________________________
chown: invalid user: `terminal:terminal'
time excd

***haybale 2_______________________________
chown: invalid user: `terminal:terminal'
time excd

***assassins 2_______________________________

***thethunder 7_______________________________
chown: invalid user: `terminal:terminal'
/usr/bin/ld: reopening ./jail/exe: Text file busy

/usr/bin/ld: final link failed: Text file busy
collect2: ld returned 1 exit status
compile errtime excd

***thethunder 7_______________________________
chown: invalid user: `terminal:terminal'
time excd

***plethora 2_______________________________
chown: invalid user: `terminal:terminal'
Execution Time:0.002916
wrong

***kitne_aadmi_the 2_______________________________
chown: invalid user: `terminal:terminal'
time excd

***dead_coders 4_______________________________
chown: invalid user: `terminal:terminal'

***SIGSEGV 2_______________________________
time excd
chown: invalid user: `terminal:terminal'
time excd

***code_riders 4_______________________________
code/code_riders/4/4.cpp: In function 'int main()':
code/code_riders/4/4.cpp:56:26: warning: format '%d' expects argument of type 'int', but argument 2 has type '__gnu_cxx::__enable_if<true, double>::__type {aka double}' [-Wformat]
chown: invalid user: `terminal:terminal'
Execution Time:1.44479
wrong

***KanpurKcoders 3_______________________________
/usr/lib/gcc/i686-linux-gnu/4.6/../../../i386-linux-gnu/crt1.o: In function `_start':
(.text+0x18): undefined reference to `main'
collect2: ld returned 1 exit status
compile err
***Np_Complete 4_______________________________
chown: invalid user: `terminal:terminal'

***assassins 2_______________________________
chown: invalid user: `terminal:terminal'
time excd
Execution Time:0.972043
Error kill:: No such process

***d3ViLHuN8r 3_______________________________
code/d3ViLHuN8r/3/q3.cpp: In function 'int main()':
code/d3ViLHuN8r/3/q3.cpp:27:23: warning: format '%d' expects argument of type 'int', but argument 2 has type 'long long int' [-Wformat]
chown: invalid user: `terminal:terminal'
Execution Time:0.019102
right
***Np_Complete 4_______________________________
chown: invalid user: `terminal:terminal'
Execution Time:1.53072
wrong

***KanpurKcoders 3_______________________________
chown: invalid user: `terminal:terminal'
Execution Time:0.014514
right
***inception 2_______________________________
chown: invalid user: `terminal:terminal'
Execution Time:0.3691
wrong

***kitne_aadmi_the 2_______________________________
chown: invalid user: `terminal:terminal'
time excd

***system 8_______________________________
code/system/8/fn.c: In function 'int fn1(int, int, int)':
code/system/8/fn.c:30:27: error: a function-definition is not allowed here before '{' token
code/system/8/fn.c:37:1: error: a function-definition is not allowed here before '{' token
code/system/8/fn.c:104:1: error: expected '}' at end of input
compile err
***code_it 6_______________________________
code/code_it/6/ui.c: In function 'int main()':
code/code_it/6/ui.c:14:25: error: 'memset' was not declared in this scope
compile err
***assassins 2_______________________________
chown: invalid user: `terminal:terminal'
Execution Time:0.712569
right
***dmr 4_______________________________

***system 2_______________________________
chown: invalid user: `terminal:terminal'
Error exec: Permission denied
execution error
chown: invalid user: `terminal:terminal'
Execution Time:0.007879
wrong

***Dynamic_Coders 2_______________________________
chown: invalid user: `terminal:terminal'
time excd

***naughtyCoders 3_______________________________
chown: invalid user: `terminal:terminal'
time excd

***d3ViLHuN8r 2_______________________________
chown: invalid user: `terminal:terminal'
Execution Time:0.390427
right
***code_it 6_______________________________
chown: invalid user: `terminal:terminal'
run time error
***code_it 6_______________________________
chown: invalid user: `terminal:terminal'
run time error
***dmr 4_______________________________
chown: invalid user: `terminal:terminal'
run time error
***naughtyCoders 3_______________________________
code/naughtyCoders/3/beutiful3.cpp: In function 'int main()':
code/naughtyCoders/3/beutiful3.cpp:9:15: error: 'scanf' was not declared in this scope
code/naughtyCoders/3/beutiful3.cpp:24:30: error: 'printf' was not declared in this scope
compile err
***naughtyCoders 3_______________________________
code/naughtyCoders/3/beutiful3.cpp: In function 'int main()':
code/naughtyCoders/3/beutiful3.cpp:9:15: error: 'scanf' was not declared in this scope
code/naughtyCoders/3/beutiful3.cpp:24:30: error: 'printf' was not declared in this scope
compile err
***Np_Complete 4_______________________________
code/Np_Complete/4/4.c: In function 'int main()':
code/Np_Complete/4/4.c:31:34: warning: format '%lld' expects argument of type 'long long int*', but argument 2 has type 'int*' [-Wformat]
chown: invalid user: `terminal:terminal'

***naughtyCoders 3_______________________________
code/naughtyCoders/3/beutiful3.cpp: In function 'int main()':
code/naughtyCoders/3/beutiful3.cpp:9:15: error: 'scanf' was not declared in this scope
code/naughtyCoders/3/beutiful3.cpp:24:30: error: 'printf' was not declared in this scope
compile errtime excd

***Np_Complete 4_______________________________
code/Np_Complete/4/4.c: In function 'int main()':
code/Np_Complete/4/4.c:31:34: warning: format '%lld' expects argument of type 'long long int*', but argument 2 has type 'int*' [-Wformat]
chown: invalid user: `terminal:terminal'
time excd

***raw_input 3_______________________________
chown: invalid user: `terminal:terminal'
Execution Time:0.082596
right
***Np_Complete 4_______________________________
code/Np_Complete/4/4.c: In function 'int main()':
code/Np_Complete/4/4.c:31:34: warning: format '%lld' expects argument of type 'long long int*', but argument 2 has type 'int*' [-Wformat]
chown: invalid user: `terminal:terminal'
time excd

***naughtyCoders 3_______________________________
code/naughtyCoders/3/beutiful3.c: In function 'int main()':
code/naughtyCoders/3/beutiful3.c:25:30: warning: format '%d' expects argument of type 'int', but argument 2 has type 'long long int' [-Wformat]
chown: invalid user: `terminal:terminal'
Execution Time:0.073025
right
***thethunder 7_______________________________
code/thethunder/7/n.c:3:7: error: 'l' was not declared in this scope
code/thethunder/7/n.c:4:1: error: expected ',' or ';' before '{' token
compile err
***fleur 4_______________________________
chown: invalid user: `terminal:terminal'
Execution Time:0.218285
wrong

***SteadyPlayers 2_______________________________
code/SteadyPlayers/2/2.c: In function 'int main()':
code/SteadyPlayers/2/2.c:19:16: warning: format '%d' expects argument of type 'int*', but argument 2 has type 'long int*' [-Wformat]
chown: invalid user: `terminal:terminal'
Execution Time:0.440738
right
***silent_assassins 2_______________________________
chown: invalid user: `terminal:terminal'
Execution Time:0.009556
wrong

***silent_assassins 4_______________________________
chown: invalid user: `terminal:terminal'
Execution Time:1.46904
wrong

***code_it 6_______________________________
chown: invalid user: `terminal:terminal'
run time error
***code_it 6_______________________________
chown: invalid user: `terminal:terminal'
run time error
***robotics 2_______________________________
chown: invalid user: `terminal:terminal'
time excd

***code_it 6_______________________________
chown: invalid user: `terminal:terminal'
run time error
***inception 7_______________________________
chown: invalid user: `terminal:terminal'
run time error
***blink 8_______________________________
code/blink/8/c.c: In function 'int main()':
code/blink/8/c.c:20:20: warning: format '%d' expects argument of type 'int*', but argument 2 has type 'short int*' [-Wformat]
code/blink/8/c.c:24:20: warning: format '%d' expects argument of type 'int*', but argument 2 has type 'short int*' [-Wformat]
code/blink/8/c.c:25:20: warning: format '%d' expects argument of type 'int*', but argument 2 has type 'short int*' [-Wformat]
code/blink/8/c.c:28:20: warning: format '%d' expects argument of type 'int*', but argument 2 has type 'short int*' [-Wformat]
chown: invalid user: `terminal:terminal'
run time error
***code_it 6_______________________________
chown: invalid user: `terminal:terminal'
run time error
***code_it 6_______________________________
chown: invalid user: `terminal:terminal'
run time error
***No_Match_Found 5_______________________________
/tmp/ccEPZBqy.o: In function `main':
5.cpp:(.text+0xc2): warning: the `gets' function is dangerous and should not be used.
chown: invalid user: `terminal:terminal'
time excd

***Blue_Devils 3_______________________________
chown: invalid user: `terminal:terminal'
Execution Time:0.136439
wrong

***thethunder 7_______________________________
chown: invalid user: `terminal:terminal'
time excd

***code_it 7_______________________________
chown: invalid user: `terminal:terminal'

***hazard 7_______________________________
chown: invalid user: `terminal:terminal'
run time error
***hazard 7_______________________________
chown: invalid user: `terminal:terminal'
run time error
***hazard 7_______________________________
chown: invalid user: `terminal:terminal'
run time error
***hazard 7_______________________________
chown: invalid user: `terminal:terminal'
run time errorError kill:: No such process

***hazard 7_______________________________
chown: invalid user: `terminal:terminal'
run time error
***hazard 7_______________________________
chown: invalid user: `terminal:terminal'
run time error
***hazard 7_______________________________
chown: invalid user: `terminal:terminal'
run time error
***hazard 7_______________________________
chown: invalid user: `terminal:terminal'
run time error
***hazard 7_______________________________
chown: invalid user: `terminal:terminal'
run time error
***hazard 7_______________________________
chown: invalid user: `terminal:terminal'
run time error
***hazard 7_______________________________
chown: invalid user: `terminal:terminal'
run time error
***hazard 7_______________________________
chown: invalid user: `terminal:terminal'
run time error
***janglee 1_______________________________
chown: invalid user: `terminal:terminal'
Execution Time:0.004754
wrong

***hazard 7_______________________________
chown: invalid user: `terminal:terminal'
run time error
***hazard 7_______________________________
chown: invalid user: `terminal:terminal'
run time error
***hazard 7_______________________________
chown: invalid user: `terminal:terminal'
run time error
***hazard 7_______________________________
chown: invalid user: `terminal:terminal'
run time error
***hazard 7_______________________________
chown: invalid user: `terminal:terminal'
run time error
***hazard 7_______________________________
chown: invalid user: `terminal:terminal'
run time error
***hazard 7_______________________________
chown: invalid user: `terminal:terminal'
run time error
***hazard 7_______________________________
chown: invalid user: `terminal:terminal'
run time error
***hazard 7_______________________________
chown: invalid user: `terminal:terminal'
run time error
***hazard 7_______________________________
chown: invalid user: `terminal:terminal'
run time error
***hazard 7_______________________________
chown: invalid user: `terminal:terminal'
run time error
***hazard 7_______________________________
chown: invalid user: `terminal:terminal'
run time error
***highway 7_______________________________
chown: invalid user: `terminal:terminal'
run time error
***code_it 7_______________________________
chown: invalid user: `terminal:terminal'
Error kill:: No such process

***plethora 2_______________________________
chown: invalid user: `terminal:terminal'
Execution Time:0.007075
wrong

***Lilliputs 3_______________________________
chown: invalid user: `terminal:terminal'
time excd

***Lilliputs 3_______________________________
chown: invalid user: `terminal:terminal'
time excd

***Np_Complete 4_______________________________
chown: invalid user: `terminal:terminal'
time excd

***Np_Complete 4_______________________________
chown: invalid user: `terminal:terminal'
time excd

***Np_Complete 4_______________________________
chown: invalid user: `terminal:terminal'
Execution Time:1.51748
wrong

***fleur 4_______________________________
chown: invalid user: `terminal:terminal'
Execution Time:0.111536
wrong

***fleur 2_______________________________
chown: invalid user: `terminal:terminal'

***highway 7_______________________________
time excd
chown: invalid user: `terminal:terminal'
run time error
***haybale 2_______________________________
chown: invalid user: `terminal:terminal'

***dead_coders 4_______________________________
Execution Time:0.654293
rightchown: invalid user: `terminal:terminal'
time excd

***fleur 2_______________________________
chown: invalid user: `terminal:terminal'
Execution Time:0.517951
presentation error

***IN_TIME 2_______________________________
illegal file

***dead_coders 4_______________________________
chown: invalid user: `terminal:terminal'

***IN_TIME 2_______________________________
chown: invalid user: `terminal:terminal'
Execution Time:0.129596
wrong
time excd

***fleur 2_______________________________
chown: invalid user: `terminal:terminal'
Execution Time:0.692968
right
***No_Match_Found 5_______________________________
/tmp/ccWG8NS2.o: In function `main':
5.cpp:(.text+0xbf): warning: the `gets' function is dangerous and should not be used.
chown: invalid user: `terminal:terminal'
time excd

***blink 8_______________________________
chown: invalid user: `terminal:terminal'
time excd

***No_Match_Found 5_______________________________
/tmp/ccRItMqb.o: In function `main':
5.cpp:(.text+0xbf): warning: the `gets' function is dangerous and should not be used.
chown: invalid user: `terminal:terminal'
time excd

***naughtyCoders 6_______________________________
code/naughtyCoders/6/beautiful6.cpp: In function 'int main()':
code/naughtyCoders/6/beautiful6.cpp:56:23: warning: format '%lld' expects argument of type 'long long int', but argument 2 has type 'int' [-Wformat]
chown: invalid user: `terminal:terminal'

***Reincarnation 8_______________________________
chown: invalid user: `terminal:terminal'
time excd
time excd

***naughtyCoders 6_______________________________

***dumbo 4_______________________________
chown: invalid user: `terminal:terminal'
code/naughtyCoders/6/beautiful6.cpp: In function 'int main()':
code/naughtyCoders/6/beautiful6.cpp:56:23: warning: format '%lld' expects argument of type 'long long int', but argument 2 has type 'int' [-Wformat]
chown: invalid user: `terminal:terminal'
time excd
time excd

***naughtyCoders 6_______________________________
code/naughtyCoders/6/beautiful6.cpp: In function 'int main()':
code/naughtyCoders/6/beautiful6.cpp:56:23: warning: format '%lld' expects argument of type 'long long int', but argument 2 has type 'int' [-Wformat]
chown: invalid user: `terminal:terminal'
time excd

***naughtyCoders 6_______________________________
code/naughtyCoders/6/beautiful6.cpp: In function 'int main()':
code/naughtyCoders/6/beautiful6.cpp:56:23: warning: format '%lld' expects argument of type 'long long int', but argument 2 has type 'int' [-Wformat]
chown: invalid user: `terminal:terminal'
time excd

***musholm 6_______________________________
code/musholm/6/bdemands.c: In function 'int main()':
code/musholm/6/bdemands.c:21:27: warning: format '%d' expects argument of type 'int', but argument 2 has type 'long long int' [-Wformat]

***IN_TIME 2_______________________________
chown: invalid user: `terminal:terminal'
Execution Time:0.285548
wrong

***Np_Complete 4_______________________________
chown: invalid user: `terminal:terminal'
time excd

***Np_Complete 4_______________________________
chown: invalid user: `terminal:terminal'
chown: invalid user: `terminal:terminal'
run time errortime excd

***dmr 4_______________________________
chown: invalid user: `terminal:terminal'
Execution Time:1.99021
Error kill:: No such process

***dumbo 4_______________________________
chown: invalid user: `terminal:terminal'

***highway 7_______________________________
Execution Time:1.31293
wrong
chown: invalid user: `terminal:terminal'
run time error
***dumbo 4_______________________________
chown: invalid user: `terminal:terminal'
Execution Time:1.30686
wrong

***dumbo 4_______________________________
chown: invalid user: `terminal:terminal'
Execution Time:1.6169
wrong

***silent_assassins 4_______________________________
chown: invalid user: `terminal:terminal'
Execution Time:1.26974
wrong

***dmr 2_______________________________
chown: invalid user: `terminal:terminal'
time excd

***Dynamic_Coders 2_______________________________
chown: invalid user: `terminal:terminal'
time excd

***dmr 4_______________________________
chown: invalid user: `terminal:terminal'
Execution Time:1.41897
wrong

***inception 2_______________________________
chown: invalid user: `terminal:terminal'
Execution Time:0.291337
wrong

***code_riders 3_______________________________
chown: invalid user: `terminal:terminal'
Execution Time:0.132479
right
***No_Match_Found 5_______________________________
code/No_Match_Found/5/5.cpp: In function 'int main()':
code/No_Match_Found/5/5.cpp:74:5: error: 'class std::priority_queue<std::pair<int, std::pair<int, int> > >' has no member named 'clear'
compile err
***system 2_______________________________
chown: invalid user: `terminal:terminal'
Execution Time:0.002953
wrong

***plethora 4_______________________________
chown: invalid user: `terminal:terminal'

***silent_assassins 4_______________________________
chown: invalid user: `terminal:terminal'

***system 2_______________________________
chown: invalid user: `terminal:terminal'
Execution Time:0.022297
wrong

***system 2_______________________________
time excd
chown: invalid user: `terminal:terminal'
Execution Time:0.017268
wrong

***inception 6_______________________________
time excd
chown: invalid user: `terminal:terminal'
run time error
***Newbies 4_______________________________
chown: invalid user: `terminal:terminal'
Execution Time:1.25484
wrong

***system 2_______________________________
chown: invalid user: `terminal:terminal'
Execution Time:0.007177
wrong

***system 2_______________________________
chown: invalid user: `terminal:terminal'
Execution Time:0.002897
wrong

***system 2_______________________________
chown: invalid user: `terminal:terminal'
Execution Time:0.002621
wrong

***2_year 3_______________________________
chown: invalid user: `terminal:terminal'
Execution Time:0.056898
wrong

***system 2_______________________________
chown: invalid user: `terminal:terminal'
Execution Time:0.022325
wrong

***system 2_______________________________
chown: invalid user: `terminal:terminal'
Execution Time:0.006191
wrong

***system 2_______________________________
chown: invalid user: `terminal:terminal'
Execution Time:0.028284
wrong

***system 2_______________________________
chown: invalid user: `terminal:terminal'
Execution Time:0.002546
wrong

***system 2_______________________________
chown: invalid user: `terminal:terminal'
Execution Time:0.002512
wrong

***system 2_______________________________
chown: invalid user: `terminal:terminal'
Execution Time:0.002662
wrong

***system 2_______________________________
chown: invalid user: `terminal:terminal'
Execution Time:0.027522
wrong

***2_year 3_______________________________

***system 2_______________________________
chown: invalid user: `terminal:terminal'
Error exec: Text file busy
execution error
chown: invalid user: `terminal:terminal'
Execution Time:0.002629
wrong

***system 2_______________________________
chown: invalid user: `terminal:terminal'
Execution Time:0.004118
wrong

***system 2_______________________________
chown: invalid user: `terminal:terminal'
Execution Time:0.01486
wrong

***IN_TIME 6_______________________________
chown: invalid user: `terminal:terminal'
run time error
***genetic 2_______________________________
chown: invalid user: `terminal:terminal'
Execution Time:0.552472
wrong

***No_Match_Found 5_______________________________
/tmp/ccmesS5t.o: In function `main':
5.cpp:(.text+0xc2): warning: the `gets' function is dangerous and should not be used.
chown: invalid user: `terminal:terminal'

***2_year 3_______________________________
chown: invalid user: `terminal:terminal'

***system 2_______________________________
Execution Time:0.143787
wrong
time excd
chown: invalid user: `terminal:terminal'
Execution Time:0.002594
wrong

***system 2_______________________________
chown: invalid user: `terminal:terminal'
Execution Time:0.007022
wrong

***system 2_______________________________
chown: invalid user: `terminal:terminal'
Execution Time:0.003749
wrong

***system 2_______________________________
chown: invalid user: `terminal:terminal'
Execution Time:0.037325
wrong

***system 2_______________________________
chown: invalid user: `terminal:terminal'
Execution Time:0.003967
wrong

***system 2_______________________________
chown: invalid user: `terminal:terminal'
Execution Time:0.002663
wrong

***system 2_______________________________
chown: invalid user: `terminal:terminal'
Execution Time:0.003107
wrong

***system 2_______________________________
chown: invalid user: `terminal:terminal'
Execution Time:0.003381
wrong

***system 2_______________________________
chown: invalid user: `terminal:terminal'
Execution Time:0.011957
wrong

***2_year 3_______________________________

***system 2_______________________________
chown: invalid user: `terminal:terminal'
Error exec: Permission denied
execution error
chown: invalid user: `terminal:terminal'
Execution Time:0.002559
wrong

***Blue_Devils 3_______________________________
chown: invalid user: `terminal:terminal'
Execution Time:0.112791
right
***musholm 6_______________________________
code/musholm/6/bdemands.c: In function 'int main()':
code/musholm/6/bdemands.c:21:27: warning: format '%d' expects argument of type 'int', but argument 2 has type 'long long int' [-Wformat]

***IN_TIME 2_______________________________
chown: invalid user: `terminal:terminal'
Execution Time:0.068992
wrong
chown: invalid user: `terminal:terminal'
Execution Time:0.003548
wrong

***2_year 3_______________________________
chown: invalid user: `terminal:terminal'
run time error
***2_year 3_______________________________
chown: invalid user: `terminal:terminal'
run time error
***robotics 2_______________________________
chown: invalid user: `terminal:terminal'
time excd

***Syntax_Error 3_______________________________
chown: invalid user: `terminal:terminal'
run time error
***raw_input 1_______________________________

***dumbo 4_______________________________
chown: invalid user: `terminal:terminal'
Error exec: Text file busy
execution error
chown: invalid user: `terminal:terminal'
run time error
***Syntax_Error 3_______________________________
chown: invalid user: `terminal:terminal'
run time error
***Syntax_Error 3_______________________________
chown: invalid user: `terminal:terminal'
run time error
***Lilliputs 3_______________________________
chown: invalid user: `terminal:terminal'

***WhysoSerious 2_______________________________
time excd
chown: invalid user: `terminal:terminal'
Execution Time:0.025242
wrong

***Dicatators 3_______________________________
chown: invalid user: `terminal:terminal'
Execution Time:0.035888
wrong

***Dynamic_Coders 2_______________________________
chown: invalid user: `terminal:terminal'
time excd

***musholm 6_______________________________
code/musholm/6/bdemands.c: In function 'int main()':
code/musholm/6/bdemands.c:21:27: warning: format '%d' expects argument of type 'int', but argument 2 has type 'long long int' [-Wformat]
chown: invalid user: `terminal:terminal'
time excd

***2_year 3_______________________________
chown: invalid user: `terminal:terminal'
run time error
***Newbies 4_______________________________
chown: invalid user: `terminal:terminal'

***dmr 4_______________________________
chown: invalid user: `terminal:terminal'
Execution Time:1.30872
wrong
Execution Time:1.44897
wrong

***raw_input 1_______________________________
chown: invalid user: `terminal:terminal'
Execution Time:0.008991
wrong

***dumbo 4_______________________________
chown: invalid user: `terminal:terminal'

***KanpurKcoders 1_______________________________
chown: invalid user: `terminal:terminal'
Execution Time:0.00301
rightExecution Time:1.42757
wrong

***KanpurKcoders 2_______________________________
chown: invalid user: `terminal:terminal'
Execution Time:0.593664
wrong

***Syntax_Error 3_______________________________
chown: invalid user: `terminal:terminal'
run time error
***Syntax_Error 3_______________________________
chown: invalid user: `terminal:terminal'
run time error
***admin 5_______________________________
chown: invalid user: `terminal:terminal'
run time error
***spd 4_______________________________
code/spd/4/i4.c: In function 'int main()':
code/spd/4/i4.c:12:24: warning: format '%lld' expects argument of type 'long long int*', but argument 2 has type 'long int*' [-Wformat]
code/spd/4/i4.c:17:21: warning: format '%d' expects argument of type 'int*', but argument 2 has type 'long int*' [-Wformat]
code/spd/4/i4.c:40:19: warning: format '%d' expects argument of type 'int', but argument 2 has type 'long int' [-Wformat]
chown: invalid user: `terminal:terminal'
time excd

***spd 4_______________________________
code/spd/4/i4.c: In function 'int main()':
code/spd/4/i4.c:12:24: warning: format '%lld' expects argument of type 'long long int*', but argument 2 has type 'long int*' [-Wformat]
code/spd/4/i4.c:17:21: warning: format '%d' expects argument of type 'int*', but argument 2 has type 'long int*' [-Wformat]
code/spd/4/i4.c:40:19: warning: format '%d' expects argument of type 'int', but argument 2 has type 'long int' [-Wformat]
chown: invalid user: `terminal:terminal'
time excd

***spd 4_______________________________
code/spd/4/i4.c: In function 'int main()':
code/spd/4/i4.c:12:24: warning: format '%lld' expects argument of type 'long long int*', but argument 2 has type 'long int*' [-Wformat]
code/spd/4/i4.c:17:21: warning: format '%d' expects argument of type 'int*', but argument 2 has type 'long int*' [-Wformat]
code/spd/4/i4.c:40:19: warning: format '%d' expects argument of type 'int', but argument 2 has type 'long int' [-Wformat]
chown: invalid user: `terminal:terminal'
time excd

***spd 4_______________________________
code/spd/4/i4.c: In function 'int main()':
code/spd/4/i4.c:12:24: warning: format '%lld' expects argument of type 'long long int*', but argument 2 has type 'long int*' [-Wformat]
code/spd/4/i4.c:17:21: warning: format '%d' expects argument of type 'int*', but argument 2 has type 'long int*' [-Wformat]
code/spd/4/i4.c:40:19: warning: format '%d' expects argument of type 'int', but argument 2 has type 'long int' [-Wformat]
chown: invalid user: `terminal:terminal'
time excd

***spd 4_______________________________
code/spd/4/i4.c: In function 'int main()':
code/spd/4/i4.c:12:24: warning: format '%lld' expects argument of type 'long long int*', but argument 2 has type 'long int*' [-Wformat]
code/spd/4/i4.c:17:21: warning: format '%d' expects argument of type 'int*', but argument 2 has type 'long int*' [-Wformat]
code/spd/4/i4.c:40:19: warning: format '%d' expects argument of type 'int', but argument 2 has type 'long int' [-Wformat]
chown: invalid user: `terminal:terminal'
time excd

***spd 4_______________________________
code/spd/4/i4.c: In function 'int main()':
code/spd/4/i4.c:12:24: warning: format '%lld' expects argument of type 'long long int*', but argument 2 has type 'long int*' [-Wformat]
code/spd/4/i4.c:17:21: warning: format '%d' expects argument of type 'int*', but argument 2 has type 'long int*' [-Wformat]
code/spd/4/i4.c:40:19: warning: format '%d' expects argument of type 'int', but argument 2 has type 'long int' [-Wformat]
chown: invalid user: `terminal:terminal'
time excd

***spd 4_______________________________
code/spd/4/i4.c: In function 'int main()':
code/spd/4/i4.c:12:24: warning: format '%lld' expects argument of type 'long long int*', but argument 2 has type 'long int*' [-Wformat]
code/spd/4/i4.c:17:21: warning: format '%d' expects argument of type 'int*', but argument 2 has type 'long int*' [-Wformat]
code/spd/4/i4.c:40:19: warning: format '%d' expects argument of type 'int', but argument 2 has type 'long int' [-Wformat]
chown: invalid user: `terminal:terminal'
time excd

***thethunder 7_______________________________
chown: invalid user: `terminal:terminal'
time excd

***IN_TIME 6_______________________________
chown: invalid user: `terminal:terminal'
run time error
***admin 5_______________________________
chown: invalid user: `terminal:terminal'
Execution Time:0.38686
right
***genetic1 3_______________________________
chown: invalid user: `terminal:terminal'
Execution Time:0.004882
right
***code_it 2_______________________________
chown: invalid user: `terminal:terminal'
time excd

***genetic1 2_______________________________
chown: invalid user: `terminal:terminal'
Execution Time:0.554491
wrong

***raw_input 2_______________________________

***code_it 7_______________________________
chown: invalid user: `terminal:terminal'
Error exec: Text file busy
execution error

***Np_Complete 4_______________________________
chown: invalid user: `terminal:terminal'

***spd 4_______________________________
code/spd/4/i4.c: In function 'int main()':
code/spd/4/i4.c:12:24: warning: format '%lld' expects argument of type 'long long int*', but argument 2 has type 'long int*' [-Wformat]
code/spd/4/i4.c: In lambda function:
code/spd/4/i4.c:13:14: error: expected '{' before ';' token
code/spd/4/i4.c: In function 'int main()':
code/spd/4/i4.c:13:14: warning: lambda expressions only available with -std=c++0x or -std=gnu++0x [enabled by default]
code/spd/4/i4.c:13:14: error: cannot convert 'main()::<lambda()>' to 'int' in initialization
code/spd/4/i4.c:17:21: warning: format '%d' expects argument of type 'int*', but argument 2 has type 'int' [-Wformat]
code/spd/4/i4.c:21:15: error: invalid type argument of unary '*' (have 'int')
code/spd/4/i4.c:21:20: error: invalid type argument of unary '*' (have 'int')
code/spd/4/i4.c:23:16: error: invalid type argument of unary '*' (have 'int')
code/spd/4/i4.c:23:29: error: invalid type argument of unary '*' (have 'int')
code/spd/4/i4.c:23:46: error: invalid type argument of unary '*' (have 'int')
code/spd/4/i4.c:23:59: error: invalid type argument of unary '*' (have 'int')
code/spd/4/i4.c:25:20: error: invalid type argument of unary '*' (have 'int')
code/spd/4/i4.c:25:25: error: invalid type argument of unary '*' (have 'int')
code/spd/4/i4.c:27:18: error: invalid type argument of unary '*' (have 'int')
code/spd/4/i4.c:27:29: error: invalid type argument of unary '*' (have 'int')
code/spd/4/i4.c:27:48: error: invalid type argument of unary '*' (have 'int')
code/spd/4/i4.c:27:59: error: invalid type argument of unary '*' (have 'int')
code/spd/4/i4.c:40:19: warning: format '%d' expects argument of type 'int', but argument 2 has type 'long int' [-Wformat]
compile err
***winners 4_______________________________
time excd

***raw_input 2_______________________________
chown: invalid user: `terminal:terminal'
time excd
chown: invalid user: `terminal:terminal'
time excd

***Np_Complete 4_______________________________
chown: invalid user: `terminal:terminal'
time excd

***Np_Complete 4_______________________________
chown: invalid user: `terminal:terminal'
time excd

***Np_Complete 4_______________________________
chown: invalid user: `terminal:terminal'
time excd
chown: invalid user: `terminal:terminal'
time excd

***Np_Complete 4_______________________________
chown: invalid user: `terminal:terminal'

***KanpurKcoders 2_______________________________
chown: invalid user: `terminal:terminal'
time excd
Execution Time:0.903367
Error kill:: No such process

***Newbies 4_______________________________
chown: invalid user: `terminal:terminal'
Execution Time:1.48497
wrong

***hazard 6_______________________________
code/hazard/6/ques6.c: In function 'void quick(int*, int, int)':
code/hazard/6/ques6.c:7:24: error: 'partition' was not declared in this scope
code/hazard/6/ques6.c: In function 'int main()':
code/hazard/6/ques6.c:42:20: warning: format '%lld' expects argument of type 'long long int*', but argument 2 has type 'int*' [-Wformat]
compile err
***spd 4_______________________________
code/spd/4/i4.c: In function 'int main()':
code/spd/4/i4.c:12:24: warning: format '%lld' expects argument of type 'long long int*', but argument 2 has type 'long int*' [-Wformat]
code/spd/4/i4.c:40:19: warning: format '%d' expects argument of type 'int', but argument 2 has type 'long int' [-Wformat]
chown: invalid user: `terminal:terminal'
run time error
***KanpurKcoders 2_______________________________
chown: invalid user: `terminal:terminal'
Execution Time:0.643108
wrong

***system 2_______________________________
illegal file

***system 2_______________________________
chown: invalid user: `terminal:terminal'
Execution Time:0.002923
wrong

***system 2_______________________________
chown: invalid user: `terminal:terminal'
Execution Time:0.002854
wrong

***system 2_______________________________
chown: invalid user: `terminal:terminal'
Execution Time:0.002607
wrong

***system 2_______________________________
chown: invalid user: `terminal:terminal'
Execution Time:0.01241
wrong

***system 2_______________________________
chown: invalid user: `terminal:terminal'
Execution Time:0.002504
wrong

***system 2_______________________________
chown: invalid user: `terminal:terminal'
Execution Time:0.00848
wrong

***system 2_______________________________
chown: invalid user: `terminal:terminal'
Execution Time:0.003414
wrong

***code_it 5_______________________________

***system 2_______________________________
chown: invalid user: `terminal:terminal'
Execution Time:0.007204
wrong

***system 2_______________________________
chown: invalid user: `terminal:terminal'
Execution Time:0.0085
wrong
chown: invalid user: `terminal:terminal'
Execution Time:0.00356
wrong

***hazard 6_______________________________
code/hazard/6/ques6.cpp: In function 'void quick(int*, int, int)':
code/hazard/6/ques6.cpp:7:24: error: 'partition' was not declared in this scope
code/hazard/6/ques6.cpp: In function 'int main()':
code/hazard/6/ques6.cpp:42:20: warning: format '%lld' expects argument of type 'long long int*', but argument 2 has type 'int*' [-Wformat]
compile err
***hazard 6_______________________________
code/hazard/6/ques6.cpp: In function 'void quick(int*, int, int)':
code/hazard/6/ques6.cpp:7:24: error: 'partition' was not declared in this scope
code/hazard/6/ques6.cpp: In function 'int main()':
code/hazard/6/ques6.cpp:42:20: warning: format '%lld' expects argument of type 'long long int*', but argument 2 has type 'int*' [-Wformat]
compile err
***dmr 4_______________________________
chown: invalid user: `terminal:terminal'
Execution Time:1.5056
wrong

***code_it 5_______________________________
chown: invalid user: `terminal:terminal'
Execution Time:0.061144
wrong

***Lilliputs 3_______________________________
chown: invalid user: `terminal:terminal'
time excd

***hazard 6_______________________________
code/hazard/6/ques6.c: In function 'void quick(int*, int, int)':
code/hazard/6/ques6.c:7:24: error: 'partition' was not declared in this scope
code/hazard/6/ques6.c: In function 'int main()':
code/hazard/6/ques6.c:42:20: warning: format '%lld' expects argument of type 'long long int*', but argument 2 has type 'int*' [-Wformat]
compile err
***hazard 6_______________________________

***winners 4_______________________________
code/hazard/6/ques6.c: In function 'void quick(int*, int, int)':
code/hazard/6/ques6.c:7:24: error: 'partition' was not declared in this scope
code/hazard/6/ques6.c: In function 'int main()':
code/hazard/6/ques6.c:42:20: warning: format '%lld' expects argument of type 'long long int*', but argument 2 has type 'int*' [-Wformat]
compile errchown: invalid user: `terminal:terminal'

***hazard 6_______________________________
code/hazard/6/ques6.c: In function 'void quick(int*, int, int)':
code/hazard/6/ques6.c:7:24: error: 'partition' was not declared in this scope
code/hazard/6/ques6.c: In function 'int main()':
code/hazard/6/ques6.c:42:20: warning: format '%lld' expects argument of type 'long long int*', but argument 2 has type 'int*' [-Wformat]
compile errExecution Time:1.31456
wrong

***hazard 6_______________________________
code/hazard/6/ques6.c: In function 'void quick(int*, int, int)':
code/hazard/6/ques6.c:7:24: error: 'partition' was not declared in this scope
code/hazard/6/ques6.c: In function 'int main()':
code/hazard/6/ques6.c:42:20: warning: format '%lld' expects argument of type 'long long int*', but argument 2 has type 'int*' [-Wformat]
compile err
***hazard 6_______________________________
code/hazard/6/ques6.c: In function 'void quick(int*, int, int)':
code/hazard/6/ques6.c:7:24: error: 'partition' was not declared in this scope
code/hazard/6/ques6.c: In function 'int main()':
code/hazard/6/ques6.c:42:20: warning: format '%lld' expects argument of type 'long long int*', but argument 2 has type 'int*' [-Wformat]
compile err
***hazard 6_______________________________
code/hazard/6/ques6.c: In function 'void quick(int*, int, int)':
code/hazard/6/ques6.c:7:24: error: 'partition' was not declared in this scope
code/hazard/6/ques6.c: In function 'int main()':
code/hazard/6/ques6.c:42:20: warning: format '%lld' expects argument of type 'long long int*', but argument 2 has type 'int*' [-Wformat]
compile err
***Np_Complete 4_______________________________
chown: invalid user: `terminal:terminal'
Execution Time:1.55184
wrong

***spd 4_______________________________
code/spd/4/i4.c: In function 'int main()':
code/spd/4/i4.c:12:24: warning: format '%lld' expects argument of type 'long long int*', but argument 2 has type 'long int*' [-Wformat]
code/spd/4/i4.c:40:19: warning: format '%d' expects argument of type 'int', but argument 2 has type 'long int' [-Wformat]
chown: invalid user: `terminal:terminal'
run time error
***SIGSEGV 2_______________________________
chown: invalid user: `terminal:terminal'
time excd

***WhysoSerious 2_______________________________
chown: invalid user: `terminal:terminal'
Execution Time:0.047179
wrong

***spd 4_______________________________
code/spd/4/i4.c: In function 'int main()':
code/spd/4/i4.c:40:19: warning: format '%d' expects argument of type 'int', but argument 2 has type 'long int' [-Wformat]
chown: invalid user: `terminal:terminal'
run time error
***spd 4_______________________________
code/spd/4/i4.c: In function 'int main()':
code/spd/4/i4.c:40:19: warning: format '%d' expects argument of type 'int', but argument 2 has type 'long int' [-Wformat]
chown: invalid user: `terminal:terminal'
run time error
***spd 4_______________________________
code/spd/4/i4.c: In function 'int main()':
code/spd/4/i4.c:40:19: warning: format '%d' expects argument of type 'int', but argument 2 has type 'long int' [-Wformat]
chown: invalid user: `terminal:terminal'
run time error
***spd 4_______________________________
code/spd/4/i4.c: In function 'int main()':
code/spd/4/i4.c:40:19: warning: format '%d' expects argument of type 'int', but argument 2 has type 'long int' [-Wformat]
chown: invalid user: `terminal:terminal'
run time error
***spd 4_______________________________
code/spd/4/i4.c: In function 'int main()':
code/spd/4/i4.c:40:19: warning: format '%d' expects argument of type 'int', but argument 2 has type 'long int' [-Wformat]
chown: invalid user: `terminal:terminal'
run time error
***raw_input 2_______________________________
chown: invalid user: `terminal:terminal'
Execution Time:0.532993
wrong

***plethora 4_______________________________
/tmp/cccDJKIR.o: In function `main':
41.c:(.text+0x103): warning: the `gets' function is dangerous and should not be used.
chown: invalid user: `terminal:terminal'
Execution Time:1.32253
wrong

***naughtyCoders 6_______________________________
chown: invalid user: `terminal:terminal'
time excd

***inception 6_______________________________
chown: invalid user: `terminal:terminal'
run time error
***inception 6_______________________________
chown: invalid user: `terminal:terminal'
run time error
***IN_TIME 2_______________________________
chown: invalid user: `terminal:terminal'
Execution Time:0.053452
wrong

***raw_input 2_______________________________
chown: invalid user: `terminal:terminal'
Execution Time:0.566965
wrong

***IN_TIME 2_______________________________
chown: invalid user: `terminal:terminal'
Execution Time:0.028501
wrong

***KanpurKcoders 2_______________________________
chown: invalid user: `terminal:terminal'
Execution Time:0.506994
right
***Lilliputs 3_______________________________
chown: invalid user: `terminal:terminal'

***kitne_aadmi_the 2_______________________________
chown: invalid user: `terminal:terminal'
time excd
time excd

***kitne_aadmi_the 2_______________________________
chown: invalid user: `terminal:terminal'
time excd

***IN_TIME 6_______________________________
chown: invalid user: `terminal:terminal'
run time error
***raw_input 2_______________________________
chown: invalid user: `terminal:terminal'
Execution Time:0.549339
wrong

***Electrodes 2_______________________________
chown: invalid user: `terminal:terminal'
time excd

***Electrodes 2_______________________________
chown: invalid user: `terminal:terminal'
time excd

***Electrodes 2_______________________________
chown: invalid user: `terminal:terminal'

***hazard 6_______________________________
code/hazard/6/ques6.c: In function 'int main()':
code/hazard/6/ques6.c:43:20: warning: format '%lld' expects argument of type 'long long int*', but argument 2 has type 'int*' [-Wformat]
chown: invalid user: `terminal:terminal'
time excd
time excd

***Electrodes 2_______________________________
chown: invalid user: `terminal:terminal'
time excd

***hazard 6_______________________________
code/hazard/6/ques6.c: In function 'int main()':
code/hazard/6/ques6.c:43:20: warning: format '%lld' expects argument of type 'long long int*', but argument 2 has type 'int*' [-Wformat]
chown: invalid user: `terminal:terminal'
time excd

***hazard 6_______________________________
code/hazard/6/ques6.c: In function 'int main()':
code/hazard/6/ques6.c:43:20: warning: format '%lld' expects argument of type 'long long int*', but argument 2 has type 'int*' [-Wformat]
chown: invalid user: `terminal:terminal'
time excd

***Dynamic_Coders 2_______________________________

***hazard 6_______________________________
chown: invalid user: `terminal:terminal'
code/hazard/6/ques6.c: In function 'int main()':
code/hazard/6/ques6.c:43:20: warning: format '%lld' expects argument of type 'long long int*', but argument 2 has type 'int*' [-Wformat]
chown: invalid user: `terminal:terminal'
time excd
time excd

***hazard 6_______________________________
code/hazard/6/ques6.c: In function 'int main()':
code/hazard/6/ques6.c:43:20: warning: format '%lld' expects argument of type 'long long int*', but argument 2 has type 'int*' [-Wformat]
chown: invalid user: `terminal:terminal'
time excd

***hazard 6_______________________________
code/hazard/6/ques6.c: In function 'int main()':
code/hazard/6/ques6.c:43:20: warning: format '%lld' expects argument of type 'long long int*', but argument 2 has type 'int*' [-Wformat]
chown: invalid user: `terminal:terminal'
time excd

***hazard 6_______________________________
code/hazard/6/ques6.c: In function 'int main()':
code/hazard/6/ques6.c:43:20: warning: format '%lld' expects argument of type 'long long int*', but argument 2 has type 'int*' [-Wformat]
chown: invalid user: `terminal:terminal'
time excd

***robotics 8_______________________________

***kitne_aadmi_the 2_______________________________
chown: invalid user: `terminal:terminal'
Execution Time:0.21591
wrong
chown: invalid user: `terminal:terminal'
time excd

***hazard 7_______________________________
chown: invalid user: `terminal:terminal'
run time error
***hazard 7_______________________________
chown: invalid user: `terminal:terminal'
run time error
***hazard 7_______________________________
chown: invalid user: `terminal:terminal'
run time error
***hazard 7_______________________________
chown: invalid user: `terminal:terminal'
run time error
***hazard 7_______________________________
chown: invalid user: `terminal:terminal'
run time error
***kitne_aadmi_the 2_______________________________

***Np_Complete 4_______________________________
chown: invalid user: `terminal:terminal'

***inception 6_______________________________
chown: invalid user: `terminal:terminal'
Error exec: Text file busy
execution error
time excd
chown: invalid user: `terminal:terminal'
run time error
***hazard 7_______________________________
chown: invalid user: `terminal:terminal'
run time error
***hazard 7_______________________________
chown: invalid user: `terminal:terminal'
run time error
***hazard 7_______________________________
chown: invalid user: `terminal:terminal'
run time error
***hazard 7_______________________________
chown: invalid user: `terminal:terminal'
run time error
***hazard 7_______________________________
chown: invalid user: `terminal:terminal'
run time error
***hazard 7_______________________________
chown: invalid user: `terminal:terminal'
run time error
***Np_Complete 4_______________________________
chown: invalid user: `terminal:terminal'
Execution Time:1.21672
wrong

***thethunder 7_______________________________
chown: invalid user: `terminal:terminal'

***Electrodes 2_______________________________
chown: invalid user: `terminal:terminal'
time excd
time excd

***hazard 6_______________________________
code/hazard/6/ques6.c: In function 'int main()':
code/hazard/6/ques6.c:43:20: warning: format '%lld' expects argument of type 'long long int*', but argument 2 has type 'int*' [-Wformat]
chown: invalid user: `terminal:terminal'

***plethora 2_______________________________
time excd
chown: invalid user: `terminal:terminal'
Execution Time:0.002797
wrong

***raw_input 2_______________________________
chown: invalid user: `terminal:terminal'
Execution Time:0.552326
wrong

***naughtyCoders 6_______________________________
code/naughtyCoders/6/beautiful6.cpp: In function 'int main()':
code/naughtyCoders/6/beautiful6.cpp:26:18: error: 'memset' was not declared in this scope
compile err
***Ethan 1_______________________________
code/Ethan/1/bp.c: In function 'void selection(int*, int)':
code/Ethan/1/bp.c:10:10: error: return-statement with a value, in function returning 'void' [-fpermissive]
compile err
***naughtyCoders 6_______________________________
chown: invalid user: `terminal:terminal'
time excd

***Lilliputs 3_______________________________
chown: invalid user: `terminal:terminal'

***dmr 4_______________________________
chown: invalid user: `terminal:terminal'
time excd
Execution Time:1.33587
wrong

***Ethan 1_______________________________
chown: invalid user: `terminal:terminal'
Execution Time:0.018793
right
***dmr 4_______________________________
chown: invalid user: `terminal:terminal'
Execution Time:1.43308
wrong

***IN_TIME 6_______________________________
chown: invalid user: `terminal:terminal'
run time error
***Electrodes 2_______________________________
chown: invalid user: `terminal:terminal'
Execution Time:0.748536
presentation error

***raw_input 2_______________________________

***winners 2_______________________________
chown: invalid user: `terminal:terminal'
/usr/bin/ld: reopening ./jail/exe: Text file busy

/usr/bin/ld: final link failed: Text file busy
collect2: ld returned 1 exit status
compile errtime excd

***raw_input 2_______________________________
chown: invalid user: `terminal:terminal'
Execution Time:0.574255
wrong

***Electrodes 2_______________________________
chown: invalid user: `terminal:terminal'
Execution Time:0.748905
presentation error

***Chainz 8_______________________________
chown: invalid user: `terminal:terminal'
run time error
***Chainz 8_______________________________
chown: invalid user: `terminal:terminal'
run time error
***hazard 3_______________________________
chown: invalid user: `terminal:terminal'
Execution Time:0.043615
wrong

***Electrodes 2_______________________________
chown: invalid user: `terminal:terminal'
time excd

***Adhokshaja 3_______________________________
chown: invalid user: `terminal:terminal'
Execution Time:0.006163
wrong

***winners 2_______________________________
chown: invalid user: `terminal:terminal'
Execution Time:0.850944
wrong

***Electrodes 2_______________________________
chown: invalid user: `terminal:terminal'
Execution Time:0.740255
right
***Syntax_Error 3_______________________________
chown: invalid user: `terminal:terminal'
run time error
***winners 4_______________________________
chown: invalid user: `terminal:terminal'
time excd

***Sodium 2_______________________________
chown: invalid user: `terminal:terminal'
time excd

***raw_input 2_______________________________
chown: invalid user: `terminal:terminal'
time excd

***plethora 2_______________________________
chown: invalid user: `terminal:terminal'
Execution Time:0.003
wrong

***haybale 3_______________________________
code/haybale/3/inso3.c:4:5: error: ISO C++ forbids declaration of 'gen' with no type [-fpermissive]
compile err
***Reincarnation 8_______________________________
chown: invalid user: `terminal:terminal'
time excd

***IN_TIME 6_______________________________
chown: invalid user: `terminal:terminal'
run time error
***haybale 3_______________________________
chown: invalid user: `terminal:terminal'
time excd

***raw_input 2_______________________________
chown: invalid user: `terminal:terminal'
Execution Time:0.656601
wrong

***IN_TIME 2_______________________________
chown: invalid user: `terminal:terminal'
Execution Time:0.028008
wrong

***dead_coders 4_______________________________
chown: invalid user: `terminal:terminal'
Execution Time:1.28655
wrong

***BPTroll 6_______________________________
code/BPTroll/6/demand2.c: In function 'void exsort(long long int*, long long int*, int, int)':
code/BPTroll/6/demand2.c:21:23: error: 'part' was not declared in this scope
compile err
***Newbies 4_______________________________
illegal file

***Newbies 4_______________________________
chown: invalid user: `terminal:terminal'
Execution Time:1.37123
wrong

***BPTroll 6_______________________________
code/BPTroll/6/demand2.c: In function 'void exsort(long long int*, long long int*, int, int)':
code/BPTroll/6/demand2.c:21:23: error: 'part' was not declared in this scope
compile err
***code_it 2_______________________________
chown: invalid user: `terminal:terminal'
time excd

***Np_Complete 4_______________________________
chown: invalid user: `terminal:terminal'
Execution Time:1.44425
wrong

***plethora 4_______________________________
/tmp/ccOLpzQK.o: In function `main':
41.c:(.text+0x103): warning: the `gets' function is dangerous and should not be used.
chown: invalid user: `terminal:terminal'
Execution Time:1.38768
wrong

***BPTroll 6_______________________________
code/BPTroll/6/demand2.c: In function 'void exsort(long long int*, long long int*, int, int)':
code/BPTroll/6/demand2.c:21:23: error: 'part' was not declared in this scope
compile err
***BPTroll 6_______________________________
code/BPTroll/6/demand2.c: In function 'void exsort(long long int*, long long int*, int, int)':
code/BPTroll/6/demand2.c:21:23: error: 'part' was not declared in this scope
compile err
***naughtyCoders 1_______________________________
illegal file

***thethunder 2_______________________________
code/thethunder/2/moves.c: In function 'int main()':
code/thethunder/2/moves.c:20:21: warning: format '%d' expects argument of type 'int*', but argument 2 has type 'long long int*' [-Wformat]
chown: invalid user: `terminal:terminal'
Execution Time:0.003082
wrong

***plethora 4_______________________________
chown: invalid user: `terminal:terminal'
Execution Time:1.32071
wrong

***raw_input 2_______________________________
chown: invalid user: `terminal:terminal'
Execution Time:0.569457
wrong

***2_year 3_______________________________
chown: invalid user: `terminal:terminal'
Execution Time:0.006388
right
***BPTroll 6_______________________________
chown: invalid user: `terminal:terminal'
time excd

***dead_coders 3_______________________________
chown: invalid user: `terminal:terminal'
time excd

***IN_TIME 2_______________________________
chown: invalid user: `terminal:terminal'
Execution Time:0.028121
wrong

***IN_TIME 2_______________________________
chown: invalid user: `terminal:terminal'
Execution Time:0.04942
wrong

***IN_TIME 6_______________________________
chown: invalid user: `terminal:terminal'
run time error
***Chainz 8_______________________________
chown: invalid user: `terminal:terminal'
run time error
***silent_assassins 4_______________________________
chown: invalid user: `terminal:terminal'
Execution Time:1.28045
wrong

***OYES 7_______________________________
chown: invalid user: `terminal:terminal'
run time error
***OYES 7_______________________________
chown: invalid user: `terminal:terminal'
run time error
***Reincarnation 4_______________________________
code/Reincarnation/4/files.c: In function 'int main()':
code/Reincarnation/4/files.c:12:22: warning: format '%lld' expects argument of type 'long long int*', but argument 2 has type 'int*' [-Wformat]
code/Reincarnation/4/files.c:38:19: warning: format '%d' expects argument of type 'int', but argument 2 has type 'long long int' [-Wformat]
chown: invalid user: `terminal:terminal'
Execution Time:1.43688
wrong

***plethora 4_______________________________
chown: invalid user: `terminal:terminal'
Execution Time:1.44413
right
***winners 4_______________________________
code/winners/4/44.cpp: In function 'int main()':
code/winners/4/44.cpp:41:10: error: expected primary-expression before '=' token
compile err
***genetic1 4_______________________________
chown: invalid user: `terminal:terminal'

***Napster 2_______________________________
chown: invalid user: `terminal:terminal'
Execution Time:0.003649
wrong
Execution Time:1.34082
wrong

***OYES 7_______________________________
chown: invalid user: `terminal:terminal'
run time error
***Syntax_Error 3_______________________________
code/Syntax_Error/3/beautypermu.c: In function 'int main()':
code/Syntax_Error/3/beautypermu.c:7:15: warning: format '%d' expects argument of type 'int*', but argument 2 has type 'long int*' [-Wformat]
chown: invalid user: `terminal:terminal'
run time error
***OYES 7_______________________________
chown: invalid user: `terminal:terminal'
run time error
***winners 4_______________________________
chown: invalid user: `terminal:terminal'
run time error
***Np_Complete 4_______________________________
chown: invalid user: `terminal:terminal'
Execution Time:1.32544
wrong

***IN_TIME 6_______________________________
chown: invalid user: `terminal:terminal'
run time error
***Chainz 8_______________________________
chown: invalid user: `terminal:terminal'
run time error
***Chainz 8_______________________________
chown: invalid user: `terminal:terminal'
run time error
***Chainz 8_______________________________
chown: invalid user: `terminal:terminal'
run time error
***Chainz 8_______________________________
chown: invalid user: `terminal:terminal'
run time error
***Chainz 8_______________________________
chown: invalid user: `terminal:terminal'
run time error
***Chainz 8_______________________________
chown: invalid user: `terminal:terminal'
run time error
***Chainz 8_______________________________
chown: invalid user: `terminal:terminal'
run time error
***UNKNOWN 2_______________________________
chown: invalid user: `terminal:terminal'
time excd

***winners 4_______________________________
chown: invalid user: `terminal:terminal'
Execution Time:1.30678
wrong

***genetic1 4_______________________________
chown: invalid user: `terminal:terminal'
Execution Time:1.44499
wrong

***Np_Complete 4_______________________________
chown: invalid user: `terminal:terminal'
Execution Time:1.54455
wrong

***winners 4_______________________________
chown: invalid user: `terminal:terminal'
Execution Time:1.37286
wrong

***genetic1 4_______________________________
chown: invalid user: `terminal:terminal'
Execution Time:1.50211
wrong

***Chainz 8_______________________________
chown: invalid user: `terminal:terminal'
Execution Time:0.142396
wrong

***IN_TIME 6_______________________________
chown: invalid user: `terminal:terminal'
run time error
***dead_coders 4_______________________________
chown: invalid user: `terminal:terminal'
run time error
***winners 4_______________________________
chown: invalid user: `terminal:terminal'
Execution Time:1.32532
wrong

***code_riders 4_______________________________
code/code_riders/4/4.cpp: In function 'int main()':
code/code_riders/4/4.cpp:45:2: error: 'else' without a previous 'if'
code/code_riders/4/4.cpp:56:5: error: 'fg' was not declared in this scope
code/code_riders/4/4.cpp:57:23: error: no matching function for call to 'abs(<unresolved overloaded function type>)'
code/code_riders/4/4.cpp:57:23: note: candidates are:
/usr/include/c++/4.6/cmath:82:3: note: double std::abs(double)
/usr/include/c++/4.6/cmath:82:3: note:   no known conversion for argument 1 from '<unresolved overloaded function type>' to 'double'
/usr/include/c++/4.6/cmath:86:3: note: float std::abs(float)
/usr/include/c++/4.6/cmath:86:3: note:   no known conversion for argument 1 from '<unresolved overloaded function type>' to 'float'
/usr/include/c++/4.6/cmath:90:3: note: long double std::abs(long double)
/usr/include/c++/4.6/cmath:90:3: note:   no known conversion for argument 1 from '<unresolved overloaded function type>' to 'long double'
/usr/include/c++/4.6/cmath:96:5: note: template<class _Tp> typename __gnu_cxx::__enable_if<std::__is_integer<_Tp>::__value, double>::__type std::abs(_Tp)
code/code_riders/4/4.cpp: At global scope:
code/code_riders/4/4.cpp:59:2: error: expected unqualified-id before 'return'
code/code_riders/4/4.cpp:60:1: error: expected declaration before '}' token
compile err
***code_riders 4_______________________________
code/code_riders/4/4.cpp: In function 'int main()':
code/code_riders/4/4.cpp:45:2: error: 'else' without a previous 'if'
code/code_riders/4/4.cpp:56:5: error: 'fg' was not declared in this scope
code/code_riders/4/4.cpp:57:23: error: no matching function for call to 'abs(<unresolved overloaded function type>)'
code/code_riders/4/4.cpp:57:23: note: candidates are:
/usr/include/c++/4.6/cmath:82:3: note: double std::abs(double)
/usr/include/c++/4.6/cmath:82:3: note:   no known conversion for argument 1 from '<unresolved overloaded function type>' to 'double'
/usr/include/c++/4.6/cmath:86:3: note: float std::abs(float)
/usr/include/c++/4.6/cmath:86:3: note:   no known conversion for argument 1 from '<unresolved overloaded function type>' to 'float'
/usr/include/c++/4.6/cmath:90:3: note: long double std::abs(long double)
/usr/include/c++/4.6/cmath:90:3: note:   no known conversion for argument 1 from '<unresolved overloaded function type>' to 'long double'
/usr/include/c++/4.6/cmath:96:5: note: template<class _Tp> typename __gnu_cxx::__enable_if<std::__is_integer<_Tp>::__value, double>::__type std::abs(_Tp)
code/code_riders/4/4.cpp: At global scope:
code/code_riders/4/4.cpp:59:2: error: expected unqualified-id before 'return'
code/code_riders/4/4.cpp:60:1: error: expected declaration before '}' token
compile err
***inception 7_______________________________
chown: invalid user: `terminal:terminal'
time excd

***d3ViLHuN8r 6_______________________________
code/d3ViLHuN8r/6/q6.cpp: In function 'int main()':
code/d3ViLHuN8r/6/q6.cpp:20:22: warning: format '%d' expects argument of type 'int*', but argument 2 has type 'long long int*' [-Wformat]
code/d3ViLHuN8r/6/q6.cpp:28:25: warning: format '%d' expects argument of type 'int', but argument 2 has type 'long long int' [-Wformat]
chown: invalid user: `terminal:terminal'
time excd

***Syntax_Error 3_______________________________
code/Syntax_Error/3/beautypermu.c: In function 'int main()':
code/Syntax_Error/3/beautypermu.c:7:15: warning: format '%d' expects argument of type 'int*', but argument 2 has type 'long int*' [-Wformat]
chown: invalid user: `terminal:terminal'
run time error
***Syntax_Error 3_______________________________
code/Syntax_Error/3/beautypermu.c: In function 'int main()':
code/Syntax_Error/3/beautypermu.c:7:15: warning: format '%d' expects argument of type 'int*', but argument 2 has type 'long int*' [-Wformat]
chown: invalid user: `terminal:terminal'
run time error
***Syntax_Error 3_______________________________
code/Syntax_Error/3/beautypermu.c: In function 'int main()':
code/Syntax_Error/3/beautypermu.c:7:15: warning: format '%d' expects argument of type 'int*', but argument 2 has type 'long int*' [-Wformat]
chown: invalid user: `terminal:terminal'
run time error
***Syntax_Error 3_______________________________
code/Syntax_Error/3/beautypermu.c: In function 'int main()':
code/Syntax_Error/3/beautypermu.c:7:15: warning: format '%d' expects argument of type 'int*', but argument 2 has type 'long int*' [-Wformat]
chown: invalid user: `terminal:terminal'
run time error
***genetic1 4_______________________________
chown: invalid user: `terminal:terminal'

***dead_coders 4_______________________________
chown: invalid user: `terminal:terminal'
run time errortime excd

***IN_TIME 6_______________________________
chown: invalid user: `terminal:terminal'
run time error
***d3ViLHuN8r 6_______________________________
code/d3ViLHuN8r/6/q6.cpp: In function 'int main()':
code/d3ViLHuN8r/6/q6.cpp:20:22: warning: format '%d' expects argument of type 'int*', but argument 2 has type 'long long int*' [-Wformat]
code/d3ViLHuN8r/6/q6.cpp:28:25: warning: format '%d' expects argument of type 'int', but argument 2 has type 'long long int' [-Wformat]

***dead_coders 3_______________________________
chown: invalid user: `terminal:terminal'
Error exec: Text file busy
execution error
chown: invalid user: `terminal:terminal'
run time error
***OYES 7_______________________________
chown: invalid user: `terminal:terminal'
time excd

***dead_coders 3_______________________________
chown: invalid user: `terminal:terminal'

***OYES 7_______________________________
chown: invalid user: `terminal:terminal'
run time errortime excd

***code_it 2_______________________________
chown: invalid user: `terminal:terminal'
time excd

***dumbo 5_______________________________
chown: invalid user: `terminal:terminal'
Execution Time:0.004149
wrong

***kitne_aadmi_the 1_______________________________
chown: invalid user: `terminal:terminal'
Execution Time:0.020712
wrong

***genetic1 4_______________________________
chown: invalid user: `terminal:terminal'
Execution Time:1.44113
wrong

***kitne_aadmi_the 1_______________________________
chown: invalid user: `terminal:terminal'
Execution Time:0.003278
wrong

***Syntax_Error 3_______________________________
chown: invalid user: `terminal:terminal'
run time error
***Syntax_Error 3_______________________________
chown: invalid user: `terminal:terminal'
run time error
***OYES 7_______________________________
chown: invalid user: `terminal:terminal'
run time error
***OYES 7_______________________________
chown: invalid user: `terminal:terminal'
run time error
***OYES 7_______________________________
chown: invalid user: `terminal:terminal'
run time error
***OYES 7_______________________________
chown: invalid user: `terminal:terminal'
run time error
***OYES 7_______________________________
chown: invalid user: `terminal:terminal'
run time error
***code_it 7_______________________________

***OYES 7_______________________________
chown: invalid user: `terminal:terminal'
run time error
***OYES 7_______________________________
chown: invalid user: `terminal:terminal'
run time error
***genetic1 4_______________________________
chown: invalid user: `terminal:terminal'
time excd
chown: invalid user: `terminal:terminal'
time excd

***SIGSEGV 4_______________________________
chown: invalid user: `terminal:terminal'
Execution Time:1.37087
wrong

***CYCLADES 5_______________________________
chown: invalid user: `terminal:terminal'
Execution Time:0.025697
wrong

***code_it 2_______________________________
chown: invalid user: `terminal:terminal'
time excd

***d3ViLHuN8r 6_______________________________
code/d3ViLHuN8r/6/q6.cpp: In function 'int main()':
code/d3ViLHuN8r/6/q6.cpp:20:22: warning: format '%d' expects argument of type 'int*', but argument 2 has type 'long long int*' [-Wformat]
code/d3ViLHuN8r/6/q6.cpp:28:25: warning: format '%d' expects argument of type 'int', but argument 2 has type 'long long int' [-Wformat]
chown: invalid user: `terminal:terminal'
time excd

***IN_TIME 2_______________________________
chown: invalid user: `terminal:terminal'
Execution Time:0.417916
wrong

***haybale 3_______________________________
chown: invalid user: `terminal:terminal'
time excd

***OYES 7_______________________________
chown: invalid user: `terminal:terminal'
run time error
***haybale 3_______________________________
chown: invalid user: `terminal:terminal'
time excd

***UNKNOWN 1_______________________________
code/UNKNOWN/1/fd.c: In function 'long int open_max()':
code/UNKNOWN/1/fd.c:23:58: error: 'err_sys' was not declared in this scope
compile err
***d3ViLHuN8r 6_______________________________
code/d3ViLHuN8r/6/q6.cpp: In function 'int main()':
code/d3ViLHuN8r/6/q6.cpp:28:25: warning: format '%d' expects argument of type 'int', but argument 2 has type 'long long int' [-Wformat]
chown: invalid user: `terminal:terminal'

***UNKNOWN 1_______________________________
code/UNKNOWN/1/fd.c: In function 'long int open_max()':
code/UNKNOWN/1/fd.c:23:58: error: 'err_sys' was not declared in this scope
compile err
***UNKNOWN 1_______________________________
time excd
code/UNKNOWN/1/fd.c: In function 'long int open_max()':
code/UNKNOWN/1/fd.c:23:58: error: 'err_sys' was not declared in this scope
compile err
***UNKNOWN 1_______________________________
code/UNKNOWN/1/fd.c: In function 'long int open_max()':
code/UNKNOWN/1/fd.c:23:58: error: 'err_sys' was not declared in this scope
compile err
***UNKNOWN 1_______________________________
code/UNKNOWN/1/fd.c: In function 'long int open_max()':
code/UNKNOWN/1/fd.c:23:58: error: 'err_sys' was not declared in this scope
compile err
***UNKNOWN 1_______________________________
code/UNKNOWN/1/fd.c: In function 'long int open_max()':
code/UNKNOWN/1/fd.c:23:58: error: 'err_sys' was not declared in this scope
compile err
***UNKNOWN 1_______________________________
code/UNKNOWN/1/fd.c: In function 'long int open_max()':
code/UNKNOWN/1/fd.c:23:58: error: 'err_sys' was not declared in this scope
compile err
***UNKNOWN 1_______________________________
code/UNKNOWN/1/fd.c: In function 'long int open_max()':
code/UNKNOWN/1/fd.c:23:58: error: 'err_sys' was not declared in this scope
compile err
***UNKNOWN 1_______________________________
code/UNKNOWN/1/fd.c: In function 'long int open_max()':
code/UNKNOWN/1/fd.c:23:58: error: 'err_sys' was not declared in this scope
compile err
***UNKNOWN 1_______________________________
code/UNKNOWN/1/fd.c: In function 'long int open_max()':
code/UNKNOWN/1/fd.c:23:58: error: 'err_sys' was not declared in this scope
compile err
***UNKNOWN 1_______________________________
code/UNKNOWN/1/fd.c: In function 'long int open_max()':
code/UNKNOWN/1/fd.c:23:58: error: 'err_sys' was not declared in this scope
compile err
***UNKNOWN 1_______________________________
code/UNKNOWN/1/fd.c: In function 'long int open_max()':
code/UNKNOWN/1/fd.c:23:58: error: 'err_sys' was not declared in this scope
compile err
***UNKNOWN 1_______________________________
code/UNKNOWN/1/fd.c: In function 'long int open_max()':
code/UNKNOWN/1/fd.c:23:58: error: 'err_sys' was not declared in this scope
compile err
***UNKNOWN 1_______________________________
code/UNKNOWN/1/fd.c: In function 'long int open_max()':
code/UNKNOWN/1/fd.c:23:58: error: 'err_sys' was not declared in this scope
compile err
***UNKNOWN 1_______________________________
code/UNKNOWN/1/fd.c: In function 'long int open_max()':
code/UNKNOWN/1/fd.c:23:58: error: 'err_sys' was not declared in this scope
compile err
***UNKNOWN 1_______________________________
code/UNKNOWN/1/fd.c: In function 'long int open_max()':
code/UNKNOWN/1/fd.c:23:58: error: 'err_sys' was not declared in this scope
compile err
***UNKNOWN 1_______________________________
code/UNKNOWN/1/fd.c: In function 'long int open_max()':
code/UNKNOWN/1/fd.c:23:58: error: 'err_sys' was not declared in this scope
compile err
***UNKNOWN 1_______________________________
code/UNKNOWN/1/fd.c: In function 'long int open_max()':
code/UNKNOWN/1/fd.c:23:58: error: 'err_sys' was not declared in this scope
compile err
***UNKNOWN 1_______________________________
code/UNKNOWN/1/fd.c: In function 'long int open_max()':
code/UNKNOWN/1/fd.c:23:58: error: 'err_sys' was not declared in this scope
compile err
***UNKNOWN 1_______________________________
illegal file

***Syntax_Error 3_______________________________
chown: invalid user: `terminal:terminal'
run time error
***Syntax_Error 3_______________________________
chown: invalid user: `terminal:terminal'
run time error
***dead_coders 4_______________________________
chown: invalid user: `terminal:terminal'
Execution Time:1.37662
wrong

***kitne_aadmi_the 2_______________________________
chown: invalid user: `terminal:terminal'

***SIGSEGV 4_______________________________
time excd
chown: invalid user: `terminal:terminal'
Execution Time:1.64703
wrong

***wingies 6_______________________________
code/wingies/6/aks.c: In function 'int count(int*, int, int)':
code/wingies/6/aks.c:15:16: error: 'bfirst' was not declared in this scope
code/wingies/6/aks.c:16:19: error: 'blast' was not declared in this scope
code/wingies/6/aks.c: In function 'void q(int*, int, int)':
code/wingies/6/aks.c:77:13: error: 'part' was not declared in this scope
code/wingies/6/aks.c: In function 'int main()':
code/wingies/6/aks.c:118:21: warning: format '%lld' expects argument of type 'long long int*', but argument 2 has type 'int*' [-Wformat]
compile err
***silent_assassins 4_______________________________
chown: invalid user: `terminal:terminal'
time excd

***Chainz 8_______________________________
chown: invalid user: `terminal:terminal'
Execution Time:0.166992
wrong

***kitne_aadmi_the 2_______________________________
chown: invalid user: `terminal:terminal'
time excd

***system 1_______________________________
chown: invalid user: `terminal:terminal'
Execution Time:0.022779
wrong

***Dynamic_Coders 8_______________________________
chown: invalid user: `terminal:terminal'
Execution Time:0.217681
wrong

***No_Match_Found 5_______________________________
/tmp/ccVwvyWj.o: In function `main':
5.cpp:(.text+0xde): warning: the `gets' function is dangerous and should not be used.
chown: invalid user: `terminal:terminal'
Execution Time:0.051056
wrong

***spd 4_______________________________
code/spd/4/i4.c: In function 'int main()':
code/spd/4/i4.c:40:19: warning: format '%d' expects argument of type 'int', but argument 2 has type 'long int' [-Wformat]
chown: invalid user: `terminal:terminal'
run time error
***chasers 1_______________________________
/usr/lib/gcc/i686-linux-gnu/4.6/../../../i386-linux-gnu/crt1.o: In function `_start':
(.text+0x18): undefined reference to `main'
collect2: ld returned 1 exit status
compile err
***code_it 2_______________________________
chown: invalid user: `terminal:terminal'
time excd

***worst_coder 4_______________________________
chown: invalid user: `terminal:terminal'
Execution Time:0.210339
wrong

***wingies 6_______________________________
code/wingies/6/aks.c: In function 'int count(long long int*, int, long long int)':
code/wingies/6/aks.c:15:16: error: 'bfirst' was not declared in this scope
code/wingies/6/aks.c:16:19: error: 'blast' was not declared in this scope
code/wingies/6/aks.c: In function 'void q(long long int*, int, int)':
code/wingies/6/aks.c:77:13: error: 'part' was not declared in this scope
code/wingies/6/aks.c: In function 'int main()':
code/wingies/6/aks.c:142:22: warning: format '%d' expects argument of type 'int', but argument 2 has type 'long long int' [-Wformat]
compile err
***haybale 3_______________________________
chown: invalid user: `terminal:terminal'
time excd

***system 1_______________________________
chown: invalid user: `terminal:terminal'
Execution Time:0.005166
wrong

***genetic1 2_______________________________
chown: invalid user: `terminal:terminal'

***goblins 3_______________________________
chown: invalid user: `terminal:terminal'
Execution Time:0.050704
Execution Time:0.880881
wrong
wrong

***chasers 7_______________________________
chown: invalid user: `terminal:terminal'

***No_Match_Found 5_______________________________
/tmp/cc88OA6m.o: In function `main':
5.cpp:(.text+0xde): warning: the `gets' function is dangerous and should not be used.
chown: invalid user: `terminal:terminal'
Execution Time:0.104362
righttime excd

***kitne_aadmi_the 1_______________________________
chown: invalid user: `terminal:terminal'
run time error
***Blue_Devils 4_______________________________
chown: invalid user: `terminal:terminal'
Execution Time:1.31475
wrong

***winners 4_______________________________
chown: invalid user: `terminal:terminal'
Execution Time:1.35769
wrong

***wingies 6_______________________________
code/wingies/6/aks.c: In function 'int count(long long int*, int, long long int)':
code/wingies/6/aks.c:16:16: error: 'bfirst' was not declared in this scope
code/wingies/6/aks.c:17:19: error: 'blast' was not declared in this scope
code/wingies/6/aks.c: In function 'void q(long long int*, int, int)':
code/wingies/6/aks.c:78:13: error: 'part' was not declared in this scope
code/wingies/6/aks.c: In function 'int main()':
code/wingies/6/aks.c:143:22: warning: format '%d' expects argument of type 'int', but argument 2 has type 'long long int' [-Wformat]
compile err
***genetic1 2_______________________________
chown: invalid user: `terminal:terminal'
Execution Time:0.508488
wrong

***silent_assassins 4_______________________________
chown: invalid user: `terminal:terminal'
Execution Time:1.33668
wrong

***system 1_______________________________
chown: invalid user: `terminal:terminal'
Execution Time:0.00336
wrong

***SIGSEGV 4_______________________________
chown: invalid user: `terminal:terminal'

***worst_coder 4_______________________________
chown: invalid user: `terminal:terminal'
Execution Time:0.104066
wrong
Execution Time:1.53732
wrong

***Sodium 2_______________________________
chown: invalid user: `terminal:terminal'
time excd

***Blue_Devils 4_______________________________
chown: invalid user: `terminal:terminal'
Execution Time:1.32053
wrong

***Blue_Devils 4_______________________________
chown: invalid user: `terminal:terminal'
Execution Time:1.32199
wrong

***KanpurKcoders 4_______________________________
chown: invalid user: `terminal:terminal'

***wingies 6_______________________________
code/wingies/6/aks.c: In function 'void q(long long int*, int, int)':
code/wingies/6/aks.c:80:13: error: 'part' was not declared in this scope
code/wingies/6/aks.c: In function 'int main()':
code/wingies/6/aks.c:145:22: warning: format '%d' expects argument of type 'int', but argument 2 has type 'long long int' [-Wformat]
compile errExecution Time:1.25212
wrong

***winners 4_______________________________
code/winners/4/44.cpp: In function 'int main()':
code/winners/4/44.cpp:34:12: error: 'sum1' was not declared in this scope
compile err
***worst_coder 4_______________________________
chown: invalid user: `terminal:terminal'
Execution Time:0.117286
wrong

***worst_coder 4_______________________________
chown: invalid user: `terminal:terminal'
Execution Time:0.116015
wrong

***worst_coder 8_______________________________
chown: invalid user: `terminal:terminal'

***Blue_Devils 4_______________________________
chown: invalid user: `terminal:terminal'
time excd
Execution Time:1.19648
wrong

***winners 4_______________________________
chown: invalid user: `terminal:terminal'
Execution Time:0.00705
wrong

***Syntax_Error 3_______________________________
chown: invalid user: `terminal:terminal'
run time error
***worst_coder 8_______________________________
chown: invalid user: `terminal:terminal'

***assassins 4_______________________________
chown: invalid user: `terminal:terminal'
Execution Time:0.040784
wrong
time excd

***Blue_Devils 4_______________________________
chown: invalid user: `terminal:terminal'

***assassins 4_______________________________
time excd
chown: invalid user: `terminal:terminal'
Execution Time:0.014425
wrong

***winners 4_______________________________
chown: invalid user: `terminal:terminal'
Execution Time:0.006297
wrong

***wingies 6_______________________________
code/wingies/6/aks.c: In function 'int main()':
code/wingies/6/aks.c:148:22: warning: format '%d' expects argument of type 'int', but argument 2 has type 'long long int' [-Wformat]
chown: invalid user: `terminal:terminal'

***assassins 4_______________________________
chown: invalid user: `terminal:terminal'
Execution Time:0.028593
time excd
wrong

***admin 1_______________________________
chown: invalid user: `terminal:terminal'
Error open output file: Permission denied
execution error

***admin 1_______________________________
chown: invalid user: `terminal:terminal'
Execution Time:0.53567
right